[ 2016-09-03T14:29:08+08:00 ] ::1 /attendance/index.php/Background/Download/getCourse
INFO: [ app_init ] --START--
INFO: Run Behavior\BuildLiteBehavior [ RunTime:0.000011s ]
INFO: [ app_init ] --END-- [ RunTime:0.000673s ]
INFO: [ app_begin ] --START--
INFO: Run Behavior\ReadHtmlCacheBehavior [ RunTime:0.000674s ]
INFO: [ app_begin ] --END-- [ RunTime:0.000714s ]
SQL: SHOW COLUMNS FROM `kaoqin_course` [ RunTime:0.0049s ]
SQL: SHOW COLUMNS FROM `kaoqin_class_situtation` [ RunTime:0.0020s ]
SQL: SELECT * FROM `kaoqin_course` WHERE ( tid='123' )  [ RunTime:0.0027s ]
INFO: [ app_end ] --START--
INFO: Run Behavior\ShowPageTraceBehavior [ RunTime:0.000873s ]
INFO: [ app_end ] --END-- [ RunTime:0.000947s ]

[ 2016-09-03T14:29:39+08:00 ] ::1 /attendance/index.php/Background/Download/getCourse
INFO: [ app_init ] --START--
INFO: Run Behavior\BuildLiteBehavior [ RunTime:0.000009s ]
INFO: [ app_init ] --END-- [ RunTime:0.000374s ]
INFO: [ app_begin ] --START--
INFO: Run Behavior\ReadHtmlCacheBehavior [ RunTime:0.000587s ]
INFO: [ app_begin ] --END-- [ RunTime:0.000636s ]
SQL: SHOW COLUMNS FROM `kaoqin_course` [ RunTime:0.0055s ]
SQL: SHOW COLUMNS FROM `kaoqin_class_situtation` [ RunTime:0.0033s ]
SQL: SELECT * FROM `kaoqin_course` WHERE ( tid='123' )  [ RunTime:0.0005s ]
INFO: [ app_end ] --START--
INFO: Run Behavior\ShowPageTraceBehavior [ RunTime:0.000866s ]
INFO: [ app_end ] --END-- [ RunTime:0.000913s ]

[ 2016-09-03T14:29:51+08:00 ] ::1 /attendance/index.php/Background/Download/getCourse
INFO: [ app_init ] --START--
INFO: Run Behavior\BuildLiteBehavior [ RunTime:0.000010s ]
INFO: [ app_init ] --END-- [ RunTime:0.000473s ]
INFO: [ app_begin ] --START--
INFO: Run Behavior\ReadHtmlCacheBehavior [ RunTime:0.000557s ]
INFO: [ app_begin ] --END-- [ RunTime:0.000616s ]
SQL: SHOW COLUMNS FROM `kaoqin_course` [ RunTime:0.0026s ]
SQL: SHOW COLUMNS FROM `kaoqin_class_situtation` [ RunTime:0.0021s ]
SQL: SELECT * FROM `kaoqin_course` WHERE ( tid='123' )  [ RunTime:0.0004s ]
INFO: [ app_end ] --START--
INFO: Run Behavior\ShowPageTraceBehavior [ RunTime:0.000957s ]
INFO: [ app_end ] --END-- [ RunTime:0.001001s ]

[ 2016-09-03T14:29:56+08:00 ] ::1 /attendance/index.php/Background/Download/getCourse
INFO: [ app_init ] --START--
INFO: Run Behavior\BuildLiteBehavior [ RunTime:0.000011s ]
INFO: [ app_init ] --END-- [ RunTime:0.000524s ]
INFO: [ app_begin ] --START--
INFO: Run Behavior\ReadHtmlCacheBehavior [ RunTime:0.000590s ]
INFO: [ app_begin ] --END-- [ RunTime:0.000629s ]
SQL: SHOW COLUMNS FROM `kaoqin_course` [ RunTime:0.0034s ]
SQL: SHOW COLUMNS FROM `kaoqin_class_situtation` [ RunTime:0.0027s ]
SQL: SELECT * FROM `kaoqin_course` WHERE ( tid='123' )  [ RunTime:0.0004s ]
INFO: [ app_end ] --START--
INFO: Run Behavior\ShowPageTraceBehavior [ RunTime:0.000829s ]
INFO: [ app_end ] --END-- [ RunTime:0.000874s ]

[ 2016-09-03T14:30:50+08:00 ] ::1 /attendance/index.php/Background/Download/getCourse
INFO: [ app_init ] --START--
INFO: Run Behavior\BuildLiteBehavior [ RunTime:0.000019s ]
INFO: [ app_init ] --END-- [ RunTime:0.001269s ]
INFO: [ app_begin ] --START--
INFO: Run Behavior\ReadHtmlCacheBehavior [ RunTime:0.000689s ]
INFO: [ app_begin ] --END-- [ RunTime:0.000726s ]
SQL: SHOW COLUMNS FROM `kaoqin_course` [ RunTime:0.0024s ]
SQL: SHOW COLUMNS FROM `kaoqin_class_situtation` [ RunTime:0.0024s ]
SQL: SELECT * FROM `kaoqin_course` WHERE ( tid='12313' )  [ RunTime:0.0004s ]
SQL: SHOW COLUMNS FROM `kaoqin_student` [ RunTime:0.0017s ]
NOTIC: [8] Undefined index: mapping_order D:\www\Apache24\htdocs\attendance\ThinkPHP\Library\Think\Model\RelationModel.class.php 第 186 行.
NOTIC: [8] Undefined index: mapping_limit D:\www\Apache24\htdocs\attendance\ThinkPHP\Library\Think\Model\RelationModel.class.php 第 187 行.
SQL: SELECT b.* FROM kaoqin_Class_Situtation AS a, kaoqin_student AS b WHERE a.sid = b.sid AND a. cid='123' [ RunTime:0.0049s ]
NOTIC: [8] Undefined index: teacher D:\www\Apache24\htdocs\attendance\Application\Background\Controller\DownloadController.class.php 第 35 行.
NOTIC: [8] Undefined index: teacher D:\www\Apache24\htdocs\attendance\Application\Background\Controller\DownloadController.class.php 第 38 行.
SQL: SELECT COUNT(sid) AS tp_count FROM `kaoqin_class_situtation` WHERE ( cid='123' ) LIMIT 1   [ RunTime:0.0042s ]
INFO: [ app_end ] --START--
INFO: Run Behavior\ShowPageTraceBehavior [ RunTime:0.000748s ]
INFO: [ app_end ] --END-- [ RunTime:0.000789s ]

