[ 2016-08-30T20:32:34+08:00 ] ::1 /attendance/index.php/Background/Download/getMD5?tea_id=123
INFO: [ app_init ] --START--
INFO: Run Behavior\BuildLiteBehavior [ RunTime:0.000689s ]
INFO: [ app_init ] --END-- [ RunTime:0.002416s ]
INFO: [ app_begin ] --START--
INFO: Run Behavior\ReadHtmlCacheBehavior [ RunTime:0.002174s ]
INFO: [ app_begin ] --END-- [ RunTime:0.002241s ]
SQL: SHOW COLUMNS FROM `kaoqin_teacher` [ RunTime:0.1289s ]
SQL: SELECT * FROM `kaoqin_teacher` WHERE ( tid='' ) LIMIT 1   [ RunTime:0.0058s ]
ERR: 模板不存在:./Application/Background/View/Download/getMD5.html

[ 2016-08-30T20:34:39+08:00 ] ::1 /attendance/index.php/Background/Download/getAttendanceList?course_id=1234
INFO: [ app_init ] --START--
INFO: Run Behavior\BuildLiteBehavior [ RunTime:0.000010s ]
INFO: [ app_init ] --END-- [ RunTime:0.000551s ]
INFO: [ app_begin ] --START--
INFO: Run Behavior\ReadHtmlCacheBehavior [ RunTime:0.000811s ]
INFO: [ app_begin ] --END-- [ RunTime:0.000855s ]
SQL: SHOW COLUMNS FROM `kaoqin_course` [ RunTime:0.0161s ]
SQL: SELECT * FROM `kaoqin_course` WHERE ( cid='1234' ) LIMIT 1   [ RunTime:0.0034s ]
SQL: SHOW COLUMNS FROM `kaoqin_student` [ RunTime:0.0036s ]
NOTIC: [8] Undefined index: mapping_order D:\www\Apache24\htdocs\attendance\ThinkPHP\Library\Think\Model\RelationModel.class.php 第 186 行.
NOTIC: [8] Undefined index: mapping_limit D:\www\Apache24\htdocs\attendance\ThinkPHP\Library\Think\Model\RelationModel.class.php 第 187 行.
SQL: SELECT b.* FROM kaoqin_Class_Situtation AS a, kaoqin_student AS b WHERE a.sid = b.sid AND a. cid='1234' [ RunTime:0.0229s ]
INFO: [ app_end ] --START--
INFO: Run Behavior\ShowPageTraceBehavior [ RunTime:0.001210s ]
INFO: [ app_end ] --END-- [ RunTime:0.001256s ]

[ 2016-08-30T20:34:42+08:00 ] ::1 /attendance/index.php/Background/Download/getMD5?tea_id=123
INFO: [ app_init ] --START--
INFO: Run Behavior\BuildLiteBehavior [ RunTime:0.000013s ]
INFO: [ app_init ] --END-- [ RunTime:0.000629s ]
INFO: [ app_begin ] --START--
INFO: Run Behavior\ReadHtmlCacheBehavior [ RunTime:0.001235s ]
INFO: [ app_begin ] --END-- [ RunTime:0.001471s ]
SQL: SHOW COLUMNS FROM `kaoqin_teacher` [ RunTime:0.0019s ]
SQL: SELECT * FROM `kaoqin_teacher` WHERE ( tid='' ) LIMIT 1   [ RunTime:0.0004s ]
ERR: 模板不存在:./Application/Background/View/Download/getMD5.html

[ 2016-08-30T20:34:50+08:00 ] ::1 /attendance/index.php/Background/Download/getMD5?tea_id=123
INFO: [ app_init ] --START--
INFO: Run Behavior\BuildLiteBehavior [ RunTime:0.000009s ]
INFO: [ app_init ] --END-- [ RunTime:0.000507s ]
INFO: [ app_begin ] --START--
INFO: Run Behavior\ReadHtmlCacheBehavior [ RunTime:0.000601s ]
INFO: [ app_begin ] --END-- [ RunTime:0.000639s ]
SQL: SHOW COLUMNS FROM `kaoqin_teacher` [ RunTime:0.0050s ]
SQL: SELECT * FROM `kaoqin_teacher` WHERE ( tid='' ) LIMIT 1   [ RunTime:0.0004s ]
ERR: 模板不存在:./Application/Background/View/Download/getMD5.html

[ 2016-08-30T20:34:56+08:00 ] ::1 /attendance/index.php/Background/Download/getMD5
INFO: [ app_init ] --START--
INFO: Run Behavior\BuildLiteBehavior [ RunTime:0.000009s ]
INFO: [ app_init ] --END-- [ RunTime:0.000396s ]
INFO: [ app_begin ] --START--
INFO: Run Behavior\ReadHtmlCacheBehavior [ RunTime:0.000464s ]
INFO: [ app_begin ] --END-- [ RunTime:0.000500s ]
SQL: SHOW COLUMNS FROM `kaoqin_teacher` [ RunTime:0.0031s ]
SQL: SELECT * FROM `kaoqin_teacher` WHERE ( tid='' ) LIMIT 1   [ RunTime:0.0004s ]
ERR: 模板不存在:./Application/Background/View/Download/getMD5.html

[ 2016-08-30T20:35:55+08:00 ] ::1 /attendance/index.php/Background/Download/getMD5
INFO: [ app_init ] --START--
INFO: Run Behavior\BuildLiteBehavior [ RunTime:0.000011s ]
INFO: [ app_init ] --END-- [ RunTime:0.000520s ]
INFO: [ app_begin ] --START--
INFO: Run Behavior\ReadHtmlCacheBehavior [ RunTime:0.000565s ]
INFO: [ app_begin ] --END-- [ RunTime:0.000610s ]
SQL: SHOW COLUMNS FROM `kaoqin_teacher` [ RunTime:0.0023s ]
SQL: SELECT * FROM `kaoqin_teacher` WHERE ( tid='' ) LIMIT 1   [ RunTime:0.0005s ]
ERR: 模板不存在:./Application/Background/View/Download/getMD5.html

[ 2016-08-30T20:35:56+08:00 ] ::1 /attendance/index.php/Background/Download/getMD5
INFO: [ app_init ] --START--
INFO: Run Behavior\BuildLiteBehavior [ RunTime:0.000009s ]
INFO: [ app_init ] --END-- [ RunTime:0.000399s ]
INFO: [ app_begin ] --START--
INFO: Run Behavior\ReadHtmlCacheBehavior [ RunTime:0.000469s ]
INFO: [ app_begin ] --END-- [ RunTime:0.000504s ]
SQL: SHOW COLUMNS FROM `kaoqin_teacher` [ RunTime:0.0018s ]
SQL: SELECT * FROM `kaoqin_teacher` WHERE ( tid='' ) LIMIT 1   [ RunTime:0.0003s ]
ERR: 模板不存在:./Application/Background/View/Download/getMD5.html

[ 2016-08-30T20:35:56+08:00 ] ::1 /attendance/index.php/Background/Download/getMD5
INFO: [ app_init ] --START--
INFO: Run Behavior\BuildLiteBehavior [ RunTime:0.000012s ]
INFO: [ app_init ] --END-- [ RunTime:0.000512s ]
INFO: [ app_begin ] --START--
INFO: Run Behavior\ReadHtmlCacheBehavior [ RunTime:0.000495s ]
INFO: [ app_begin ] --END-- [ RunTime:0.000535s ]
SQL: SHOW COLUMNS FROM `kaoqin_teacher` [ RunTime:0.0028s ]
SQL: SELECT * FROM `kaoqin_teacher` WHERE ( tid='' ) LIMIT 1   [ RunTime:0.0005s ]
ERR: 模板不存在:./Application/Background/View/Download/getMD5.html

[ 2016-08-30T20:35:56+08:00 ] ::1 /attendance/index.php/Background/Download/getMD5
INFO: [ app_init ] --START--
INFO: Run Behavior\BuildLiteBehavior [ RunTime:0.000015s ]
INFO: [ app_init ] --END-- [ RunTime:0.000537s ]
INFO: [ app_begin ] --START--
INFO: Run Behavior\ReadHtmlCacheBehavior [ RunTime:0.001225s ]
INFO: [ app_begin ] --END-- [ RunTime:0.001305s ]
SQL: SHOW COLUMNS FROM `kaoqin_teacher` [ RunTime:0.0019s ]
SQL: SELECT * FROM `kaoqin_teacher` WHERE ( tid='' ) LIMIT 1   [ RunTime:0.0003s ]
ERR: 模板不存在:./Application/Background/View/Download/getMD5.html

[ 2016-08-30T20:35:56+08:00 ] ::1 /attendance/index.php/Background/Download/getMD5
INFO: [ app_init ] --START--
INFO: Run Behavior\BuildLiteBehavior [ RunTime:0.000010s ]
INFO: [ app_init ] --END-- [ RunTime:0.000381s ]
INFO: [ app_begin ] --START--
INFO: Run Behavior\ReadHtmlCacheBehavior [ RunTime:0.000459s ]
INFO: [ app_begin ] --END-- [ RunTime:0.000494s ]
SQL: SHOW COLUMNS FROM `kaoqin_teacher` [ RunTime:0.0057s ]
SQL: SELECT * FROM `kaoqin_teacher` WHERE ( tid='' ) LIMIT 1   [ RunTime:0.0004s ]
ERR: 模板不存在:./Application/Background/View/Download/getMD5.html

[ 2016-08-30T20:35:57+08:00 ] ::1 /attendance/index.php/Background/Download/getMD5
INFO: [ app_init ] --START--
INFO: Run Behavior\BuildLiteBehavior [ RunTime:0.000011s ]
INFO: [ app_init ] --END-- [ RunTime:0.000533s ]
INFO: [ app_begin ] --START--
INFO: Run Behavior\ReadHtmlCacheBehavior [ RunTime:0.000658s ]
INFO: [ app_begin ] --END-- [ RunTime:0.000702s ]
SQL: SHOW COLUMNS FROM `kaoqin_teacher` [ RunTime:0.0037s ]
SQL: SELECT * FROM `kaoqin_teacher` WHERE ( tid='' ) LIMIT 1   [ RunTime:0.0004s ]
ERR: 模板不存在:./Application/Background/View/Download/getMD5.html

[ 2016-08-30T20:35:57+08:00 ] ::1 /attendance/index.php/Background/Download/getMD5
INFO: [ app_init ] --START--
INFO: Run Behavior\BuildLiteBehavior [ RunTime:0.000010s ]
INFO: [ app_init ] --END-- [ RunTime:0.000531s ]
INFO: [ app_begin ] --START--
INFO: Run Behavior\ReadHtmlCacheBehavior [ RunTime:0.000602s ]
INFO: [ app_begin ] --END-- [ RunTime:0.000642s ]
SQL: SHOW COLUMNS FROM `kaoqin_teacher` [ RunTime:0.0025s ]
SQL: SELECT * FROM `kaoqin_teacher` WHERE ( tid='' ) LIMIT 1   [ RunTime:0.0007s ]
ERR: 模板不存在:./Application/Background/View/Download/getMD5.html

[ 2016-08-30T20:35:57+08:00 ] ::1 /attendance/index.php/Background/Download/getMD5
INFO: [ app_init ] --START--
INFO: Run Behavior\BuildLiteBehavior [ RunTime:0.000011s ]
INFO: [ app_init ] --END-- [ RunTime:0.000453s ]
INFO: [ app_begin ] --START--
INFO: Run Behavior\ReadHtmlCacheBehavior [ RunTime:0.000590s ]
INFO: [ app_begin ] --END-- [ RunTime:0.000643s ]
SQL: SHOW COLUMNS FROM `kaoqin_teacher` [ RunTime:0.0027s ]
SQL: SELECT * FROM `kaoqin_teacher` WHERE ( tid='' ) LIMIT 1   [ RunTime:0.0003s ]
ERR: 模板不存在:./Application/Background/View/Download/getMD5.html

[ 2016-08-30T20:36:04+08:00 ] ::1 /attendance/index.php/Background/Download/getAttendanceList
INFO: [ app_init ] --START--
INFO: Run Behavior\BuildLiteBehavior [ RunTime:0.000011s ]
INFO: [ app_init ] --END-- [ RunTime:0.000397s ]
INFO: [ app_begin ] --START--
INFO: Run Behavior\ReadHtmlCacheBehavior [ RunTime:0.000483s ]
INFO: [ app_begin ] --END-- [ RunTime:0.000517s ]
SQL: SHOW COLUMNS FROM `kaoqin_course` [ RunTime:0.0022s ]
SQL: SELECT * FROM `kaoqin_course` WHERE ( cid='123' ) LIMIT 1   [ RunTime:0.0003s ]
SQL: SHOW COLUMNS FROM `kaoqin_student` [ RunTime:0.0017s ]
NOTIC: [8] Undefined index: mapping_order D:\www\Apache24\htdocs\attendance\ThinkPHP\Library\Think\Model\RelationModel.class.php 第 186 行.
NOTIC: [8] Undefined index: mapping_limit D:\www\Apache24\htdocs\attendance\ThinkPHP\Library\Think\Model\RelationModel.class.php 第 187 行.
SQL: SELECT b.* FROM kaoqin_Class_Situtation AS a, kaoqin_student AS b WHERE a.sid = b.sid AND a. cid='123' [ RunTime:0.0021s ]
INFO: [ app_end ] --START--
INFO: Run Behavior\ShowPageTraceBehavior [ RunTime:0.000701s ]
INFO: [ app_end ] --END-- [ RunTime:0.000738s ]

[ 2016-08-30T20:36:06+08:00 ] ::1 /attendance/index.php/Background/Download/getMD5
INFO: [ app_init ] --START--
INFO: Run Behavior\BuildLiteBehavior [ RunTime:0.000012s ]
INFO: [ app_init ] --END-- [ RunTime:0.000462s ]
INFO: [ app_begin ] --START--
INFO: Run Behavior\ReadHtmlCacheBehavior [ RunTime:0.000560s ]
INFO: [ app_begin ] --END-- [ RunTime:0.000606s ]
SQL: SHOW COLUMNS FROM `kaoqin_teacher` [ RunTime:0.0029s ]
SQL: SELECT * FROM `kaoqin_teacher` WHERE ( tid='' ) LIMIT 1   [ RunTime:0.0004s ]
ERR: 模板不存在:./Application/Background/View/Download/getMD5.html

[ 2016-08-30T20:36:14+08:00 ] ::1 /attendance/index.php/Background/Download/getCourse
INFO: [ app_init ] --START--
INFO: Run Behavior\BuildLiteBehavior [ RunTime:0.000009s ]
INFO: [ app_init ] --END-- [ RunTime:0.000393s ]
INFO: [ app_begin ] --START--
INFO: Run Behavior\ReadHtmlCacheBehavior [ RunTime:0.000490s ]
INFO: [ app_begin ] --END-- [ RunTime:0.000537s ]
SQL: SHOW COLUMNS FROM `kaoqin_course` [ RunTime:0.0027s ]
SQL: SHOW COLUMNS FROM `kaoqin_class_situtation` [ RunTime:0.0018s ]
SQL: SELECT * FROM `kaoqin_course` WHERE ( tid='' )  [ RunTime:0.0003s ]
INFO: [ app_end ] --START--
INFO: Run Behavior\ShowPageTraceBehavior [ RunTime:0.000582s ]
INFO: [ app_end ] --END-- [ RunTime:0.000615s ]

[ 2016-08-30T20:36:16+08:00 ] ::1 /attendance/index.php/Background/Download/getMD5
INFO: [ app_init ] --START--
INFO: Run Behavior\BuildLiteBehavior [ RunTime:0.000009s ]
INFO: [ app_init ] --END-- [ RunTime:0.000372s ]
INFO: [ app_begin ] --START--
INFO: Run Behavior\ReadHtmlCacheBehavior [ RunTime:0.000511s ]
INFO: [ app_begin ] --END-- [ RunTime:0.000548s ]
SQL: SHOW COLUMNS FROM `kaoqin_teacher` [ RunTime:0.0037s ]
SQL: SELECT * FROM `kaoqin_teacher` WHERE ( tid='' ) LIMIT 1   [ RunTime:0.0003s ]
ERR: 模板不存在:./Application/Background/View/Download/getMD5.html

[ 2016-08-30T20:36:31+08:00 ] ::1 /attendance/index.php/Background/Download/getMD5
INFO: [ app_init ] --START--
INFO: Run Behavior\BuildLiteBehavior [ RunTime:0.000010s ]
INFO: [ app_init ] --END-- [ RunTime:0.000415s ]
INFO: [ app_begin ] --START--
INFO: Run Behavior\ReadHtmlCacheBehavior [ RunTime:0.000475s ]
INFO: [ app_begin ] --END-- [ RunTime:0.000510s ]
SQL: SHOW COLUMNS FROM `kaoqin_teacher` [ RunTime:0.0024s ]
SQL: SELECT * FROM `kaoqin_teacher` WHERE ( tid='' ) LIMIT 1   [ RunTime:0.0008s ]
ERR: 模板不存在:./Application/Background/View/Download/getMD5.html

[ 2016-08-30T20:36:34+08:00 ] ::1 /attendance/index.php/Background/Download/getMD5
INFO: [ app_init ] --START--
INFO: Run Behavior\BuildLiteBehavior [ RunTime:0.000008s ]
INFO: [ app_init ] --END-- [ RunTime:0.000400s ]
INFO: [ app_begin ] --START--
INFO: Run Behavior\ReadHtmlCacheBehavior [ RunTime:0.000464s ]
INFO: [ app_begin ] --END-- [ RunTime:0.000500s ]
SQL: SHOW COLUMNS FROM `kaoqin_teacher` [ RunTime:0.0006s ]
SQL: SELECT * FROM `kaoqin_teacher` WHERE ( tid='' ) LIMIT 1   [ RunTime:0.0003s ]
ERR: 模板不存在:./Application/Background/View/Download/getMD5.html

[ 2016-08-30T20:37:43+08:00 ] ::1 /attendance/index.php/Background/Download/getMD5
INFO: [ app_init ] --START--
INFO: Run Behavior\BuildLiteBehavior [ RunTime:0.000152s ]
INFO: [ app_init ] --END-- [ RunTime:0.001079s ]
INFO: [ app_begin ] --START--
INFO: Run Behavior\ReadHtmlCacheBehavior [ RunTime:0.000673s ]
INFO: [ app_begin ] --END-- [ RunTime:0.000717s ]
SQL: SHOW COLUMNS FROM `kaoqin_teacher` [ RunTime:0.0006s ]
SQL: SELECT * FROM `kaoqin_teacher` WHERE ( tid='' ) LIMIT 1   [ RunTime:0.0003s ]
ERR: 模板不存在:./Application/Background/View/Download/getMD5.html

[ 2016-08-30T20:37:45+08:00 ] ::1 /attendance/index.php/Background/Download/getMD5
INFO: [ app_init ] --START--
INFO: Run Behavior\BuildLiteBehavior [ RunTime:0.000010s ]
INFO: [ app_init ] --END-- [ RunTime:0.000394s ]
INFO: [ app_begin ] --START--
INFO: Run Behavior\ReadHtmlCacheBehavior [ RunTime:0.000462s ]
INFO: [ app_begin ] --END-- [ RunTime:0.000497s ]
SQL: SHOW COLUMNS FROM `kaoqin_teacher` [ RunTime:0.0011s ]
SQL: SELECT * FROM `kaoqin_teacher` WHERE ( tid='' ) LIMIT 1   [ RunTime:0.0004s ]
ERR: 模板不存在:./Application/Background/View/Download/getMD5.html

[ 2016-08-30T20:37:46+08:00 ] ::1 /attendance/index.php/Background/Download/getMD5
INFO: [ app_init ] --START--
INFO: Run Behavior\BuildLiteBehavior [ RunTime:0.000015s ]
INFO: [ app_init ] --END-- [ RunTime:0.000664s ]
INFO: [ app_begin ] --START--
INFO: Run Behavior\ReadHtmlCacheBehavior [ RunTime:0.000781s ]
INFO: [ app_begin ] --END-- [ RunTime:0.000844s ]
SQL: SHOW COLUMNS FROM `kaoqin_teacher` [ RunTime:0.0007s ]
SQL: SELECT * FROM `kaoqin_teacher` WHERE ( tid='' ) LIMIT 1   [ RunTime:0.0004s ]
ERR: 模板不存在:./Application/Background/View/Download/getMD5.html

[ 2016-08-30T20:37:46+08:00 ] ::1 /attendance/index.php/Background/Download/getMD5
INFO: [ app_init ] --START--
INFO: Run Behavior\BuildLiteBehavior [ RunTime:0.000016s ]
INFO: [ app_init ] --END-- [ RunTime:0.000955s ]
INFO: [ app_begin ] --START--
INFO: Run Behavior\ReadHtmlCacheBehavior [ RunTime:0.000511s ]
INFO: [ app_begin ] --END-- [ RunTime:0.000552s ]
SQL: SHOW COLUMNS FROM `kaoqin_teacher` [ RunTime:0.0007s ]
SQL: SELECT * FROM `kaoqin_teacher` WHERE ( tid='' ) LIMIT 1   [ RunTime:0.0008s ]
ERR: 模板不存在:./Application/Background/View/Download/getMD5.html

[ 2016-08-30T20:37:46+08:00 ] ::1 /attendance/index.php/Background/Download/getMD5
INFO: [ app_init ] --START--
INFO: Run Behavior\BuildLiteBehavior [ RunTime:0.000009s ]
INFO: [ app_init ] --END-- [ RunTime:0.000380s ]
INFO: [ app_begin ] --START--
INFO: Run Behavior\ReadHtmlCacheBehavior [ RunTime:0.000458s ]
INFO: [ app_begin ] --END-- [ RunTime:0.000494s ]
SQL: SHOW COLUMNS FROM `kaoqin_teacher` [ RunTime:0.0006s ]
SQL: SELECT * FROM `kaoqin_teacher` WHERE ( tid='' ) LIMIT 1   [ RunTime:0.0003s ]
ERR: 模板不存在:./Application/Background/View/Download/getMD5.html

[ 2016-08-30T20:37:46+08:00 ] ::1 /attendance/index.php/Background/Download/getMD5
INFO: [ app_init ] --START--
INFO: Run Behavior\BuildLiteBehavior [ RunTime:0.000009s ]
INFO: [ app_init ] --END-- [ RunTime:0.000383s ]
INFO: [ app_begin ] --START--
INFO: Run Behavior\ReadHtmlCacheBehavior [ RunTime:0.000467s ]
INFO: [ app_begin ] --END-- [ RunTime:0.000502s ]
SQL: SHOW COLUMNS FROM `kaoqin_teacher` [ RunTime:0.0009s ]
SQL: SELECT * FROM `kaoqin_teacher` WHERE ( tid='' ) LIMIT 1   [ RunTime:0.0005s ]
ERR: 模板不存在:./Application/Background/View/Download/getMD5.html

[ 2016-08-30T20:37:46+08:00 ] ::1 /attendance/index.php/Background/Download/getMD5
INFO: [ app_init ] --START--
INFO: Run Behavior\BuildLiteBehavior [ RunTime:0.000009s ]
INFO: [ app_init ] --END-- [ RunTime:0.000390s ]
INFO: [ app_begin ] --START--
INFO: Run Behavior\ReadHtmlCacheBehavior [ RunTime:0.000473s ]
INFO: [ app_begin ] --END-- [ RunTime:0.000508s ]
SQL: SHOW COLUMNS FROM `kaoqin_teacher` [ RunTime:0.0007s ]
SQL: SELECT * FROM `kaoqin_teacher` WHERE ( tid='' ) LIMIT 1   [ RunTime:0.0003s ]
ERR: 模板不存在:./Application/Background/View/Download/getMD5.html

[ 2016-08-30T20:37:47+08:00 ] ::1 /attendance/index.php/Background/Download/getMD5
INFO: [ app_init ] --START--
INFO: Run Behavior\BuildLiteBehavior [ RunTime:0.000008s ]
INFO: [ app_init ] --END-- [ RunTime:0.000401s ]
INFO: [ app_begin ] --START--
INFO: Run Behavior\ReadHtmlCacheBehavior [ RunTime:0.001594s ]
INFO: [ app_begin ] --END-- [ RunTime:0.001722s ]
SQL: SHOW COLUMNS FROM `kaoqin_teacher` [ RunTime:0.0008s ]
SQL: SELECT * FROM `kaoqin_teacher` WHERE ( tid='' ) LIMIT 1   [ RunTime:0.0004s ]
ERR: 模板不存在:./Application/Background/View/Download/getMD5.html

[ 2016-08-30T20:37:47+08:00 ] ::1 /attendance/index.php/Background/Download/getMD5
INFO: [ app_init ] --START--
INFO: Run Behavior\BuildLiteBehavior [ RunTime:0.000011s ]
INFO: [ app_init ] --END-- [ RunTime:0.000841s ]
INFO: [ app_begin ] --START--
INFO: Run Behavior\ReadHtmlCacheBehavior [ RunTime:0.000478s ]
INFO: [ app_begin ] --END-- [ RunTime:0.000511s ]
SQL: SHOW COLUMNS FROM `kaoqin_teacher` [ RunTime:0.0006s ]
SQL: SELECT * FROM `kaoqin_teacher` WHERE ( tid='' ) LIMIT 1   [ RunTime:0.0003s ]
ERR: 模板不存在:./Application/Background/View/Download/getMD5.html

[ 2016-08-30T20:37:47+08:00 ] ::1 /attendance/index.php/Background/Download/getMD5
INFO: [ app_init ] --START--
INFO: Run Behavior\BuildLiteBehavior [ RunTime:0.000010s ]
INFO: [ app_init ] --END-- [ RunTime:0.000403s ]
INFO: [ app_begin ] --START--
INFO: Run Behavior\ReadHtmlCacheBehavior [ RunTime:0.000474s ]
INFO: [ app_begin ] --END-- [ RunTime:0.000511s ]
SQL: SHOW COLUMNS FROM `kaoqin_teacher` [ RunTime:0.0013s ]
SQL: SELECT * FROM `kaoqin_teacher` WHERE ( tid='' ) LIMIT 1   [ RunTime:0.0004s ]
ERR: 模板不存在:./Application/Background/View/Download/getMD5.html

[ 2016-08-30T20:37:47+08:00 ] ::1 /attendance/index.php/Background/Download/getMD5
INFO: [ app_init ] --START--
INFO: Run Behavior\BuildLiteBehavior [ RunTime:0.000025s ]
INFO: [ app_init ] --END-- [ RunTime:0.000762s ]
INFO: [ app_begin ] --START--
INFO: Run Behavior\ReadHtmlCacheBehavior [ RunTime:0.000604s ]
INFO: [ app_begin ] --END-- [ RunTime:0.000675s ]
SQL: SHOW COLUMNS FROM `kaoqin_teacher` [ RunTime:0.0017s ]
SQL: SELECT * FROM `kaoqin_teacher` WHERE ( tid='' ) LIMIT 1   [ RunTime:0.0004s ]
ERR: 模板不存在:./Application/Background/View/Download/getMD5.html

[ 2016-08-30T20:39:52+08:00 ] ::1 /attendance/index.php/Background/Download/getMD5
INFO: [ app_init ] --START--
INFO: Run Behavior\BuildLiteBehavior [ RunTime:0.000018s ]
INFO: [ app_init ] --END-- [ RunTime:0.000713s ]
INFO: [ app_begin ] --START--
INFO: Run Behavior\ReadHtmlCacheBehavior [ RunTime:0.000875s ]
INFO: [ app_begin ] --END-- [ RunTime:0.000930s ]
SQL: SHOW COLUMNS FROM `kaoqin_teacher` [ RunTime:0.0047s ]
SQL: SELECT * FROM `kaoqin_teacher` WHERE ( tid='' ) LIMIT 1   [ RunTime:0.0006s ]
ERR: 模板不存在:./Application/Background/View/Download/getMD5.html

[ 2016-08-30T20:39:52+08:00 ] ::1 /attendance/index.php/Background/Download/getMD5
INFO: [ app_init ] --START--
INFO: Run Behavior\BuildLiteBehavior [ RunTime:0.000009s ]
INFO: [ app_init ] --END-- [ RunTime:0.000471s ]
INFO: [ app_begin ] --START--
INFO: Run Behavior\ReadHtmlCacheBehavior [ RunTime:0.000546s ]
INFO: [ app_begin ] --END-- [ RunTime:0.000581s ]
SQL: SHOW COLUMNS FROM `kaoqin_teacher` [ RunTime:0.0019s ]
SQL: SELECT * FROM `kaoqin_teacher` WHERE ( tid='' ) LIMIT 1   [ RunTime:0.0004s ]
ERR: 模板不存在:./Application/Background/View/Download/getMD5.html

[ 2016-08-30T20:39:52+08:00 ] ::1 /attendance/index.php/Background/Download/getMD5
INFO: [ app_init ] --START--
INFO: Run Behavior\BuildLiteBehavior [ RunTime:0.000015s ]
INFO: [ app_init ] --END-- [ RunTime:0.000507s ]
INFO: [ app_begin ] --START--
INFO: Run Behavior\ReadHtmlCacheBehavior [ RunTime:0.000679s ]
INFO: [ app_begin ] --END-- [ RunTime:0.000741s ]
SQL: SHOW COLUMNS FROM `kaoqin_teacher` [ RunTime:0.0008s ]
SQL: SELECT * FROM `kaoqin_teacher` WHERE ( tid='' ) LIMIT 1   [ RunTime:0.0003s ]
ERR: 模板不存在:./Application/Background/View/Download/getMD5.html

[ 2016-08-30T20:39:52+08:00 ] ::1 /attendance/index.php/Background/Download/getMD5
INFO: [ app_init ] --START--
INFO: Run Behavior\BuildLiteBehavior [ RunTime:0.000011s ]
INFO: [ app_init ] --END-- [ RunTime:0.000540s ]
INFO: [ app_begin ] --START--
INFO: Run Behavior\ReadHtmlCacheBehavior [ RunTime:0.000601s ]
INFO: [ app_begin ] --END-- [ RunTime:0.000640s ]
SQL: SHOW COLUMNS FROM `kaoqin_teacher` [ RunTime:0.0006s ]
SQL: SELECT * FROM `kaoqin_teacher` WHERE ( tid='' ) LIMIT 1   [ RunTime:0.0004s ]
ERR: 模板不存在:./Application/Background/View/Download/getMD5.html

[ 2016-08-30T20:40:32+08:00 ] ::1 /attendance/index.php/Background/Download/getMD5
INFO: [ app_init ] --START--
INFO: Run Behavior\BuildLiteBehavior [ RunTime:0.000020s ]
INFO: [ app_init ] --END-- [ RunTime:0.001945s ]
INFO: [ app_begin ] --START--
INFO: Run Behavior\ReadHtmlCacheBehavior [ RunTime:0.000691s ]
INFO: [ app_begin ] --END-- [ RunTime:0.000740s ]
SQL: SHOW COLUMNS FROM `kaoqin_teacher` [ RunTime:0.0012s ]
SQL: SELECT * FROM `kaoqin_teacher` WHERE ( tid='' ) LIMIT 1   [ RunTime:0.0005s ]
ERR: 模板不存在:./Application/Background/View/Download/getMD5.html

[ 2016-08-30T20:41:43+08:00 ] ::1 /attendance/index.php/Background/Download/getMD5
INFO: [ app_init ] --START--
INFO: Run Behavior\BuildLiteBehavior [ RunTime:0.000014s ]
INFO: [ app_init ] --END-- [ RunTime:0.000396s ]
INFO: [ app_begin ] --START--
INFO: Run Behavior\ReadHtmlCacheBehavior [ RunTime:0.000472s ]
INFO: [ app_begin ] --END-- [ RunTime:0.000509s ]
SQL: SHOW COLUMNS FROM `kaoqin_teacher` [ RunTime:0.0009s ]
SQL: SELECT * FROM `kaoqin_teacher` WHERE ( tid='' ) LIMIT 1   [ RunTime:0.0003s ]
INFO: [ app_end ] --START--
INFO: Run Behavior\ShowPageTraceBehavior [ RunTime:0.000772s ]
INFO: [ app_end ] --END-- [ RunTime:0.000811s ]

[ 2016-08-30T20:41:45+08:00 ] ::1 /attendance/index.php/Background/Download/getMD5?tea_id=123
INFO: [ app_init ] --START--
INFO: Run Behavior\BuildLiteBehavior [ RunTime:0.000009s ]
INFO: [ app_init ] --END-- [ RunTime:0.000499s ]
INFO: [ app_begin ] --START--
INFO: Run Behavior\ReadHtmlCacheBehavior [ RunTime:0.000605s ]
INFO: [ app_begin ] --END-- [ RunTime:0.000639s ]
SQL: SHOW COLUMNS FROM `kaoqin_teacher` [ RunTime:0.0007s ]
SQL: SELECT * FROM `kaoqin_teacher` WHERE ( tid='' ) LIMIT 1   [ RunTime:0.0004s ]
INFO: [ app_end ] --START--
INFO: Run Behavior\ShowPageTraceBehavior [ RunTime:0.000853s ]
INFO: [ app_end ] --END-- [ RunTime:0.000892s ]

[ 2016-08-30T20:41:55+08:00 ] ::1 /attendance/index.php/Background/Download/getMD5
INFO: [ app_init ] --START--
INFO: Run Behavior\BuildLiteBehavior [ RunTime:0.000009s ]
INFO: [ app_init ] --END-- [ RunTime:0.000414s ]
INFO: [ app_begin ] --START--
INFO: Run Behavior\ReadHtmlCacheBehavior [ RunTime:0.000467s ]
INFO: [ app_begin ] --END-- [ RunTime:0.000504s ]
SQL: SHOW COLUMNS FROM `kaoqin_teacher` [ RunTime:0.0006s ]
SQL: SELECT * FROM `kaoqin_teacher` WHERE ( tid='' ) LIMIT 1   [ RunTime:0.0003s ]
INFO: [ app_end ] --START--
INFO: Run Behavior\ShowPageTraceBehavior [ RunTime:0.000594s ]
INFO: [ app_end ] --END-- [ RunTime:0.000627s ]

[ 2016-08-30T20:43:42+08:00 ] ::1 /attendance/index.php/Background/Download/getMD5?tea_id=123
INFO: [ app_init ] --START--
INFO: Run Behavior\BuildLiteBehavior [ RunTime:0.000011s ]
INFO: [ app_init ] --END-- [ RunTime:0.000579s ]
INFO: [ app_begin ] --START--
INFO: Run Behavior\ReadHtmlCacheBehavior [ RunTime:0.000850s ]
INFO: [ app_begin ] --END-- [ RunTime:0.000906s ]
SQL: SHOW COLUMNS FROM `kaoqin_teacher` [ RunTime:0.0010s ]
SQL: SELECT * FROM `kaoqin_teacher` WHERE ( tid='' ) LIMIT 1   [ RunTime:0.0004s ]
ERR: 模板不存在:./Application/Background/View/Download/getMD5.html

[ 2016-08-30T20:43:53+08:00 ] ::1 /attendance/index.php/Background/Download/getMD5?tea_id=123
INFO: [ app_init ] --START--
INFO: Run Behavior\BuildLiteBehavior [ RunTime:0.000008s ]
INFO: [ app_init ] --END-- [ RunTime:0.000413s ]
INFO: [ app_begin ] --START--
INFO: Run Behavior\ReadHtmlCacheBehavior [ RunTime:0.000577s ]
INFO: [ app_begin ] --END-- [ RunTime:0.000616s ]
SQL: SHOW COLUMNS FROM `kaoqin_teacher` [ RunTime:0.0007s ]
SQL: SELECT * FROM `kaoqin_teacher` WHERE ( tid='' ) LIMIT 1   [ RunTime:0.0003s ]
ERR: 模板不存在:./Application/Background/View/Download/getMD5.html

[ 2016-08-30T20:43:54+08:00 ] ::1 /attendance/index.php/Background/Download/getMD5?tea_id=123
INFO: [ app_init ] --START--
INFO: Run Behavior\BuildLiteBehavior [ RunTime:0.000009s ]
INFO: [ app_init ] --END-- [ RunTime:0.000514s ]
INFO: [ app_begin ] --START--
INFO: Run Behavior\ReadHtmlCacheBehavior [ RunTime:0.000594s ]
INFO: [ app_begin ] --END-- [ RunTime:0.000633s ]
SQL: SHOW COLUMNS FROM `kaoqin_teacher` [ RunTime:0.0006s ]
SQL: SELECT * FROM `kaoqin_teacher` WHERE ( tid='' ) LIMIT 1   [ RunTime:0.0005s ]
ERR: 模板不存在:./Application/Background/View/Download/getMD5.html

[ 2016-08-30T20:43:54+08:00 ] ::1 /attendance/index.php/Background/Download/getMD5?tea_id=123
INFO: [ app_init ] --START--
INFO: Run Behavior\BuildLiteBehavior [ RunTime:0.000008s ]
INFO: [ app_init ] --END-- [ RunTime:0.000462s ]
INFO: [ app_begin ] --START--
INFO: Run Behavior\ReadHtmlCacheBehavior [ RunTime:0.000554s ]
INFO: [ app_begin ] --END-- [ RunTime:0.000587s ]
SQL: SHOW COLUMNS FROM `kaoqin_teacher` [ RunTime:0.0007s ]
SQL: SELECT * FROM `kaoqin_teacher` WHERE ( tid='' ) LIMIT 1   [ RunTime:0.0003s ]
ERR: 模板不存在:./Application/Background/View/Download/getMD5.html

[ 2016-08-30T20:44:42+08:00 ] ::1 /attendance/index.php/Background/Download/getMD5?tea_id=123
INFO: [ app_init ] --START--
INFO: Run Behavior\BuildLiteBehavior [ RunTime:0.000011s ]
INFO: [ app_init ] --END-- [ RunTime:0.000476s ]
INFO: [ app_begin ] --START--
INFO: Run Behavior\ReadHtmlCacheBehavior [ RunTime:0.000760s ]
INFO: [ app_begin ] --END-- [ RunTime:0.000809s ]
SQL: SHOW COLUMNS FROM `kaoqin_teacher` [ RunTime:0.0040s ]
SQL: SELECT * FROM `kaoqin_teacher` WHERE ( tid='' ) LIMIT 1   [ RunTime:0.0008s ]
ERR: 模板不存在:./Application/Background/View/Download/getMD5.html

[ 2016-08-30T20:45:41+08:00 ] ::1 /attendance/index.php/Background/Download/getMD5?tea_id=123
INFO: [ app_init ] --START--
INFO: Run Behavior\BuildLiteBehavior [ RunTime:0.000011s ]
INFO: [ app_init ] --END-- [ RunTime:0.000531s ]
INFO: [ app_begin ] --START--
INFO: Run Behavior\ReadHtmlCacheBehavior [ RunTime:0.000653s ]
INFO: [ app_begin ] --END-- [ RunTime:0.000695s ]
SQL: SHOW COLUMNS FROM `kaoqin_teacher` [ RunTime:0.0016s ]
SQL: SELECT * FROM `kaoqin_teacher` WHERE ( tid='' ) LIMIT 1   [ RunTime:0.0007s ]
INFO: [ app_end ] --START--
INFO: Run Behavior\ShowPageTraceBehavior [ RunTime:0.001598s ]
INFO: [ app_end ] --END-- [ RunTime:0.001675s ]

[ 2016-08-30T20:45:47+08:00 ] ::1 /attendance/index.php/Background/Download/getMD5?tea_id=123
INFO: [ app_init ] --START--
INFO: Run Behavior\BuildLiteBehavior [ RunTime:0.000009s ]
INFO: [ app_init ] --END-- [ RunTime:0.000382s ]
INFO: [ app_begin ] --START--
INFO: Run Behavior\ReadHtmlCacheBehavior [ RunTime:0.000461s ]
INFO: [ app_begin ] --END-- [ RunTime:0.000496s ]
SQL: SHOW COLUMNS FROM `kaoqin_teacher` [ RunTime:0.0007s ]
SQL: SELECT * FROM `kaoqin_teacher` WHERE ( tid='' ) LIMIT 1   [ RunTime:0.0005s ]
INFO: [ app_end ] --START--
INFO: Run Behavior\ShowPageTraceBehavior [ RunTime:0.000991s ]
INFO: [ app_end ] --END-- [ RunTime:0.001051s ]

[ 2016-08-30T20:45:53+08:00 ] ::1 /attendance/index.php/Background/Download/getMD5?tea_id=123
INFO: [ app_init ] --START--
INFO: Run Behavior\BuildLiteBehavior [ RunTime:0.000014s ]
INFO: [ app_init ] --END-- [ RunTime:0.000650s ]
INFO: [ app_begin ] --START--
INFO: Run Behavior\ReadHtmlCacheBehavior [ RunTime:0.000808s ]
INFO: [ app_begin ] --END-- [ RunTime:0.000870s ]
SQL: SHOW COLUMNS FROM `kaoqin_teacher` [ RunTime:0.0007s ]
SQL: SELECT * FROM `kaoqin_teacher` WHERE ( tid='' ) LIMIT 1   [ RunTime:0.0003s ]
INFO: [ app_end ] --START--
INFO: Run Behavior\ShowPageTraceBehavior [ RunTime:0.000647s ]
INFO: [ app_end ] --END-- [ RunTime:0.000684s ]

[ 2016-08-30T20:45:53+08:00 ] ::1 /attendance/index.php/Background/Download/getMD5?tea_id=123
INFO: [ app_init ] --START--
INFO: Run Behavior\BuildLiteBehavior [ RunTime:0.000009s ]
INFO: [ app_init ] --END-- [ RunTime:0.000384s ]
INFO: [ app_begin ] --START--
INFO: Run Behavior\ReadHtmlCacheBehavior [ RunTime:0.000462s ]
INFO: [ app_begin ] --END-- [ RunTime:0.000498s ]
SQL: SHOW COLUMNS FROM `kaoqin_teacher` [ RunTime:0.0009s ]
SQL: SELECT * FROM `kaoqin_teacher` WHERE ( tid='' ) LIMIT 1   [ RunTime:0.0003s ]
INFO: [ app_end ] --START--
INFO: Run Behavior\ShowPageTraceBehavior [ RunTime:0.000607s ]
INFO: [ app_end ] --END-- [ RunTime:0.000643s ]

[ 2016-08-30T20:45:53+08:00 ] ::1 /attendance/index.php/Background/Download/getMD5?tea_id=123
INFO: [ app_init ] --START--
INFO: Run Behavior\BuildLiteBehavior [ RunTime:0.000010s ]
INFO: [ app_init ] --END-- [ RunTime:0.000378s ]
INFO: [ app_begin ] --START--
INFO: Run Behavior\ReadHtmlCacheBehavior [ RunTime:0.000505s ]
INFO: [ app_begin ] --END-- [ RunTime:0.000547s ]
SQL: SHOW COLUMNS FROM `kaoqin_teacher` [ RunTime:0.0039s ]
SQL: SELECT * FROM `kaoqin_teacher` WHERE ( tid='' ) LIMIT 1   [ RunTime:0.0007s ]
INFO: [ app_end ] --START--
INFO: Run Behavior\ShowPageTraceBehavior [ RunTime:0.000621s ]
INFO: [ app_end ] --END-- [ RunTime:0.000656s ]

[ 2016-08-30T20:46:20+08:00 ] ::1 /attendance/index.php/Background/Download/getMD5?tea_id=123
INFO: [ app_init ] --START--
INFO: Run Behavior\BuildLiteBehavior [ RunTime:0.000016s ]
INFO: [ app_init ] --END-- [ RunTime:0.000699s ]
INFO: [ app_begin ] --START--
INFO: Run Behavior\ReadHtmlCacheBehavior [ RunTime:0.000505s ]
INFO: [ app_begin ] --END-- [ RunTime:0.000544s ]
SQL: SHOW COLUMNS FROM `kaoqin_teacher` [ RunTime:0.0007s ]
SQL: SELECT * FROM `kaoqin_teacher` WHERE ( tid='' ) LIMIT 1   [ RunTime:0.0003s ]
INFO: [ app_end ] --START--
INFO: Run Behavior\ShowPageTraceBehavior [ RunTime:0.000638s ]
INFO: [ app_end ] --END-- [ RunTime:0.000674s ]

[ 2016-08-30T20:47:13+08:00 ] ::1 /attendance/index.php/Background/Download/getMD5?tea_id=123
INFO: [ app_init ] --START--
INFO: Run Behavior\BuildLiteBehavior [ RunTime:0.000011s ]
INFO: [ app_init ] --END-- [ RunTime:0.000536s ]
INFO: [ app_begin ] --START--
INFO: Run Behavior\ReadHtmlCacheBehavior [ RunTime:0.001257s ]
INFO: [ app_begin ] --END-- [ RunTime:0.001344s ]
SQL: SHOW COLUMNS FROM `kaoqin_teacher` [ RunTime:0.0007s ]
SQL: SELECT * FROM `kaoqin_teacher` WHERE ( tid='' ) LIMIT 1   [ RunTime:0.0003s ]
INFO: [ app_end ] --START--
INFO: Run Behavior\ShowPageTraceBehavior [ RunTime:0.000741s ]
INFO: [ app_end ] --END-- [ RunTime:0.000777s ]

[ 2016-08-30T20:47:36+08:00 ] ::1 /attendance/index.php/Background/Download/getMD5?tea_id=123
INFO: [ app_init ] --START--
INFO: Run Behavior\BuildLiteBehavior [ RunTime:0.000013s ]
INFO: [ app_init ] --END-- [ RunTime:0.000594s ]
INFO: [ app_begin ] --START--
INFO: Run Behavior\ReadHtmlCacheBehavior [ RunTime:0.001951s ]
INFO: [ app_begin ] --END-- [ RunTime:0.002046s ]
SQL: SHOW COLUMNS FROM `kaoqin_teacher` [ RunTime:0.0023s ]
SQL: SELECT * FROM `kaoqin_teacher` WHERE ( tid='' ) LIMIT 1   [ RunTime:0.0009s ]
INFO: [ app_end ] --START--
INFO: Run Behavior\ShowPageTraceBehavior [ RunTime:0.001170s ]
INFO: [ app_end ] --END-- [ RunTime:0.001244s ]

