[ 2016-08-18T14:51:35+08:00 ] ::1 /attendance/index.php/Background/Download/getMD5?tea_id=123
INFO: [ app_init ] --START--
INFO: Run Behavior\BuildLiteBehavior [ RunTime:0.000011s ]
INFO: [ app_init ] --END-- [ RunTime:0.000424s ]
INFO: [ app_begin ] --START--
INFO: Run Behavior\ReadHtmlCacheBehavior [ RunTime:0.000575s ]
INFO: [ app_begin ] --END-- [ RunTime:0.000616s ]
SQL: SHOW COLUMNS FROM `kaoqin_teacher` [ RunTime:0.0027s ]
SQL: SELECT * FROM `kaoqin_teacher` WHERE ( tid='123' ) LIMIT 1   [ RunTime:0.0013s ]
INFO: [ view_parse ] --START--
INFO: [ template_filter ] --START--
INFO: Run Behavior\ContentReplaceBehavior [ RunTime:0.000031s ]
INFO: [ template_filter ] --END-- [ RunTime:0.000087s ]
INFO: Run Behavior\ParseTemplateBehavior [ RunTime:0.005833s ]
INFO: [ view_parse ] --END-- [ RunTime:0.005881s ]
INFO: [ view_filter ] --START--
INFO: Run Behavior\WriteHtmlCacheBehavior [ RunTime:0.000511s ]
INFO: [ view_filter ] --END-- [ RunTime:0.000543s ]
INFO: [ app_end ] --START--
INFO: Run Behavior\ShowPageTraceBehavior [ RunTime:0.000698s ]
INFO: [ app_end ] --END-- [ RunTime:0.000730s ]

[ 2016-08-18T16:30:43+08:00 ] ::1 /attendance/index.php/Background/Download/getAttendanceList?tea_id=123
INFO: [ app_init ] --START--
INFO: Run Behavior\BuildLiteBehavior [ RunTime:0.000010s ]
INFO: [ app_init ] --END-- [ RunTime:0.000925s ]
INFO: [ app_begin ] --START--
INFO: Run Behavior\ReadHtmlCacheBehavior [ RunTime:0.001013s ]
INFO: [ app_begin ] --END-- [ RunTime:0.001057s ]
SQL: SHOW COLUMNS FROM `kaoqin_course` [ RunTime:0.0075s ]
ERR: Think\Model:relation方法不存在！

[ 2016-08-18T16:30:46+08:00 ] ::1 /attendance/index.php/Background/Download/getAttendanceList
INFO: [ app_init ] --START--
INFO: Run Behavior\BuildLiteBehavior [ RunTime:0.000012s ]
INFO: [ app_init ] --END-- [ RunTime:0.000453s ]
INFO: [ app_begin ] --START--
INFO: Run Behavior\ReadHtmlCacheBehavior [ RunTime:0.000669s ]
INFO: [ app_begin ] --END-- [ RunTime:0.000720s ]
SQL: SHOW COLUMNS FROM `kaoqin_course` [ RunTime:0.0027s ]
ERR: Think\Model:relation方法不存在！

[ 2016-08-18T16:31:58+08:00 ] ::1 /attendance/index.php/Background/Download/getAttendanceList
INFO: [ app_init ] --START--
INFO: Run Behavior\BuildLiteBehavior [ RunTime:0.000009s ]
INFO: [ app_init ] --END-- [ RunTime:0.000622s ]
INFO: [ app_begin ] --START--
INFO: Run Behavior\ReadHtmlCacheBehavior [ RunTime:0.000978s ]
INFO: [ app_begin ] --END-- [ RunTime:0.001025s ]
SQL: SHOW COLUMNS FROM `kaoqin_course` [ RunTime:0.0022s ]
SQL: SELECT * FROM `kaoqin_course`  [ RunTime:0.0005s ]
SQL: SHOW COLUMNS FROM `kaoqin_teacher` [ RunTime:0.0022s ]
SQL: SELECT * FROM `kaoqin_teacher` WHERE ( 1=1 AND tid='12313' ) LIMIT 1   [ RunTime:0.0012s ]
SQL: SHOW COLUMNS FROM `kaoqin_class_situtation` [ RunTime:0.0038s ]
SQL: SELECT `sid` FROM `kaoqin_class_situtation` WHERE ( 1=1 AND cid='123' )  [ RunTime:0.0005s ]
SQL: SELECT * FROM `kaoqin_teacher` WHERE ( 1=1 AND tid='' ) LIMIT 1   [ RunTime:0.0003s ]
SQL: SELECT `sid` FROM `kaoqin_class_situtation` WHERE ( 1=1 AND cid='1234' )  [ RunTime:0.0003s ]
INFO: [ app_end ] --START--
INFO: Run Behavior\ShowPageTraceBehavior [ RunTime:0.001211s ]
INFO: [ app_end ] --END-- [ RunTime:0.001257s ]

[ 2016-08-18T16:33:29+08:00 ] ::1 /attendance/index.php/Background/Download/getAttendanceList
INFO: [ app_init ] --START--
INFO: Run Behavior\BuildLiteBehavior [ RunTime:0.000023s ]
INFO: [ app_init ] --END-- [ RunTime:0.000771s ]
INFO: [ app_begin ] --START--
INFO: Run Behavior\ReadHtmlCacheBehavior [ RunTime:0.001037s ]
INFO: [ app_begin ] --END-- [ RunTime:0.001117s ]
SQL: SHOW COLUMNS FROM `kaoqin_course` [ RunTime:0.0012s ]
SQL: SELECT * FROM `kaoqin_course`  [ RunTime:0.0005s ]
SQL: SHOW COLUMNS FROM `kaoqin_teacher` [ RunTime:0.0014s ]
SQL: SELECT * FROM `kaoqin_teacher` WHERE ( 1=1 AND tid='12313' ) LIMIT 1   [ RunTime:0.0006s ]
SQL: SHOW COLUMNS FROM `kaoqin_class_situtation` [ RunTime:0.0011s ]
SQL: SELECT `sid` FROM `kaoqin_class_situtation` WHERE ( 1=1 AND sid='123' )  [ RunTime:0.0039s ]
SQL: SELECT * FROM `kaoqin_teacher` WHERE ( 1=1 AND tid='' ) LIMIT 1   [ RunTime:0.0003s ]
SQL: SELECT `sid` FROM `kaoqin_class_situtation` WHERE ( 1=1 AND sid='1234' )  [ RunTime:0.0003s ]
INFO: [ app_end ] --START--
INFO: Run Behavior\ShowPageTraceBehavior [ RunTime:0.000808s ]
INFO: [ app_end ] --END-- [ RunTime:0.000859s ]

[ 2016-08-18T16:34:46+08:00 ] ::1 /attendance/index.php/Background/Download/getAttendanceList
INFO: [ app_init ] --START--
INFO: Run Behavior\BuildLiteBehavior [ RunTime:0.000011s ]
INFO: [ app_init ] --END-- [ RunTime:0.000458s ]
INFO: [ app_begin ] --START--
INFO: Run Behavior\ReadHtmlCacheBehavior [ RunTime:0.000610s ]
INFO: [ app_begin ] --END-- [ RunTime:0.000650s ]
SQL: SHOW COLUMNS FROM `kaoqin_course` [ RunTime:0.0034s ]
SQL: SELECT * FROM `kaoqin_course` WHERE ( cid='123' ) LIMIT 1   [ RunTime:0.0003s ]
SQL: SHOW COLUMNS FROM `kaoqin_teacher` [ RunTime:0.0007s ]
SQL: SELECT * FROM `kaoqin_teacher` WHERE ( 1=1 AND tid='12313' ) LIMIT 1   [ RunTime:0.0008s ]
SQL: SHOW COLUMNS FROM `kaoqin_class_situtation` [ RunTime:0.0026s ]
SQL: SELECT `sid` FROM `kaoqin_class_situtation` WHERE ( 1=1 AND sid='123' )  [ RunTime:0.0004s ]
INFO: [ app_end ] --START--
INFO: Run Behavior\ShowPageTraceBehavior [ RunTime:0.000690s ]
INFO: [ app_end ] --END-- [ RunTime:0.000726s ]

[ 2016-08-18T16:39:25+08:00 ] ::1 /attendance/index.php/Background/Download/getAttendanceList
INFO: [ app_init ] --START--
INFO: Run Behavior\BuildLiteBehavior [ RunTime:0.000008s ]
INFO: [ app_init ] --END-- [ RunTime:0.000415s ]
INFO: [ app_begin ] --START--
INFO: Run Behavior\ReadHtmlCacheBehavior [ RunTime:0.000590s ]
INFO: [ app_begin ] --END-- [ RunTime:0.000633s ]
SQL: SHOW COLUMNS FROM `kaoqin_course` [ RunTime:0.0028s ]
SQL: SELECT * FROM `kaoqin_course` WHERE ( cid='123' )  [ RunTime:0.0007s ]
SQL: SHOW COLUMNS FROM `kaoqin_teacher` [ RunTime:0.0027s ]
SQL: SELECT * FROM `kaoqin_teacher` WHERE ( 1=1 AND tid='12313' ) LIMIT 1   [ RunTime:0.0004s ]
SQL: SHOW COLUMNS FROM `kaoqin_class_situtation` [ RunTime:0.0019s ]
SQL: SELECT `sid` FROM `kaoqin_class_situtation` WHERE ( 1=1 AND sid='123' )  [ RunTime:0.0003s ]
INFO: [ app_end ] --START--
INFO: Run Behavior\ShowPageTraceBehavior [ RunTime:0.000863s ]
INFO: [ app_end ] --END-- [ RunTime:0.000904s ]

[ 2016-08-18T16:39:26+08:00 ] ::1 /attendance/index.php/Background/Download/getAttendanceList
INFO: [ app_init ] --START--
INFO: Run Behavior\BuildLiteBehavior [ RunTime:0.000014s ]
INFO: [ app_init ] --END-- [ RunTime:0.000569s ]
INFO: [ app_begin ] --START--
INFO: Run Behavior\ReadHtmlCacheBehavior [ RunTime:0.000722s ]
INFO: [ app_begin ] --END-- [ RunTime:0.000778s ]
SQL: SHOW COLUMNS FROM `kaoqin_course` [ RunTime:0.0060s ]
SQL: SELECT * FROM `kaoqin_course` WHERE ( cid='123' )  [ RunTime:0.0011s ]
SQL: SHOW COLUMNS FROM `kaoqin_teacher` [ RunTime:0.0024s ]
SQL: SELECT * FROM `kaoqin_teacher` WHERE ( 1=1 AND tid='12313' ) LIMIT 1   [ RunTime:0.0004s ]
SQL: SHOW COLUMNS FROM `kaoqin_class_situtation` [ RunTime:0.0027s ]
SQL: SELECT `sid` FROM `kaoqin_class_situtation` WHERE ( 1=1 AND sid='123' )  [ RunTime:0.0003s ]
INFO: [ app_end ] --START--
INFO: Run Behavior\ShowPageTraceBehavior [ RunTime:0.000608s ]
INFO: [ app_end ] --END-- [ RunTime:0.000645s ]

[ 2016-08-18T16:39:26+08:00 ] ::1 /attendance/index.php/Background/Download/getAttendanceList
INFO: [ app_init ] --START--
INFO: Run Behavior\BuildLiteBehavior [ RunTime:0.000008s ]
INFO: [ app_init ] --END-- [ RunTime:0.000366s ]
INFO: [ app_begin ] --START--
INFO: Run Behavior\ReadHtmlCacheBehavior [ RunTime:0.000455s ]
INFO: [ app_begin ] --END-- [ RunTime:0.000490s ]
SQL: SHOW COLUMNS FROM `kaoqin_course` [ RunTime:0.0021s ]
SQL: SELECT * FROM `kaoqin_course` WHERE ( cid='123' )  [ RunTime:0.0003s ]
SQL: SHOW COLUMNS FROM `kaoqin_teacher` [ RunTime:0.0018s ]
SQL: SELECT * FROM `kaoqin_teacher` WHERE ( 1=1 AND tid='12313' ) LIMIT 1   [ RunTime:0.0003s ]
SQL: SHOW COLUMNS FROM `kaoqin_class_situtation` [ RunTime:0.0028s ]
SQL: SELECT `sid` FROM `kaoqin_class_situtation` WHERE ( 1=1 AND sid='123' )  [ RunTime:0.0003s ]
INFO: [ app_end ] --START--
INFO: Run Behavior\ShowPageTraceBehavior [ RunTime:0.000814s ]
INFO: [ app_end ] --END-- [ RunTime:0.000861s ]

[ 2016-08-18T16:39:58+08:00 ] ::1 /attendance/index.php/Background/Download/getAttendanceList
INFO: [ app_init ] --START--
INFO: Run Behavior\BuildLiteBehavior [ RunTime:0.000010s ]
INFO: [ app_init ] --END-- [ RunTime:0.000378s ]
INFO: [ app_begin ] --START--
INFO: Run Behavior\ReadHtmlCacheBehavior [ RunTime:0.000455s ]
INFO: [ app_begin ] --END-- [ RunTime:0.000490s ]
SQL: SHOW COLUMNS FROM `kaoqin_course` [ RunTime:0.0052s ]
SQL: SELECT * FROM `kaoqin_course` WHERE ( cid='123' )  [ RunTime:0.0003s ]
SQL: SHOW COLUMNS FROM `kaoqin_teacher` [ RunTime:0.0019s ]
SQL: SELECT * FROM `kaoqin_teacher` WHERE ( 1=1 AND tid='12313' ) LIMIT 1   [ RunTime:0.0004s ]
SQL: SHOW COLUMNS FROM `kaoqin_class_situtation` [ RunTime:0.0023s ]
SQL: SELECT `sid` FROM `kaoqin_class_situtation` WHERE ( 1=1 AND sid='123' )  [ RunTime:0.0003s ]
INFO: [ app_end ] --START--
INFO: Run Behavior\ShowPageTraceBehavior [ RunTime:0.000649s ]
INFO: [ app_end ] --END-- [ RunTime:0.000686s ]

[ 2016-08-18T16:40:39+08:00 ] ::1 /attendance/index.php/Background/Download/getAttendanceList
INFO: [ app_init ] --START--
INFO: Run Behavior\BuildLiteBehavior [ RunTime:0.000010s ]
INFO: [ app_init ] --END-- [ RunTime:0.000520s ]
INFO: [ app_begin ] --START--
INFO: Run Behavior\ReadHtmlCacheBehavior [ RunTime:0.000626s ]
INFO: [ app_begin ] --END-- [ RunTime:0.000676s ]
SQL: SHOW COLUMNS FROM `kaoqin_course` [ RunTime:0.0019s ]
SQL: SELECT * FROM `kaoqin_course` WHERE ( cid='123' )  [ RunTime:0.0004s ]
SQL: SHOW COLUMNS FROM `kaoqin_teacher` [ RunTime:0.0019s ]
SQL: SELECT * FROM `kaoqin_teacher` WHERE ( 1=1 AND tid='12313' ) LIMIT 1   [ RunTime:0.0004s ]
SQL: SHOW COLUMNS FROM `kaoqin_class_situtation` [ RunTime:0.0022s ]
SQL: SELECT `sid` FROM `kaoqin_class_situtation` WHERE ( 1=1 AND cid='123' )  [ RunTime:0.0003s ]
INFO: [ app_end ] --START--
INFO: Run Behavior\ShowPageTraceBehavior [ RunTime:0.000719s ]
INFO: [ app_end ] --END-- [ RunTime:0.000757s ]

[ 2016-08-18T17:16:08+08:00 ] ::1 /attendance/index.php/Background/Download/getAttendanceList
INFO: [ app_init ] --START--
INFO: Run Behavior\BuildLiteBehavior [ RunTime:0.000011s ]
INFO: [ app_init ] --END-- [ RunTime:0.000577s ]
INFO: [ app_begin ] --START--
INFO: Run Behavior\ReadHtmlCacheBehavior [ RunTime:0.000687s ]
INFO: [ app_begin ] --END-- [ RunTime:0.000740s ]
SQL: SHOW COLUMNS FROM `kaoqin_course` [ RunTime:0.0011s ]
SQL: SELECT * FROM `kaoqin_course` WHERE ( cid='' )  [ RunTime:0.0003s ]
INFO: [ app_end ] --START--
INFO: Run Behavior\ShowPageTraceBehavior [ RunTime:0.000978s ]
INFO: [ app_end ] --END-- [ RunTime:0.001023s ]

[ 2016-08-18T17:16:21+08:00 ] ::1 /attendance/index.php/Background/Download/getAttendanceList
INFO: [ app_init ] --START--
INFO: Run Behavior\BuildLiteBehavior [ RunTime:0.000014s ]
INFO: [ app_init ] --END-- [ RunTime:0.000672s ]
INFO: [ app_begin ] --START--
INFO: Run Behavior\ReadHtmlCacheBehavior [ RunTime:0.000791s ]
INFO: [ app_begin ] --END-- [ RunTime:0.000853s ]
SQL: SHOW COLUMNS FROM `kaoqin_course` [ RunTime:0.0099s ]
SQL: SELECT * FROM `kaoqin_course` WHERE ( cid='123' )  [ RunTime:0.0004s ]
SQL: SHOW COLUMNS FROM `kaoqin_teacher` [ RunTime:0.0016s ]
SQL: SELECT * FROM `kaoqin_teacher` WHERE ( 1=1 AND tid='12313' ) LIMIT 1   [ RunTime:0.0007s ]
SQL: SHOW COLUMNS FROM `kaoqin_student` [ RunTime:0.0038s ]
NOTIC: [8] Undefined index: mapping_order D:\www\Apache24\htdocs\attendance\ThinkPHP\Library\Think\Model\RelationModel.class.php 第 186 行.
NOTIC: [8] Undefined index: mapping_limit D:\www\Apache24\htdocs\attendance\ThinkPHP\Library\Think\Model\RelationModel.class.php 第 187 行.
ERR: 1146:Table 'attendance.classsitutation' doesn't exist
 [ SQL语句 ] : SELECT b.* FROM ClassSitutation AS a, kaoqin_student AS b WHERE a.sid = b.sid AND a. cid='123'
ERR: 1146:Table 'attendance.classsitutation' doesn't exist
 [ SQL语句 ] : SELECT b.* FROM ClassSitutation AS a, kaoqin_student AS b WHERE a.sid = b.sid AND a. cid='123'

[ 2016-08-18T17:17:20+08:00 ] ::1 /attendance/index.php/Background/Download/getAttendanceList
INFO: [ app_init ] --START--
INFO: Run Behavior\BuildLiteBehavior [ RunTime:0.000011s ]
INFO: [ app_init ] --END-- [ RunTime:0.000400s ]
INFO: [ app_begin ] --START--
INFO: Run Behavior\ReadHtmlCacheBehavior [ RunTime:0.000502s ]
INFO: [ app_begin ] --END-- [ RunTime:0.000544s ]
SQL: SHOW COLUMNS FROM `kaoqin_course` [ RunTime:0.0007s ]
SQL: SELECT * FROM `kaoqin_course` WHERE ( cid='123' )  [ RunTime:0.0004s ]
SQL: SHOW COLUMNS FROM `kaoqin_teacher` [ RunTime:0.0025s ]
SQL: SELECT * FROM `kaoqin_teacher` WHERE ( 1=1 AND tid='12313' ) LIMIT 1   [ RunTime:0.0003s ]
SQL: SHOW COLUMNS FROM `kaoqin_student` [ RunTime:0.0018s ]
NOTIC: [8] Undefined index: mapping_order D:\www\Apache24\htdocs\attendance\ThinkPHP\Library\Think\Model\RelationModel.class.php 第 186 行.
NOTIC: [8] Undefined index: mapping_limit D:\www\Apache24\htdocs\attendance\ThinkPHP\Library\Think\Model\RelationModel.class.php 第 187 行.
ERR: 1146:Table 'attendance.classsitutation' doesn't exist
 [ SQL语句 ] : SELECT b.* FROM ClassSitutation AS a, kaoqin_student AS b WHERE a.cid = b.sid AND a. cid='123'
ERR: 1146:Table 'attendance.classsitutation' doesn't exist
 [ SQL语句 ] : SELECT b.* FROM ClassSitutation AS a, kaoqin_student AS b WHERE a.cid = b.sid AND a. cid='123'

[ 2016-08-18T17:17:29+08:00 ] ::1 /attendance/index.php/Background/Download/getAttendanceList
INFO: [ app_init ] --START--
INFO: Run Behavior\BuildLiteBehavior [ RunTime:0.000010s ]
INFO: [ app_init ] --END-- [ RunTime:0.000412s ]
INFO: [ app_begin ] --START--
INFO: Run Behavior\ReadHtmlCacheBehavior [ RunTime:0.000474s ]
INFO: [ app_begin ] --END-- [ RunTime:0.000510s ]
SQL: SHOW COLUMNS FROM `kaoqin_course` [ RunTime:0.0024s ]
SQL: SELECT * FROM `kaoqin_course` WHERE ( cid='123' )  [ RunTime:0.0004s ]
SQL: SHOW COLUMNS FROM `kaoqin_teacher` [ RunTime:0.0017s ]
SQL: SELECT * FROM `kaoqin_teacher` WHERE ( 1=1 AND tid='12313' ) LIMIT 1   [ RunTime:0.0003s ]
SQL: SHOW COLUMNS FROM `kaoqin_student` [ RunTime:0.0011s ]
NOTIC: [8] Undefined index: mapping_order D:\www\Apache24\htdocs\attendance\ThinkPHP\Library\Think\Model\RelationModel.class.php 第 186 行.
NOTIC: [8] Undefined index: mapping_limit D:\www\Apache24\htdocs\attendance\ThinkPHP\Library\Think\Model\RelationModel.class.php 第 187 行.
ERR: 1146:Table 'attendance.classsitutation' doesn't exist
 [ SQL语句 ] : SELECT b.* FROM ClassSitutation AS a, kaoqin_student AS b WHERE a.sid = b.sid AND a. cid='123'
ERR: 1146:Table 'attendance.classsitutation' doesn't exist
 [ SQL语句 ] : SELECT b.* FROM ClassSitutation AS a, kaoqin_student AS b WHERE a.sid = b.sid AND a. cid='123'

[ 2016-08-18T17:18:02+08:00 ] ::1 /attendance/index.php/Background/Download/getAttendanceList
INFO: [ app_init ] --START--
INFO: Run Behavior\BuildLiteBehavior [ RunTime:0.000014s ]
INFO: [ app_init ] --END-- [ RunTime:0.000592s ]
INFO: [ app_begin ] --START--
INFO: Run Behavior\ReadHtmlCacheBehavior [ RunTime:0.000539s ]
INFO: [ app_begin ] --END-- [ RunTime:0.000590s ]
SQL: SHOW COLUMNS FROM `kaoqin_course` [ RunTime:0.0009s ]
SQL: SELECT * FROM `kaoqin_course` WHERE ( cid='123' )  [ RunTime:0.0004s ]
SQL: SHOW COLUMNS FROM `kaoqin_teacher` [ RunTime:0.0008s ]
SQL: SELECT * FROM `kaoqin_teacher` WHERE ( 1=1 AND tid='12313' ) LIMIT 1   [ RunTime:0.0006s ]
SQL: SHOW COLUMNS FROM `kaoqin_student` [ RunTime:0.0021s ]
NOTIC: [8] Undefined index: mapping_order D:\www\Apache24\htdocs\attendance\ThinkPHP\Library\Think\Model\RelationModel.class.php 第 186 行.
NOTIC: [8] Undefined index: mapping_limit D:\www\Apache24\htdocs\attendance\ThinkPHP\Library\Think\Model\RelationModel.class.php 第 187 行.
ERR: 1146:Table 'attendance.classsitutation' doesn't exist
 [ SQL语句 ] : SELECT b.* FROM ClassSitutation AS a, kaoqin_student AS b WHERE a.sid = b.sid AND a. sid='123'
ERR: 1146:Table 'attendance.classsitutation' doesn't exist
 [ SQL语句 ] : SELECT b.* FROM ClassSitutation AS a, kaoqin_student AS b WHERE a.sid = b.sid AND a. sid='123'

[ 2016-08-18T17:18:15+08:00 ] ::1 /attendance/index.php/Background/Download/getAttendanceList
INFO: [ app_init ] --START--
INFO: Run Behavior\BuildLiteBehavior [ RunTime:0.000014s ]
INFO: [ app_init ] --END-- [ RunTime:0.000678s ]
INFO: [ app_begin ] --START--
INFO: Run Behavior\ReadHtmlCacheBehavior [ RunTime:0.002867s ]
INFO: [ app_begin ] --END-- [ RunTime:0.003177s ]
SQL: SHOW COLUMNS FROM `kaoqin_course` [ RunTime:0.0010s ]
SQL: SELECT * FROM `kaoqin_course` WHERE ( cid='123' )  [ RunTime:0.0005s ]
SQL: SHOW COLUMNS FROM `kaoqin_teacher` [ RunTime:0.0032s ]
SQL: SELECT * FROM `kaoqin_teacher` WHERE ( 1=1 AND tid='12313' ) LIMIT 1   [ RunTime:0.0004s ]
SQL: SHOW COLUMNS FROM `kaoqin_student` [ RunTime:0.0025s ]
NOTIC: [8] Undefined index: mapping_order D:\www\Apache24\htdocs\attendance\ThinkPHP\Library\Think\Model\RelationModel.class.php 第 186 行.
NOTIC: [8] Undefined index: mapping_limit D:\www\Apache24\htdocs\attendance\ThinkPHP\Library\Think\Model\RelationModel.class.php 第 187 行.
ERR: 1146:Table 'attendance.classsitutation' doesn't exist
 [ SQL语句 ] : SELECT b.* FROM ClassSitutation AS a, kaoqin_student AS b WHERE a.sid = b.sid AND a. cid='123'
ERR: 1146:Table 'attendance.classsitutation' doesn't exist
 [ SQL语句 ] : SELECT b.* FROM ClassSitutation AS a, kaoqin_student AS b WHERE a.sid = b.sid AND a. cid='123'

[ 2016-08-18T17:20:28+08:00 ] ::1 /attendance/index.php/Background/Download/getAttendanceList
INFO: [ app_init ] --START--
INFO: Run Behavior\BuildLiteBehavior [ RunTime:0.000015s ]
INFO: [ app_init ] --END-- [ RunTime:0.000639s ]
INFO: [ app_begin ] --START--
INFO: Run Behavior\ReadHtmlCacheBehavior [ RunTime:0.001160s ]
INFO: [ app_begin ] --END-- [ RunTime:0.001241s ]
SQL: SHOW COLUMNS FROM `kaoqin_course` [ RunTime:0.0008s ]
SQL: SELECT * FROM `kaoqin_course`  [ RunTime:0.0003s ]
SQL: SHOW COLUMNS FROM `kaoqin_teacher` [ RunTime:0.0018s ]
SQL: SELECT * FROM `kaoqin_teacher` WHERE ( 1=1 AND tid='12313' ) LIMIT 1   [ RunTime:0.0004s ]
SQL: SHOW COLUMNS FROM `kaoqin_student` [ RunTime:0.0017s ]
NOTIC: [8] Undefined index: mapping_order D:\www\Apache24\htdocs\attendance\ThinkPHP\Library\Think\Model\RelationModel.class.php 第 186 行.
NOTIC: [8] Undefined index: mapping_limit D:\www\Apache24\htdocs\attendance\ThinkPHP\Library\Think\Model\RelationModel.class.php 第 187 行.
ERR: 1146:Table 'attendance.classsitutation' doesn't exist
 [ SQL语句 ] : SELECT b.* FROM ClassSitutation AS a, kaoqin_student AS b WHERE a.sid = b.sid AND a. cid='123'
ERR: 1146:Table 'attendance.classsitutation' doesn't exist
 [ SQL语句 ] : SELECT b.* FROM ClassSitutation AS a, kaoqin_student AS b WHERE a.sid = b.sid AND a. cid='123'

[ 2016-08-18T17:20:29+08:00 ] ::1 /attendance/index.php/Background/Download/getAttendanceList
INFO: [ app_init ] --START--
INFO: Run Behavior\BuildLiteBehavior [ RunTime:0.000010s ]
INFO: [ app_init ] --END-- [ RunTime:0.000379s ]
INFO: [ app_begin ] --START--
INFO: Run Behavior\ReadHtmlCacheBehavior [ RunTime:0.000703s ]
INFO: [ app_begin ] --END-- [ RunTime:0.000763s ]
SQL: SHOW COLUMNS FROM `kaoqin_course` [ RunTime:0.0008s ]
SQL: SELECT * FROM `kaoqin_course`  [ RunTime:0.0002s ]
SQL: SHOW COLUMNS FROM `kaoqin_teacher` [ RunTime:0.0006s ]
SQL: SELECT * FROM `kaoqin_teacher` WHERE ( 1=1 AND tid='12313' ) LIMIT 1   [ RunTime:0.0004s ]
SQL: SHOW COLUMNS FROM `kaoqin_student` [ RunTime:0.0019s ]
NOTIC: [8] Undefined index: mapping_order D:\www\Apache24\htdocs\attendance\ThinkPHP\Library\Think\Model\RelationModel.class.php 第 186 行.
NOTIC: [8] Undefined index: mapping_limit D:\www\Apache24\htdocs\attendance\ThinkPHP\Library\Think\Model\RelationModel.class.php 第 187 行.
ERR: 1146:Table 'attendance.classsitutation' doesn't exist
 [ SQL语句 ] : SELECT b.* FROM ClassSitutation AS a, kaoqin_student AS b WHERE a.sid = b.sid AND a. cid='123'
ERR: 1146:Table 'attendance.classsitutation' doesn't exist
 [ SQL语句 ] : SELECT b.* FROM ClassSitutation AS a, kaoqin_student AS b WHERE a.sid = b.sid AND a. cid='123'

[ 2016-08-18T17:20:29+08:00 ] ::1 /attendance/index.php/Background/Download/getAttendanceList
INFO: [ app_init ] --START--
INFO: Run Behavior\BuildLiteBehavior [ RunTime:0.000012s ]
INFO: [ app_init ] --END-- [ RunTime:0.000443s ]
INFO: [ app_begin ] --START--
INFO: Run Behavior\ReadHtmlCacheBehavior [ RunTime:0.000538s ]
INFO: [ app_begin ] --END-- [ RunTime:0.000587s ]
SQL: SHOW COLUMNS FROM `kaoqin_course` [ RunTime:0.0007s ]
SQL: SELECT * FROM `kaoqin_course`  [ RunTime:0.0004s ]
SQL: SHOW COLUMNS FROM `kaoqin_teacher` [ RunTime:0.0010s ]
SQL: SELECT * FROM `kaoqin_teacher` WHERE ( 1=1 AND tid='12313' ) LIMIT 1   [ RunTime:0.0006s ]
SQL: SHOW COLUMNS FROM `kaoqin_student` [ RunTime:0.0055s ]
NOTIC: [8] Undefined index: mapping_order D:\www\Apache24\htdocs\attendance\ThinkPHP\Library\Think\Model\RelationModel.class.php 第 186 行.
NOTIC: [8] Undefined index: mapping_limit D:\www\Apache24\htdocs\attendance\ThinkPHP\Library\Think\Model\RelationModel.class.php 第 187 行.
ERR: 1146:Table 'attendance.classsitutation' doesn't exist
 [ SQL语句 ] : SELECT b.* FROM ClassSitutation AS a, kaoqin_student AS b WHERE a.sid = b.sid AND a. cid='123'
ERR: 1146:Table 'attendance.classsitutation' doesn't exist
 [ SQL语句 ] : SELECT b.* FROM ClassSitutation AS a, kaoqin_student AS b WHERE a.sid = b.sid AND a. cid='123'

[ 2016-08-18T17:20:30+08:00 ] ::1 /attendance/index.php/Background/Download/getAttendanceList
INFO: [ app_init ] --START--
INFO: Run Behavior\BuildLiteBehavior [ RunTime:0.000020s ]
INFO: [ app_init ] --END-- [ RunTime:0.000760s ]
INFO: [ app_begin ] --START--
INFO: Run Behavior\ReadHtmlCacheBehavior [ RunTime:0.000770s ]
INFO: [ app_begin ] --END-- [ RunTime:0.000832s ]
SQL: SHOW COLUMNS FROM `kaoqin_course` [ RunTime:0.0012s ]
SQL: SELECT * FROM `kaoqin_course`  [ RunTime:0.0003s ]
SQL: SHOW COLUMNS FROM `kaoqin_teacher` [ RunTime:0.0009s ]
SQL: SELECT * FROM `kaoqin_teacher` WHERE ( 1=1 AND tid='12313' ) LIMIT 1   [ RunTime:0.0014s ]
SQL: SHOW COLUMNS FROM `kaoqin_student` [ RunTime:0.0013s ]
NOTIC: [8] Undefined index: mapping_order D:\www\Apache24\htdocs\attendance\ThinkPHP\Library\Think\Model\RelationModel.class.php 第 186 行.
NOTIC: [8] Undefined index: mapping_limit D:\www\Apache24\htdocs\attendance\ThinkPHP\Library\Think\Model\RelationModel.class.php 第 187 行.
ERR: 1146:Table 'attendance.classsitutation' doesn't exist
 [ SQL语句 ] : SELECT b.* FROM ClassSitutation AS a, kaoqin_student AS b WHERE a.sid = b.sid AND a. cid='123'
ERR: 1146:Table 'attendance.classsitutation' doesn't exist
 [ SQL语句 ] : SELECT b.* FROM ClassSitutation AS a, kaoqin_student AS b WHERE a.sid = b.sid AND a. cid='123'

[ 2016-08-18T17:20:30+08:00 ] ::1 /attendance/index.php/Background/Download/getAttendanceList
INFO: [ app_init ] --START--
INFO: Run Behavior\BuildLiteBehavior [ RunTime:0.000013s ]
INFO: [ app_init ] --END-- [ RunTime:0.000486s ]
INFO: [ app_begin ] --START--
INFO: Run Behavior\ReadHtmlCacheBehavior [ RunTime:0.000710s ]
INFO: [ app_begin ] --END-- [ RunTime:0.000757s ]
SQL: SHOW COLUMNS FROM `kaoqin_course` [ RunTime:0.0010s ]
SQL: SELECT * FROM `kaoqin_course`  [ RunTime:0.0004s ]
SQL: SHOW COLUMNS FROM `kaoqin_teacher` [ RunTime:0.0014s ]
SQL: SELECT * FROM `kaoqin_teacher` WHERE ( 1=1 AND tid='12313' ) LIMIT 1   [ RunTime:0.0005s ]
SQL: SHOW COLUMNS FROM `kaoqin_student` [ RunTime:0.0023s ]
NOTIC: [8] Undefined index: mapping_order D:\www\Apache24\htdocs\attendance\ThinkPHP\Library\Think\Model\RelationModel.class.php 第 186 行.
NOTIC: [8] Undefined index: mapping_limit D:\www\Apache24\htdocs\attendance\ThinkPHP\Library\Think\Model\RelationModel.class.php 第 187 行.
ERR: 1146:Table 'attendance.classsitutation' doesn't exist
 [ SQL语句 ] : SELECT b.* FROM ClassSitutation AS a, kaoqin_student AS b WHERE a.sid = b.sid AND a. cid='123'
ERR: 1146:Table 'attendance.classsitutation' doesn't exist
 [ SQL语句 ] : SELECT b.* FROM ClassSitutation AS a, kaoqin_student AS b WHERE a.sid = b.sid AND a. cid='123'

[ 2016-08-18T17:20:37+08:00 ] ::1 /attendance/index.php/Background/Download/getAttendanceList
INFO: [ app_init ] --START--
INFO: Run Behavior\BuildLiteBehavior [ RunTime:0.000009s ]
INFO: [ app_init ] --END-- [ RunTime:0.000437s ]
INFO: [ app_begin ] --START--
INFO: Run Behavior\ReadHtmlCacheBehavior [ RunTime:0.000504s ]
INFO: [ app_begin ] --END-- [ RunTime:0.000545s ]
SQL: SHOW COLUMNS FROM `kaoqin_course` [ RunTime:0.0011s ]
SQL: SELECT * FROM `kaoqin_course`  [ RunTime:0.0004s ]
SQL: SHOW COLUMNS FROM `kaoqin_teacher` [ RunTime:0.0008s ]
SQL: SELECT * FROM `kaoqin_teacher` WHERE ( 1=1 AND tid='12313' ) LIMIT 1   [ RunTime:0.0003s ]
SQL: SHOW COLUMNS FROM `kaoqin_student` [ RunTime:0.0032s ]
NOTIC: [8] Undefined index: mapping_order D:\www\Apache24\htdocs\attendance\ThinkPHP\Library\Think\Model\RelationModel.class.php 第 186 行.
NOTIC: [8] Undefined index: mapping_limit D:\www\Apache24\htdocs\attendance\ThinkPHP\Library\Think\Model\RelationModel.class.php 第 187 行.
ERR: 1146:Table 'attendance.classsitutation' doesn't exist
 [ SQL语句 ] : SELECT b.* FROM ClassSitutation AS a, kaoqin_student AS b WHERE a.sid = b.sid AND a. cid='123'
ERR: 1146:Table 'attendance.classsitutation' doesn't exist
 [ SQL语句 ] : SELECT b.* FROM ClassSitutation AS a, kaoqin_student AS b WHERE a.sid = b.sid AND a. cid='123'

[ 2016-08-18T17:20:37+08:00 ] ::1 /attendance/index.php/Background/Download/getAttendanceList
INFO: [ app_init ] --START--
INFO: Run Behavior\BuildLiteBehavior [ RunTime:0.000013s ]
INFO: [ app_init ] --END-- [ RunTime:0.000736s ]
INFO: [ app_begin ] --START--
INFO: Run Behavior\ReadHtmlCacheBehavior [ RunTime:0.000537s ]
INFO: [ app_begin ] --END-- [ RunTime:0.000579s ]
SQL: SHOW COLUMNS FROM `kaoqin_course` [ RunTime:0.0008s ]
SQL: SELECT * FROM `kaoqin_course`  [ RunTime:0.0003s ]
SQL: SHOW COLUMNS FROM `kaoqin_teacher` [ RunTime:0.0011s ]
SQL: SELECT * FROM `kaoqin_teacher` WHERE ( 1=1 AND tid='12313' ) LIMIT 1   [ RunTime:0.0005s ]
SQL: SHOW COLUMNS FROM `kaoqin_student` [ RunTime:0.0016s ]
NOTIC: [8] Undefined index: mapping_order D:\www\Apache24\htdocs\attendance\ThinkPHP\Library\Think\Model\RelationModel.class.php 第 186 行.
NOTIC: [8] Undefined index: mapping_limit D:\www\Apache24\htdocs\attendance\ThinkPHP\Library\Think\Model\RelationModel.class.php 第 187 行.
ERR: 1146:Table 'attendance.classsitutation' doesn't exist
 [ SQL语句 ] : SELECT b.* FROM ClassSitutation AS a, kaoqin_student AS b WHERE a.sid = b.sid AND a. cid='123'
ERR: 1146:Table 'attendance.classsitutation' doesn't exist
 [ SQL语句 ] : SELECT b.* FROM ClassSitutation AS a, kaoqin_student AS b WHERE a.sid = b.sid AND a. cid='123'

[ 2016-08-18T17:20:37+08:00 ] ::1 /attendance/index.php/Background/Download/getAttendanceList
INFO: [ app_init ] --START--
INFO: Run Behavior\BuildLiteBehavior [ RunTime:0.000013s ]
INFO: [ app_init ] --END-- [ RunTime:0.000484s ]
INFO: [ app_begin ] --START--
INFO: Run Behavior\ReadHtmlCacheBehavior [ RunTime:0.000620s ]
INFO: [ app_begin ] --END-- [ RunTime:0.000662s ]
SQL: SHOW COLUMNS FROM `kaoqin_course` [ RunTime:0.0006s ]
SQL: SELECT * FROM `kaoqin_course`  [ RunTime:0.0003s ]
SQL: SHOW COLUMNS FROM `kaoqin_teacher` [ RunTime:0.0008s ]
SQL: SELECT * FROM `kaoqin_teacher` WHERE ( 1=1 AND tid='12313' ) LIMIT 1   [ RunTime:0.0005s ]
SQL: SHOW COLUMNS FROM `kaoqin_student` [ RunTime:0.0025s ]
NOTIC: [8] Undefined index: mapping_order D:\www\Apache24\htdocs\attendance\ThinkPHP\Library\Think\Model\RelationModel.class.php 第 186 行.
NOTIC: [8] Undefined index: mapping_limit D:\www\Apache24\htdocs\attendance\ThinkPHP\Library\Think\Model\RelationModel.class.php 第 187 行.
ERR: 1146:Table 'attendance.classsitutation' doesn't exist
 [ SQL语句 ] : SELECT b.* FROM ClassSitutation AS a, kaoqin_student AS b WHERE a.sid = b.sid AND a. cid='123'
ERR: 1146:Table 'attendance.classsitutation' doesn't exist
 [ SQL语句 ] : SELECT b.* FROM ClassSitutation AS a, kaoqin_student AS b WHERE a.sid = b.sid AND a. cid='123'

[ 2016-08-18T17:20:37+08:00 ] ::1 /attendance/index.php/Background/Download/getAttendanceList
INFO: [ app_init ] --START--
INFO: Run Behavior\BuildLiteBehavior [ RunTime:0.000012s ]
INFO: [ app_init ] --END-- [ RunTime:0.000579s ]
INFO: [ app_begin ] --START--
INFO: Run Behavior\ReadHtmlCacheBehavior [ RunTime:0.000738s ]
INFO: [ app_begin ] --END-- [ RunTime:0.000797s ]
SQL: SHOW COLUMNS FROM `kaoqin_course` [ RunTime:0.0008s ]
SQL: SELECT * FROM `kaoqin_course`  [ RunTime:0.0002s ]
SQL: SHOW COLUMNS FROM `kaoqin_teacher` [ RunTime:0.0006s ]
SQL: SELECT * FROM `kaoqin_teacher` WHERE ( 1=1 AND tid='12313' ) LIMIT 1   [ RunTime:0.0003s ]
SQL: SHOW COLUMNS FROM `kaoqin_student` [ RunTime:0.0018s ]
NOTIC: [8] Undefined index: mapping_order D:\www\Apache24\htdocs\attendance\ThinkPHP\Library\Think\Model\RelationModel.class.php 第 186 行.
NOTIC: [8] Undefined index: mapping_limit D:\www\Apache24\htdocs\attendance\ThinkPHP\Library\Think\Model\RelationModel.class.php 第 187 行.
ERR: 1146:Table 'attendance.classsitutation' doesn't exist
 [ SQL语句 ] : SELECT b.* FROM ClassSitutation AS a, kaoqin_student AS b WHERE a.sid = b.sid AND a. cid='123'
ERR: 1146:Table 'attendance.classsitutation' doesn't exist
 [ SQL语句 ] : SELECT b.* FROM ClassSitutation AS a, kaoqin_student AS b WHERE a.sid = b.sid AND a. cid='123'

[ 2016-08-18T17:20:38+08:00 ] ::1 /attendance/index.php/Background/Download/getAttendanceList
INFO: [ app_init ] --START--
INFO: Run Behavior\BuildLiteBehavior [ RunTime:0.000026s ]
INFO: [ app_init ] --END-- [ RunTime:0.000807s ]
INFO: [ app_begin ] --START--
INFO: Run Behavior\ReadHtmlCacheBehavior [ RunTime:0.001101s ]
INFO: [ app_begin ] --END-- [ RunTime:0.001282s ]
SQL: SHOW COLUMNS FROM `kaoqin_course` [ RunTime:0.0006s ]
SQL: SELECT * FROM `kaoqin_course`  [ RunTime:0.0003s ]
SQL: SHOW COLUMNS FROM `kaoqin_teacher` [ RunTime:0.0013s ]
SQL: SELECT * FROM `kaoqin_teacher` WHERE ( 1=1 AND tid='12313' ) LIMIT 1   [ RunTime:0.0004s ]
SQL: SHOW COLUMNS FROM `kaoqin_student` [ RunTime:0.0010s ]
NOTIC: [8] Undefined index: mapping_order D:\www\Apache24\htdocs\attendance\ThinkPHP\Library\Think\Model\RelationModel.class.php 第 186 行.
NOTIC: [8] Undefined index: mapping_limit D:\www\Apache24\htdocs\attendance\ThinkPHP\Library\Think\Model\RelationModel.class.php 第 187 行.
ERR: 1146:Table 'attendance.classsitutation' doesn't exist
 [ SQL语句 ] : SELECT b.* FROM ClassSitutation AS a, kaoqin_student AS b WHERE a.sid = b.sid AND a. cid='123'
ERR: 1146:Table 'attendance.classsitutation' doesn't exist
 [ SQL语句 ] : SELECT b.* FROM ClassSitutation AS a, kaoqin_student AS b WHERE a.sid = b.sid AND a. cid='123'

[ 2016-08-18T17:20:38+08:00 ] ::1 /attendance/index.php/Background/Download/getAttendanceList
INFO: [ app_init ] --START--
INFO: Run Behavior\BuildLiteBehavior [ RunTime:0.000011s ]
INFO: [ app_init ] --END-- [ RunTime:0.000434s ]
INFO: [ app_begin ] --START--
INFO: Run Behavior\ReadHtmlCacheBehavior [ RunTime:0.000629s ]
INFO: [ app_begin ] --END-- [ RunTime:0.000672s ]
SQL: SHOW COLUMNS FROM `kaoqin_course` [ RunTime:0.0012s ]
SQL: SELECT * FROM `kaoqin_course`  [ RunTime:0.0003s ]
SQL: SHOW COLUMNS FROM `kaoqin_teacher` [ RunTime:0.0007s ]
SQL: SELECT * FROM `kaoqin_teacher` WHERE ( 1=1 AND tid='12313' ) LIMIT 1   [ RunTime:0.0003s ]
SQL: SHOW COLUMNS FROM `kaoqin_student` [ RunTime:0.0015s ]
NOTIC: [8] Undefined index: mapping_order D:\www\Apache24\htdocs\attendance\ThinkPHP\Library\Think\Model\RelationModel.class.php 第 186 行.
NOTIC: [8] Undefined index: mapping_limit D:\www\Apache24\htdocs\attendance\ThinkPHP\Library\Think\Model\RelationModel.class.php 第 187 行.
ERR: 1146:Table 'attendance.classsitutation' doesn't exist
 [ SQL语句 ] : SELECT b.* FROM ClassSitutation AS a, kaoqin_student AS b WHERE a.sid = b.sid AND a. cid='123'
ERR: 1146:Table 'attendance.classsitutation' doesn't exist
 [ SQL语句 ] : SELECT b.* FROM ClassSitutation AS a, kaoqin_student AS b WHERE a.sid = b.sid AND a. cid='123'

[ 2016-08-18T17:20:38+08:00 ] ::1 /attendance/index.php/Background/Download/getAttendanceList
INFO: [ app_init ] --START--
INFO: Run Behavior\BuildLiteBehavior [ RunTime:0.000012s ]
INFO: [ app_init ] --END-- [ RunTime:0.000388s ]
INFO: [ app_begin ] --START--
INFO: Run Behavior\ReadHtmlCacheBehavior [ RunTime:0.000713s ]
INFO: [ app_begin ] --END-- [ RunTime:0.000769s ]
SQL: SHOW COLUMNS FROM `kaoqin_course` [ RunTime:0.0009s ]
SQL: SELECT * FROM `kaoqin_course`  [ RunTime:0.0002s ]
SQL: SHOW COLUMNS FROM `kaoqin_teacher` [ RunTime:0.0006s ]
SQL: SELECT * FROM `kaoqin_teacher` WHERE ( 1=1 AND tid='12313' ) LIMIT 1   [ RunTime:0.0003s ]
SQL: SHOW COLUMNS FROM `kaoqin_student` [ RunTime:0.0006s ]
NOTIC: [8] Undefined index: mapping_order D:\www\Apache24\htdocs\attendance\ThinkPHP\Library\Think\Model\RelationModel.class.php 第 186 行.
NOTIC: [8] Undefined index: mapping_limit D:\www\Apache24\htdocs\attendance\ThinkPHP\Library\Think\Model\RelationModel.class.php 第 187 行.
ERR: 1146:Table 'attendance.classsitutation' doesn't exist
 [ SQL语句 ] : SELECT b.* FROM ClassSitutation AS a, kaoqin_student AS b WHERE a.sid = b.sid AND a. cid='123'
ERR: 1146:Table 'attendance.classsitutation' doesn't exist
 [ SQL语句 ] : SELECT b.* FROM ClassSitutation AS a, kaoqin_student AS b WHERE a.sid = b.sid AND a. cid='123'

[ 2016-08-18T17:20:38+08:00 ] ::1 /attendance/index.php/Background/Download/getAttendanceList
INFO: [ app_init ] --START--
INFO: Run Behavior\BuildLiteBehavior [ RunTime:0.000016s ]
INFO: [ app_init ] --END-- [ RunTime:0.000436s ]
INFO: [ app_begin ] --START--
INFO: Run Behavior\ReadHtmlCacheBehavior [ RunTime:0.000817s ]
INFO: [ app_begin ] --END-- [ RunTime:0.000877s ]
SQL: SHOW COLUMNS FROM `kaoqin_course` [ RunTime:0.0006s ]
SQL: SELECT * FROM `kaoqin_course`  [ RunTime:0.0003s ]
SQL: SHOW COLUMNS FROM `kaoqin_teacher` [ RunTime:0.0007s ]
SQL: SELECT * FROM `kaoqin_teacher` WHERE ( 1=1 AND tid='12313' ) LIMIT 1   [ RunTime:0.0003s ]
SQL: SHOW COLUMNS FROM `kaoqin_student` [ RunTime:0.0008s ]
NOTIC: [8] Undefined index: mapping_order D:\www\Apache24\htdocs\attendance\ThinkPHP\Library\Think\Model\RelationModel.class.php 第 186 行.
NOTIC: [8] Undefined index: mapping_limit D:\www\Apache24\htdocs\attendance\ThinkPHP\Library\Think\Model\RelationModel.class.php 第 187 行.
ERR: 1146:Table 'attendance.classsitutation' doesn't exist
 [ SQL语句 ] : SELECT b.* FROM ClassSitutation AS a, kaoqin_student AS b WHERE a.sid = b.sid AND a. cid='123'
ERR: 1146:Table 'attendance.classsitutation' doesn't exist
 [ SQL语句 ] : SELECT b.* FROM ClassSitutation AS a, kaoqin_student AS b WHERE a.sid = b.sid AND a. cid='123'

[ 2016-08-18T17:20:38+08:00 ] ::1 /attendance/index.php/Background/Download/getAttendanceList
INFO: [ app_init ] --START--
INFO: Run Behavior\BuildLiteBehavior [ RunTime:0.000010s ]
INFO: [ app_init ] --END-- [ RunTime:0.000431s ]
INFO: [ app_begin ] --START--
INFO: Run Behavior\ReadHtmlCacheBehavior [ RunTime:0.000462s ]
INFO: [ app_begin ] --END-- [ RunTime:0.000500s ]
SQL: SHOW COLUMNS FROM `kaoqin_course` [ RunTime:0.0005s ]
SQL: SELECT * FROM `kaoqin_course`  [ RunTime:0.0003s ]
SQL: SHOW COLUMNS FROM `kaoqin_teacher` [ RunTime:0.0006s ]
SQL: SELECT * FROM `kaoqin_teacher` WHERE ( 1=1 AND tid='12313' ) LIMIT 1   [ RunTime:0.0003s ]
SQL: SHOW COLUMNS FROM `kaoqin_student` [ RunTime:0.0006s ]
NOTIC: [8] Undefined index: mapping_order D:\www\Apache24\htdocs\attendance\ThinkPHP\Library\Think\Model\RelationModel.class.php 第 186 行.
NOTIC: [8] Undefined index: mapping_limit D:\www\Apache24\htdocs\attendance\ThinkPHP\Library\Think\Model\RelationModel.class.php 第 187 行.
ERR: 1146:Table 'attendance.classsitutation' doesn't exist
 [ SQL语句 ] : SELECT b.* FROM ClassSitutation AS a, kaoqin_student AS b WHERE a.sid = b.sid AND a. cid='123'
ERR: 1146:Table 'attendance.classsitutation' doesn't exist
 [ SQL语句 ] : SELECT b.* FROM ClassSitutation AS a, kaoqin_student AS b WHERE a.sid = b.sid AND a. cid='123'

[ 2016-08-18T17:20:39+08:00 ] ::1 /attendance/index.php/Background/Download/getAttendanceList
INFO: [ app_init ] --START--
INFO: Run Behavior\BuildLiteBehavior [ RunTime:0.000014s ]
INFO: [ app_init ] --END-- [ RunTime:0.000633s ]
INFO: [ app_begin ] --START--
INFO: Run Behavior\ReadHtmlCacheBehavior [ RunTime:0.000470s ]
INFO: [ app_begin ] --END-- [ RunTime:0.000510s ]
SQL: SHOW COLUMNS FROM `kaoqin_course` [ RunTime:0.0006s ]
SQL: SELECT * FROM `kaoqin_course`  [ RunTime:0.0002s ]
SQL: SHOW COLUMNS FROM `kaoqin_teacher` [ RunTime:0.0006s ]
SQL: SELECT * FROM `kaoqin_teacher` WHERE ( 1=1 AND tid='12313' ) LIMIT 1   [ RunTime:0.0003s ]
SQL: SHOW COLUMNS FROM `kaoqin_student` [ RunTime:0.0006s ]
NOTIC: [8] Undefined index: mapping_order D:\www\Apache24\htdocs\attendance\ThinkPHP\Library\Think\Model\RelationModel.class.php 第 186 行.
NOTIC: [8] Undefined index: mapping_limit D:\www\Apache24\htdocs\attendance\ThinkPHP\Library\Think\Model\RelationModel.class.php 第 187 行.
ERR: 1146:Table 'attendance.classsitutation' doesn't exist
 [ SQL语句 ] : SELECT b.* FROM ClassSitutation AS a, kaoqin_student AS b WHERE a.sid = b.sid AND a. cid='123'
ERR: 1146:Table 'attendance.classsitutation' doesn't exist
 [ SQL语句 ] : SELECT b.* FROM ClassSitutation AS a, kaoqin_student AS b WHERE a.sid = b.sid AND a. cid='123'

[ 2016-08-18T17:20:39+08:00 ] ::1 /attendance/index.php/Background/Download/getAttendanceList
INFO: [ app_init ] --START--
INFO: Run Behavior\BuildLiteBehavior [ RunTime:0.000011s ]
INFO: [ app_init ] --END-- [ RunTime:0.000416s ]
INFO: [ app_begin ] --START--
INFO: Run Behavior\ReadHtmlCacheBehavior [ RunTime:0.000823s ]
INFO: [ app_begin ] --END-- [ RunTime:0.000899s ]
SQL: SHOW COLUMNS FROM `kaoqin_course` [ RunTime:0.0009s ]
SQL: SELECT * FROM `kaoqin_course`  [ RunTime:0.0005s ]
SQL: SHOW COLUMNS FROM `kaoqin_teacher` [ RunTime:0.0009s ]
SQL: SELECT * FROM `kaoqin_teacher` WHERE ( 1=1 AND tid='12313' ) LIMIT 1   [ RunTime:0.0005s ]
SQL: SHOW COLUMNS FROM `kaoqin_student` [ RunTime:0.0010s ]
NOTIC: [8] Undefined index: mapping_order D:\www\Apache24\htdocs\attendance\ThinkPHP\Library\Think\Model\RelationModel.class.php 第 186 行.
NOTIC: [8] Undefined index: mapping_limit D:\www\Apache24\htdocs\attendance\ThinkPHP\Library\Think\Model\RelationModel.class.php 第 187 行.
ERR: 1146:Table 'attendance.classsitutation' doesn't exist
 [ SQL语句 ] : SELECT b.* FROM ClassSitutation AS a, kaoqin_student AS b WHERE a.sid = b.sid AND a. cid='123'
ERR: 1146:Table 'attendance.classsitutation' doesn't exist
 [ SQL语句 ] : SELECT b.* FROM ClassSitutation AS a, kaoqin_student AS b WHERE a.sid = b.sid AND a. cid='123'

[ 2016-08-18T17:21:07+08:00 ] ::1 /attendance/index.php/Background/Download/getAttendanceList
INFO: [ app_init ] --START--
INFO: Run Behavior\BuildLiteBehavior [ RunTime:0.000017s ]
INFO: [ app_init ] --END-- [ RunTime:0.000641s ]
INFO: [ app_begin ] --START--
INFO: Run Behavior\ReadHtmlCacheBehavior [ RunTime:0.000790s ]
INFO: [ app_begin ] --END-- [ RunTime:0.000862s ]
SQL: SHOW COLUMNS FROM `kaoqin_course` [ RunTime:0.0008s ]
SQL: SELECT * FROM `kaoqin_course`  [ RunTime:0.0003s ]
SQL: SHOW COLUMNS FROM `kaoqin_teacher` [ RunTime:0.0008s ]
SQL: SELECT * FROM `kaoqin_teacher` WHERE ( 1=1 AND tid='12313' ) LIMIT 1   [ RunTime:0.0003s ]
SQL: SHOW COLUMNS FROM `kaoqin_student` [ RunTime:0.0008s ]
NOTIC: [8] Undefined index: mapping_order D:\www\Apache24\htdocs\attendance\ThinkPHP\Library\Think\Model\RelationModel.class.php 第 186 行.
NOTIC: [8] Undefined index: mapping_limit D:\www\Apache24\htdocs\attendance\ThinkPHP\Library\Think\Model\RelationModel.class.php 第 187 行.
ERR: 1146:Table 'attendance.kaoqin_classsitutation' doesn't exist
 [ SQL语句 ] : SELECT b.* FROM kaoqin_ClassSitutation AS a, kaoqin_student AS b WHERE a.sid = b.sid AND a. cid='123'
ERR: 1146:Table 'attendance.kaoqin_classsitutation' doesn't exist
 [ SQL语句 ] : SELECT b.* FROM kaoqin_ClassSitutation AS a, kaoqin_student AS b WHERE a.sid = b.sid AND a. cid='123'

[ 2016-08-18T17:21:28+08:00 ] ::1 /attendance/index.php/Background/Download/getAttendanceList
INFO: [ app_init ] --START--
INFO: Run Behavior\BuildLiteBehavior [ RunTime:0.000010s ]
INFO: [ app_init ] --END-- [ RunTime:0.000400s ]
INFO: [ app_begin ] --START--
INFO: Run Behavior\ReadHtmlCacheBehavior [ RunTime:0.000834s ]
INFO: [ app_begin ] --END-- [ RunTime:0.000885s ]
SQL: SHOW COLUMNS FROM `kaoqin_course` [ RunTime:0.0006s ]
SQL: SELECT * FROM `kaoqin_course`  [ RunTime:0.0003s ]
SQL: SHOW COLUMNS FROM `kaoqin_teacher` [ RunTime:0.0006s ]
SQL: SELECT * FROM `kaoqin_teacher` WHERE ( 1=1 AND tid='12313' ) LIMIT 1   [ RunTime:0.0006s ]
SQL: SHOW COLUMNS FROM `kaoqin_student` [ RunTime:0.0008s ]
NOTIC: [8] Undefined index: mapping_order D:\www\Apache24\htdocs\attendance\ThinkPHP\Library\Think\Model\RelationModel.class.php 第 186 行.
NOTIC: [8] Undefined index: mapping_limit D:\www\Apache24\htdocs\attendance\ThinkPHP\Library\Think\Model\RelationModel.class.php 第 187 行.
SQL: SELECT b.* FROM kaoqin_Class_Situtation AS a, kaoqin_student AS b WHERE a.sid = b.sid AND a. cid='123' [ RunTime:0.0054s ]
SQL: SELECT * FROM `kaoqin_teacher` WHERE ( 1=1 AND tid='' ) LIMIT 1   [ RunTime:0.0003s ]
NOTIC: [8] Undefined index: mapping_order D:\www\Apache24\htdocs\attendance\ThinkPHP\Library\Think\Model\RelationModel.class.php 第 186 行.
NOTIC: [8] Undefined index: mapping_limit D:\www\Apache24\htdocs\attendance\ThinkPHP\Library\Think\Model\RelationModel.class.php 第 187 行.
SQL: SELECT b.* FROM kaoqin_Class_Situtation AS a, kaoqin_student AS b WHERE a.sid = b.sid AND a. cid='1234' [ RunTime:0.0004s ]
INFO: [ app_end ] --START--
INFO: Run Behavior\ShowPageTraceBehavior [ RunTime:0.001128s ]
INFO: [ app_end ] --END-- [ RunTime:0.001179s ]

[ 2016-08-18T17:21:54+08:00 ] ::1 /attendance/index.php/Background/Download/getAttendanceList
INFO: [ app_init ] --START--
INFO: Run Behavior\BuildLiteBehavior [ RunTime:0.000009s ]
INFO: [ app_init ] --END-- [ RunTime:0.000382s ]
INFO: [ app_begin ] --START--
INFO: Run Behavior\ReadHtmlCacheBehavior [ RunTime:0.000541s ]
INFO: [ app_begin ] --END-- [ RunTime:0.000589s ]
SQL: SHOW COLUMNS FROM `kaoqin_course` [ RunTime:0.0007s ]
SQL: SELECT * FROM `kaoqin_course`  [ RunTime:0.0003s ]
SQL: SHOW COLUMNS FROM `kaoqin_student` [ RunTime:0.0006s ]
NOTIC: [8] Undefined index: mapping_order D:\www\Apache24\htdocs\attendance\ThinkPHP\Library\Think\Model\RelationModel.class.php 第 186 行.
NOTIC: [8] Undefined index: mapping_limit D:\www\Apache24\htdocs\attendance\ThinkPHP\Library\Think\Model\RelationModel.class.php 第 187 行.
SQL: SELECT b.* FROM kaoqin_Class_Situtation AS a, kaoqin_student AS b WHERE a.sid = b.sid AND a. cid='123' [ RunTime:0.0005s ]
NOTIC: [8] Undefined index: mapping_order D:\www\Apache24\htdocs\attendance\ThinkPHP\Library\Think\Model\RelationModel.class.php 第 186 行.
NOTIC: [8] Undefined index: mapping_limit D:\www\Apache24\htdocs\attendance\ThinkPHP\Library\Think\Model\RelationModel.class.php 第 187 行.
SQL: SELECT b.* FROM kaoqin_Class_Situtation AS a, kaoqin_student AS b WHERE a.sid = b.sid AND a. cid='1234' [ RunTime:0.0005s ]
INFO: [ app_end ] --START--
INFO: Run Behavior\ShowPageTraceBehavior [ RunTime:0.000973s ]
INFO: [ app_end ] --END-- [ RunTime:0.001046s ]

[ 2016-08-18T17:21:55+08:00 ] ::1 /attendance/index.php/Background/Download/getAttendanceList
INFO: [ app_init ] --START--
INFO: Run Behavior\BuildLiteBehavior [ RunTime:0.000010s ]
INFO: [ app_init ] --END-- [ RunTime:0.000491s ]
INFO: [ app_begin ] --START--
INFO: Run Behavior\ReadHtmlCacheBehavior [ RunTime:0.000583s ]
INFO: [ app_begin ] --END-- [ RunTime:0.000621s ]
SQL: SHOW COLUMNS FROM `kaoqin_course` [ RunTime:0.0006s ]
SQL: SELECT * FROM `kaoqin_course`  [ RunTime:0.0002s ]
SQL: SHOW COLUMNS FROM `kaoqin_student` [ RunTime:0.0006s ]
NOTIC: [8] Undefined index: mapping_order D:\www\Apache24\htdocs\attendance\ThinkPHP\Library\Think\Model\RelationModel.class.php 第 186 行.
NOTIC: [8] Undefined index: mapping_limit D:\www\Apache24\htdocs\attendance\ThinkPHP\Library\Think\Model\RelationModel.class.php 第 187 行.
SQL: SELECT b.* FROM kaoqin_Class_Situtation AS a, kaoqin_student AS b WHERE a.sid = b.sid AND a. cid='123' [ RunTime:0.0004s ]
NOTIC: [8] Undefined index: mapping_order D:\www\Apache24\htdocs\attendance\ThinkPHP\Library\Think\Model\RelationModel.class.php 第 186 行.
NOTIC: [8] Undefined index: mapping_limit D:\www\Apache24\htdocs\attendance\ThinkPHP\Library\Think\Model\RelationModel.class.php 第 187 行.
SQL: SELECT b.* FROM kaoqin_Class_Situtation AS a, kaoqin_student AS b WHERE a.sid = b.sid AND a. cid='1234' [ RunTime:0.0004s ]
INFO: [ app_end ] --START--
INFO: Run Behavior\ShowPageTraceBehavior [ RunTime:0.000833s ]
INFO: [ app_end ] --END-- [ RunTime:0.000869s ]

[ 2016-08-18T17:21:55+08:00 ] ::1 /attendance/index.php/Background/Download/getAttendanceList
INFO: [ app_init ] --START--
INFO: Run Behavior\BuildLiteBehavior [ RunTime:0.000013s ]
INFO: [ app_init ] --END-- [ RunTime:0.000648s ]
INFO: [ app_begin ] --START--
INFO: Run Behavior\ReadHtmlCacheBehavior [ RunTime:0.000812s ]
INFO: [ app_begin ] --END-- [ RunTime:0.000879s ]
SQL: SHOW COLUMNS FROM `kaoqin_course` [ RunTime:0.0006s ]
SQL: SELECT * FROM `kaoqin_course`  [ RunTime:0.0003s ]
SQL: SHOW COLUMNS FROM `kaoqin_student` [ RunTime:0.0010s ]
NOTIC: [8] Undefined index: mapping_order D:\www\Apache24\htdocs\attendance\ThinkPHP\Library\Think\Model\RelationModel.class.php 第 186 行.
NOTIC: [8] Undefined index: mapping_limit D:\www\Apache24\htdocs\attendance\ThinkPHP\Library\Think\Model\RelationModel.class.php 第 187 行.
SQL: SELECT b.* FROM kaoqin_Class_Situtation AS a, kaoqin_student AS b WHERE a.sid = b.sid AND a. cid='123' [ RunTime:0.0009s ]
NOTIC: [8] Undefined index: mapping_order D:\www\Apache24\htdocs\attendance\ThinkPHP\Library\Think\Model\RelationModel.class.php 第 186 行.
NOTIC: [8] Undefined index: mapping_limit D:\www\Apache24\htdocs\attendance\ThinkPHP\Library\Think\Model\RelationModel.class.php 第 187 行.
SQL: SELECT b.* FROM kaoqin_Class_Situtation AS a, kaoqin_student AS b WHERE a.sid = b.sid AND a. cid='1234' [ RunTime:0.0005s ]
INFO: [ app_end ] --START--
INFO: Run Behavior\ShowPageTraceBehavior [ RunTime:0.000832s ]
INFO: [ app_end ] --END-- [ RunTime:0.000876s ]

[ 2016-08-18T17:22:11+08:00 ] ::1 /attendance/index.php/Background/Download/getAttendanceList
INFO: [ app_init ] --START--
INFO: Run Behavior\BuildLiteBehavior [ RunTime:0.000013s ]
INFO: [ app_init ] --END-- [ RunTime:0.000571s ]
INFO: [ app_begin ] --START--
INFO: Run Behavior\ReadHtmlCacheBehavior [ RunTime:0.000480s ]
INFO: [ app_begin ] --END-- [ RunTime:0.000515s ]
SQL: SHOW COLUMNS FROM `kaoqin_course` [ RunTime:0.0006s ]
SQL: SELECT * FROM `kaoqin_course` WHERE ( cid='123' )  [ RunTime:0.0003s ]
SQL: SHOW COLUMNS FROM `kaoqin_student` [ RunTime:0.0017s ]
NOTIC: [8] Undefined index: mapping_order D:\www\Apache24\htdocs\attendance\ThinkPHP\Library\Think\Model\RelationModel.class.php 第 186 行.
NOTIC: [8] Undefined index: mapping_limit D:\www\Apache24\htdocs\attendance\ThinkPHP\Library\Think\Model\RelationModel.class.php 第 187 行.
SQL: SELECT b.* FROM kaoqin_Class_Situtation AS a, kaoqin_student AS b WHERE a.sid = b.sid AND a. cid='123' [ RunTime:0.0005s ]
INFO: [ app_end ] --START--
INFO: Run Behavior\ShowPageTraceBehavior [ RunTime:0.000880s ]
INFO: [ app_end ] --END-- [ RunTime:0.000923s ]

[ 2016-08-18T17:25:15+08:00 ] ::1 /attendance/index.php/Background/Download/getAttendanceList
INFO: [ app_init ] --START--
INFO: Run Behavior\BuildLiteBehavior [ RunTime:0.000010s ]
INFO: [ app_init ] --END-- [ RunTime:0.000483s ]
INFO: [ app_begin ] --START--
INFO: Run Behavior\ReadHtmlCacheBehavior [ RunTime:0.001126s ]
INFO: [ app_begin ] --END-- [ RunTime:0.001203s ]
SQL: SHOW COLUMNS FROM `kaoqin_course` [ RunTime:0.0010s ]
SQL: SELECT * FROM `kaoqin_course` WHERE ( cid='123' ) LIMIT 1   [ RunTime:0.0003s ]
SQL: SHOW COLUMNS FROM `kaoqin_student` [ RunTime:0.0007s ]
NOTIC: [8] Undefined index: mapping_order D:\www\Apache24\htdocs\attendance\ThinkPHP\Library\Think\Model\RelationModel.class.php 第 186 行.
NOTIC: [8] Undefined index: mapping_limit D:\www\Apache24\htdocs\attendance\ThinkPHP\Library\Think\Model\RelationModel.class.php 第 187 行.
SQL: SELECT b.* FROM kaoqin_Class_Situtation AS a, kaoqin_student AS b WHERE a.sid = b.sid AND a. cid='123' [ RunTime:0.0007s ]
INFO: [ app_end ] --START--
INFO: Run Behavior\ShowPageTraceBehavior [ RunTime:0.001121s ]
INFO: [ app_end ] --END-- [ RunTime:0.001174s ]

[ 2016-08-18T17:26:23+08:00 ] ::1 /attendance/index.php/Background/Download/getAttendanceList
INFO: [ app_init ] --START--
INFO: Run Behavior\BuildLiteBehavior [ RunTime:0.000010s ]
INFO: [ app_init ] --END-- [ RunTime:0.000421s ]
INFO: [ app_begin ] --START--
INFO: Run Behavior\ReadHtmlCacheBehavior [ RunTime:0.000470s ]
INFO: [ app_begin ] --END-- [ RunTime:0.000518s ]
SQL: SHOW COLUMNS FROM `kaoqin_course` [ RunTime:0.0006s ]
SQL: SELECT * FROM `kaoqin_course` WHERE ( cid='123' ) LIMIT 1   [ RunTime:0.0003s ]
SQL: SHOW COLUMNS FROM `kaoqin_student` [ RunTime:0.0008s ]
NOTIC: [8] Undefined index: mapping_order D:\www\Apache24\htdocs\attendance\ThinkPHP\Library\Think\Model\RelationModel.class.php 第 186 行.
NOTIC: [8] Undefined index: mapping_limit D:\www\Apache24\htdocs\attendance\ThinkPHP\Library\Think\Model\RelationModel.class.php 第 187 行.
SQL: SELECT b.* FROM kaoqin_Class_Situtation AS a, kaoqin_student AS b WHERE a.sid = b.sid AND a. cid='123' [ RunTime:0.0006s ]
INFO: [ app_end ] --START--
INFO: Run Behavior\ShowPageTraceBehavior [ RunTime:0.000718s ]
INFO: [ app_end ] --END-- [ RunTime:0.000752s ]

[ 2016-08-18T17:32:58+08:00 ] ::1 /attendance/index.php/Background/Download/getAttendanceList
INFO: [ app_init ] --START--
INFO: Run Behavior\BuildLiteBehavior [ RunTime:0.000010s ]
INFO: [ app_init ] --END-- [ RunTime:0.000421s ]
INFO: [ app_begin ] --START--
INFO: Run Behavior\ReadHtmlCacheBehavior [ RunTime:0.000560s ]
INFO: [ app_begin ] --END-- [ RunTime:0.000598s ]
SQL: SHOW COLUMNS FROM `kaoqin_course` [ RunTime:0.0011s ]
SQL: SELECT * FROM `kaoqin_course` WHERE ( cid='123' ) LIMIT 1   [ RunTime:0.0005s ]
SQL: SHOW COLUMNS FROM `kaoqin_student` [ RunTime:0.0010s ]
NOTIC: [8] Undefined index: mapping_order D:\www\Apache24\htdocs\attendance\ThinkPHP\Library\Think\Model\RelationModel.class.php 第 186 行.
NOTIC: [8] Undefined index: mapping_limit D:\www\Apache24\htdocs\attendance\ThinkPHP\Library\Think\Model\RelationModel.class.php 第 187 行.
SQL: SELECT b.* FROM kaoqin_Class_Situtation AS a, kaoqin_student AS b WHERE a.sid = b.sid AND a. cid='123' [ RunTime:0.0008s ]
INFO: [ app_end ] --START--
INFO: Run Behavior\ShowPageTraceBehavior [ RunTime:0.000777s ]
INFO: [ app_end ] --END-- [ RunTime:0.000833s ]

[ 2016-08-18T17:34:09+08:00 ] ::1 /attendance/index.php/Background/Download/getAttendanceList
INFO: [ app_init ] --START--
INFO: Run Behavior\BuildLiteBehavior [ RunTime:0.000012s ]
INFO: [ app_init ] --END-- [ RunTime:0.000573s ]
INFO: [ app_begin ] --START--
INFO: Run Behavior\ReadHtmlCacheBehavior [ RunTime:0.000609s ]
INFO: [ app_begin ] --END-- [ RunTime:0.000651s ]
SQL: SHOW COLUMNS FROM `kaoqin_course` [ RunTime:0.0010s ]
SQL: SELECT * FROM `kaoqin_course` WHERE ( cid='123' ) LIMIT 1   [ RunTime:0.0003s ]
SQL: SHOW COLUMNS FROM `kaoqin_student` [ RunTime:0.0007s ]
NOTIC: [8] Undefined index: mapping_order D:\www\Apache24\htdocs\attendance\ThinkPHP\Library\Think\Model\RelationModel.class.php 第 186 行.
NOTIC: [8] Undefined index: mapping_limit D:\www\Apache24\htdocs\attendance\ThinkPHP\Library\Think\Model\RelationModel.class.php 第 187 行.
SQL: SELECT b.* FROM kaoqin_Class_Situtation AS a, kaoqin_student AS b WHERE a.sid = b.sid AND a. cid='123' [ RunTime:0.0005s ]
INFO: [ app_end ] --START--
INFO: Run Behavior\ShowPageTraceBehavior [ RunTime:0.000879s ]
INFO: [ app_end ] --END-- [ RunTime:0.000918s ]

[ 2016-08-18T17:35:00+08:00 ] ::1 /attendance/index.php/Background/Download/getAttendanceList
INFO: [ app_init ] --START--
INFO: Run Behavior\BuildLiteBehavior [ RunTime:0.000012s ]
INFO: [ app_init ] --END-- [ RunTime:0.000616s ]
INFO: [ app_begin ] --START--
INFO: Run Behavior\ReadHtmlCacheBehavior [ RunTime:0.000720s ]
INFO: [ app_begin ] --END-- [ RunTime:0.000763s ]
SQL: SHOW COLUMNS FROM `kaoqin_course` [ RunTime:0.0027s ]
SQL: SELECT * FROM `kaoqin_course` WHERE ( cid='123' ) LIMIT 1   [ RunTime:0.0005s ]
SQL: SHOW COLUMNS FROM `kaoqin_student` [ RunTime:0.0008s ]
NOTIC: [8] Undefined index: mapping_order D:\www\Apache24\htdocs\attendance\ThinkPHP\Library\Think\Model\RelationModel.class.php 第 186 行.
NOTIC: [8] Undefined index: mapping_limit D:\www\Apache24\htdocs\attendance\ThinkPHP\Library\Think\Model\RelationModel.class.php 第 187 行.
SQL: SELECT b.* FROM kaoqin_Class_Situtation AS a, kaoqin_student AS b WHERE a.sid = b.sid AND a. cid='123' [ RunTime:0.0006s ]
INFO: [ app_end ] --START--
INFO: Run Behavior\ShowPageTraceBehavior [ RunTime:0.000877s ]
INFO: [ app_end ] --END-- [ RunTime:0.000918s ]

[ 2016-08-18T17:35:02+08:00 ] ::1 /attendance/index.php/Background/Download/getAttendanceList
INFO: [ app_init ] --START--
INFO: Run Behavior\BuildLiteBehavior [ RunTime:0.000010s ]
INFO: [ app_init ] --END-- [ RunTime:0.000417s ]
INFO: [ app_begin ] --START--
INFO: Run Behavior\ReadHtmlCacheBehavior [ RunTime:0.000492s ]
INFO: [ app_begin ] --END-- [ RunTime:0.000540s ]
SQL: SHOW COLUMNS FROM `kaoqin_course` [ RunTime:0.0015s ]
SQL: SELECT * FROM `kaoqin_course` WHERE ( cid='123' ) LIMIT 1   [ RunTime:0.0006s ]
SQL: SHOW COLUMNS FROM `kaoqin_student` [ RunTime:0.0008s ]
NOTIC: [8] Undefined index: mapping_order D:\www\Apache24\htdocs\attendance\ThinkPHP\Library\Think\Model\RelationModel.class.php 第 186 行.
NOTIC: [8] Undefined index: mapping_limit D:\www\Apache24\htdocs\attendance\ThinkPHP\Library\Think\Model\RelationModel.class.php 第 187 行.
SQL: SELECT b.* FROM kaoqin_Class_Situtation AS a, kaoqin_student AS b WHERE a.sid = b.sid AND a. cid='123' [ RunTime:0.0107s ]
INFO: [ app_end ] --START--
INFO: Run Behavior\ShowPageTraceBehavior [ RunTime:0.001203s ]
INFO: [ app_end ] --END-- [ RunTime:0.001283s ]

[ 2016-08-18T17:35:55+08:00 ] ::1 /attendance/index.php/Background/Download/getAttendanceList
INFO: [ app_init ] --START--
INFO: Run Behavior\BuildLiteBehavior [ RunTime:0.000013s ]
INFO: [ app_init ] --END-- [ RunTime:0.000622s ]
INFO: [ app_begin ] --START--
INFO: Run Behavior\ReadHtmlCacheBehavior [ RunTime:0.000624s ]
INFO: [ app_begin ] --END-- [ RunTime:0.000667s ]
SQL: SHOW COLUMNS FROM `kaoqin_course` [ RunTime:0.0014s ]
SQL: SELECT * FROM `kaoqin_course` WHERE ( cid='123' ) LIMIT 1   [ RunTime:0.0004s ]
SQL: SHOW COLUMNS FROM `kaoqin_student` [ RunTime:0.0016s ]
NOTIC: [8] Undefined index: mapping_order D:\www\Apache24\htdocs\attendance\ThinkPHP\Library\Think\Model\RelationModel.class.php 第 186 行.
NOTIC: [8] Undefined index: mapping_limit D:\www\Apache24\htdocs\attendance\ThinkPHP\Library\Think\Model\RelationModel.class.php 第 187 行.
SQL: SELECT b.* FROM kaoqin_Class_Situtation AS a, kaoqin_student AS b WHERE a.sid = b.sid AND a. cid='123' [ RunTime:0.0022s ]
INFO: [ view_parse ] --START--
INFO: [ template_filter ] --START--
INFO: Run Behavior\ContentReplaceBehavior [ RunTime:0.000027s ]
INFO: [ template_filter ] --END-- [ RunTime:0.000069s ]
INFO: Run Behavior\ParseTemplateBehavior [ RunTime:0.006359s ]
INFO: [ view_parse ] --END-- [ RunTime:0.006410s ]
INFO: [ view_filter ] --START--
INFO: Run Behavior\WriteHtmlCacheBehavior [ RunTime:0.000577s ]
INFO: [ view_filter ] --END-- [ RunTime:0.000611s ]
INFO: [ app_end ] --START--
INFO: Run Behavior\ShowPageTraceBehavior [ RunTime:0.000704s ]
INFO: [ app_end ] --END-- [ RunTime:0.000734s ]

[ 2016-08-18T17:36:10+08:00 ] ::1 /attendance/index.php/Background/Download/getAttendanceList
INFO: [ app_init ] --START--
INFO: Run Behavior\BuildLiteBehavior [ RunTime:0.000022s ]
INFO: [ app_init ] --END-- [ RunTime:0.000723s ]
INFO: [ app_begin ] --START--
INFO: Run Behavior\ReadHtmlCacheBehavior [ RunTime:0.000720s ]
INFO: [ app_begin ] --END-- [ RunTime:0.000780s ]
SQL: SHOW COLUMNS FROM `kaoqin_course` [ RunTime:0.0011s ]
SQL: SELECT * FROM `kaoqin_course` WHERE ( cid='123' ) LIMIT 1   [ RunTime:0.0004s ]
SQL: SHOW COLUMNS FROM `kaoqin_student` [ RunTime:0.0008s ]
NOTIC: [8] Undefined index: mapping_order D:\www\Apache24\htdocs\attendance\ThinkPHP\Library\Think\Model\RelationModel.class.php 第 186 行.
NOTIC: [8] Undefined index: mapping_limit D:\www\Apache24\htdocs\attendance\ThinkPHP\Library\Think\Model\RelationModel.class.php 第 187 行.
SQL: SELECT b.* FROM kaoqin_Class_Situtation AS a, kaoqin_student AS b WHERE a.sid = b.sid AND a. cid='123' [ RunTime:0.0027s ]
ERR: 模板不存在:./Application/Background/View/<?xml version="1.0" encoding="utf-8"?>
<students><stu><id>1234</id><name></name><mac></mac><college></college><major></major><sclass></sclass><sex></sex><tel></tel></stu></students>
.html

[ 2016-08-18T17:36:50+08:00 ] ::1 /attendance/index.php/Background/Download/getMD5
INFO: [ app_init ] --START--
INFO: Run Behavior\BuildLiteBehavior [ RunTime:0.000009s ]
INFO: [ app_init ] --END-- [ RunTime:0.000388s ]
INFO: [ app_begin ] --START--
INFO: Run Behavior\ReadHtmlCacheBehavior [ RunTime:0.000570s ]
INFO: [ app_begin ] --END-- [ RunTime:0.000630s ]
SQL: SHOW COLUMNS FROM `kaoqin_teacher` [ RunTime:0.0008s ]
SQL: SELECT * FROM `kaoqin_teacher` WHERE ( tid='' ) LIMIT 1   [ RunTime:0.0007s ]
ERR: 模板不存在:./Application/Background/View/Download/getMD5.html

[ 2016-08-18T17:37:15+08:00 ] ::1 /attendance/index.php/Background/Download/getMD5?tea_id=123
INFO: [ app_init ] --START--
INFO: Run Behavior\BuildLiteBehavior [ RunTime:0.000015s ]
INFO: [ app_init ] --END-- [ RunTime:0.000551s ]
INFO: [ app_begin ] --START--
INFO: Run Behavior\ReadHtmlCacheBehavior [ RunTime:0.000724s ]
INFO: [ app_begin ] --END-- [ RunTime:0.000771s ]
SQL: SHOW COLUMNS FROM `kaoqin_teacher` [ RunTime:0.0011s ]
SQL: SELECT * FROM `kaoqin_teacher` WHERE ( tid='123' ) LIMIT 1   [ RunTime:0.0004s ]
INFO: [ view_parse ] --START--
INFO: Run Behavior\ParseTemplateBehavior [ RunTime:0.000681s ]
INFO: [ view_parse ] --END-- [ RunTime:0.000720s ]
INFO: [ view_filter ] --START--
INFO: Run Behavior\WriteHtmlCacheBehavior [ RunTime:0.000401s ]
INFO: [ view_filter ] --END-- [ RunTime:0.000431s ]
INFO: [ app_end ] --START--
INFO: Run Behavior\ShowPageTraceBehavior [ RunTime:0.000709s ]
INFO: [ app_end ] --END-- [ RunTime:0.000739s ]

[ 2016-08-18T17:42:02+08:00 ] ::1 /attendance/index.php/Background/Download/getMD5
INFO: [ app_init ] --START--
INFO: Run Behavior\BuildLiteBehavior [ RunTime:0.000009s ]
INFO: [ app_init ] --END-- [ RunTime:0.000449s ]
INFO: [ app_begin ] --START--
INFO: Run Behavior\ReadHtmlCacheBehavior [ RunTime:0.000592s ]
INFO: [ app_begin ] --END-- [ RunTime:0.000632s ]
SQL: SHOW COLUMNS FROM `kaoqin_teacher` [ RunTime:0.0013s ]
SQL: SELECT * FROM `kaoqin_teacher` WHERE ( tid='' ) LIMIT 1   [ RunTime:0.0004s ]
ERR: 模板不存在:./Application/Background/View/Download/getMD5.html

[ 2016-08-18T17:42:03+08:00 ] ::1 /attendance/index.php/Background/Download/getAttendanceList
INFO: [ app_init ] --START--
INFO: Run Behavior\BuildLiteBehavior [ RunTime:0.000010s ]
INFO: [ app_init ] --END-- [ RunTime:0.000394s ]
INFO: [ app_begin ] --START--
INFO: Run Behavior\ReadHtmlCacheBehavior [ RunTime:0.000477s ]
INFO: [ app_begin ] --END-- [ RunTime:0.000514s ]
SQL: SHOW COLUMNS FROM `kaoqin_course` [ RunTime:0.0011s ]
SQL: SELECT * FROM `kaoqin_course` WHERE ( cid='123' ) LIMIT 1   [ RunTime:0.0006s ]
SQL: SHOW COLUMNS FROM `kaoqin_student` [ RunTime:0.0009s ]
NOTIC: [8] Undefined index: mapping_order D:\www\Apache24\htdocs\attendance\ThinkPHP\Library\Think\Model\RelationModel.class.php 第 186 行.
NOTIC: [8] Undefined index: mapping_limit D:\www\Apache24\htdocs\attendance\ThinkPHP\Library\Think\Model\RelationModel.class.php 第 187 行.
SQL: SELECT b.* FROM kaoqin_Class_Situtation AS a, kaoqin_student AS b WHERE a.sid = b.sid AND a. cid='123' [ RunTime:0.0006s ]
INFO: [ app_end ] --START--
INFO: Run Behavior\ShowPageTraceBehavior [ RunTime:0.000901s ]
INFO: [ app_end ] --END-- [ RunTime:0.000942s ]

[ 2016-08-18T17:42:04+08:00 ] ::1 /attendance/index.php/Background/Download/getAttendanceList
INFO: [ app_init ] --START--
INFO: Run Behavior\BuildLiteBehavior [ RunTime:0.000031s ]
INFO: [ app_init ] --END-- [ RunTime:0.001063s ]
INFO: [ app_begin ] --START--
INFO: Run Behavior\ReadHtmlCacheBehavior [ RunTime:0.000940s ]
INFO: [ app_begin ] --END-- [ RunTime:0.001022s ]
SQL: SHOW COLUMNS FROM `kaoqin_course` [ RunTime:0.0012s ]
SQL: SELECT * FROM `kaoqin_course` WHERE ( cid='123' ) LIMIT 1   [ RunTime:0.0026s ]
SQL: SHOW COLUMNS FROM `kaoqin_student` [ RunTime:0.0010s ]
NOTIC: [8] Undefined index: mapping_order D:\www\Apache24\htdocs\attendance\ThinkPHP\Library\Think\Model\RelationModel.class.php 第 186 行.
NOTIC: [8] Undefined index: mapping_limit D:\www\Apache24\htdocs\attendance\ThinkPHP\Library\Think\Model\RelationModel.class.php 第 187 行.
SQL: SELECT b.* FROM kaoqin_Class_Situtation AS a, kaoqin_student AS b WHERE a.sid = b.sid AND a. cid='123' [ RunTime:0.0006s ]
INFO: [ app_end ] --START--
INFO: Run Behavior\ShowPageTraceBehavior [ RunTime:0.001057s ]
INFO: [ app_end ] --END-- [ RunTime:0.001110s ]

[ 2016-08-18T17:42:07+08:00 ] ::1 /attendance/index.php/Background/Download/getAttendanceList
INFO: [ app_init ] --START--
INFO: Run Behavior\BuildLiteBehavior [ RunTime:0.000011s ]
INFO: [ app_init ] --END-- [ RunTime:0.000436s ]
INFO: [ app_begin ] --START--
INFO: Run Behavior\ReadHtmlCacheBehavior [ RunTime:0.000467s ]
INFO: [ app_begin ] --END-- [ RunTime:0.000501s ]
SQL: SHOW COLUMNS FROM `kaoqin_course` [ RunTime:0.0007s ]
SQL: SELECT * FROM `kaoqin_course` WHERE ( cid='123' ) LIMIT 1   [ RunTime:0.0003s ]
SQL: SHOW COLUMNS FROM `kaoqin_student` [ RunTime:0.0007s ]
NOTIC: [8] Undefined index: mapping_order D:\www\Apache24\htdocs\attendance\ThinkPHP\Library\Think\Model\RelationModel.class.php 第 186 行.
NOTIC: [8] Undefined index: mapping_limit D:\www\Apache24\htdocs\attendance\ThinkPHP\Library\Think\Model\RelationModel.class.php 第 187 行.
SQL: SELECT b.* FROM kaoqin_Class_Situtation AS a, kaoqin_student AS b WHERE a.sid = b.sid AND a. cid='123' [ RunTime:0.0004s ]
INFO: [ app_end ] --START--
INFO: Run Behavior\ShowPageTraceBehavior [ RunTime:0.000746s ]
INFO: [ app_end ] --END-- [ RunTime:0.000786s ]

[ 2016-08-18T17:42:08+08:00 ] ::1 /attendance/index.php/Background/Download/getAttendanceList
INFO: [ app_init ] --START--
INFO: Run Behavior\BuildLiteBehavior [ RunTime:0.000010s ]
INFO: [ app_init ] --END-- [ RunTime:0.000388s ]
INFO: [ app_begin ] --START--
INFO: Run Behavior\ReadHtmlCacheBehavior [ RunTime:0.000683s ]
INFO: [ app_begin ] --END-- [ RunTime:0.000737s ]
SQL: SHOW COLUMNS FROM `kaoqin_course` [ RunTime:0.0009s ]
SQL: SELECT * FROM `kaoqin_course` WHERE ( cid='123' ) LIMIT 1   [ RunTime:0.0003s ]
SQL: SHOW COLUMNS FROM `kaoqin_student` [ RunTime:0.0013s ]
NOTIC: [8] Undefined index: mapping_order D:\www\Apache24\htdocs\attendance\ThinkPHP\Library\Think\Model\RelationModel.class.php 第 186 行.
NOTIC: [8] Undefined index: mapping_limit D:\www\Apache24\htdocs\attendance\ThinkPHP\Library\Think\Model\RelationModel.class.php 第 187 行.
SQL: SELECT b.* FROM kaoqin_Class_Situtation AS a, kaoqin_student AS b WHERE a.sid = b.sid AND a. cid='123' [ RunTime:0.0007s ]
INFO: [ app_end ] --START--
INFO: Run Behavior\ShowPageTraceBehavior [ RunTime:0.001045s ]
INFO: [ app_end ] --END-- [ RunTime:0.001098s ]

[ 2016-08-18T17:42:26+08:00 ] ::1 /attendance/index.php/Background/Download/getMD5
INFO: [ app_init ] --START--
INFO: Run Behavior\BuildLiteBehavior [ RunTime:0.000010s ]
INFO: [ app_init ] --END-- [ RunTime:0.000724s ]
INFO: [ app_begin ] --START--
INFO: Run Behavior\ReadHtmlCacheBehavior [ RunTime:0.000480s ]
INFO: [ app_begin ] --END-- [ RunTime:0.000531s ]
SQL: SHOW COLUMNS FROM `kaoqin_teacher` [ RunTime:0.0010s ]
SQL: SELECT * FROM `kaoqin_teacher` WHERE ( tid='' ) LIMIT 1   [ RunTime:0.0003s ]
ERR: 模板不存在:./Application/Background/View/Download/getMD5.html

[ 2016-08-18T17:42:30+08:00 ] ::1 /attendance/index.php/Background/Download/getAttendanceList
INFO: [ app_init ] --START--
INFO: Run Behavior\BuildLiteBehavior [ RunTime:0.000010s ]
INFO: [ app_init ] --END-- [ RunTime:0.000378s ]
INFO: [ app_begin ] --START--
INFO: Run Behavior\ReadHtmlCacheBehavior [ RunTime:0.000471s ]
INFO: [ app_begin ] --END-- [ RunTime:0.000519s ]
SQL: SHOW COLUMNS FROM `kaoqin_course` [ RunTime:0.0007s ]
SQL: SELECT * FROM `kaoqin_course` WHERE ( cid='123' ) LIMIT 1   [ RunTime:0.0003s ]
SQL: SHOW COLUMNS FROM `kaoqin_student` [ RunTime:0.0007s ]
NOTIC: [8] Undefined index: mapping_order D:\www\Apache24\htdocs\attendance\ThinkPHP\Library\Think\Model\RelationModel.class.php 第 186 行.
NOTIC: [8] Undefined index: mapping_limit D:\www\Apache24\htdocs\attendance\ThinkPHP\Library\Think\Model\RelationModel.class.php 第 187 行.
SQL: SELECT b.* FROM kaoqin_Class_Situtation AS a, kaoqin_student AS b WHERE a.sid = b.sid AND a. cid='123' [ RunTime:0.0005s ]
INFO: [ app_end ] --START--
INFO: Run Behavior\ShowPageTraceBehavior [ RunTime:0.001331s ]
INFO: [ app_end ] --END-- [ RunTime:0.001387s ]

[ 2016-08-18T17:42:43+08:00 ] ::1 /attendance/index.php/Background/Download/getAttendanceList
INFO: [ app_init ] --START--
INFO: Run Behavior\BuildLiteBehavior [ RunTime:0.000010s ]
INFO: [ app_init ] --END-- [ RunTime:0.000439s ]
INFO: [ app_begin ] --START--
INFO: Run Behavior\ReadHtmlCacheBehavior [ RunTime:0.000456s ]
INFO: [ app_begin ] --END-- [ RunTime:0.000489s ]
SQL: SHOW COLUMNS FROM `kaoqin_course` [ RunTime:0.0011s ]
SQL: SELECT * FROM `kaoqin_course` WHERE ( cid='123' ) LIMIT 1   [ RunTime:0.0004s ]
SQL: SHOW COLUMNS FROM `kaoqin_student` [ RunTime:0.0010s ]
NOTIC: [8] Undefined index: mapping_order D:\www\Apache24\htdocs\attendance\ThinkPHP\Library\Think\Model\RelationModel.class.php 第 186 行.
NOTIC: [8] Undefined index: mapping_limit D:\www\Apache24\htdocs\attendance\ThinkPHP\Library\Think\Model\RelationModel.class.php 第 187 行.
SQL: SELECT b.* FROM kaoqin_Class_Situtation AS a, kaoqin_student AS b WHERE a.sid = b.sid AND a. cid='123' [ RunTime:0.0009s ]
INFO: [ app_end ] --START--
INFO: Run Behavior\ShowPageTraceBehavior [ RunTime:0.000912s ]
INFO: [ app_end ] --END-- [ RunTime:0.000968s ]

[ 2016-08-18T17:42:59+08:00 ] ::1 /attendance/index.php/Background/Download/getAttendanceList
INFO: [ app_init ] --START--
INFO: Run Behavior\BuildLiteBehavior [ RunTime:0.000017s ]
INFO: [ app_init ] --END-- [ RunTime:0.000526s ]
INFO: [ app_begin ] --START--
INFO: Run Behavior\ReadHtmlCacheBehavior [ RunTime:0.000609s ]
INFO: [ app_begin ] --END-- [ RunTime:0.000652s ]
SQL: SHOW COLUMNS FROM `kaoqin_course` [ RunTime:0.0010s ]
SQL: SELECT * FROM `kaoqin_course` WHERE ( cid='123' ) LIMIT 1   [ RunTime:0.0003s ]
SQL: SHOW COLUMNS FROM `kaoqin_student` [ RunTime:0.0007s ]
NOTIC: [8] Undefined index: mapping_order D:\www\Apache24\htdocs\attendance\ThinkPHP\Library\Think\Model\RelationModel.class.php 第 186 行.
NOTIC: [8] Undefined index: mapping_limit D:\www\Apache24\htdocs\attendance\ThinkPHP\Library\Think\Model\RelationModel.class.php 第 187 行.
SQL: SELECT b.* FROM kaoqin_Class_Situtation AS a, kaoqin_student AS b WHERE a.sid = b.sid AND a. cid='123' [ RunTime:0.0005s ]
INFO: [ app_end ] --START--
INFO: Run Behavior\ShowPageTraceBehavior [ RunTime:0.000826s ]
INFO: [ app_end ] --END-- [ RunTime:0.000867s ]

[ 2016-08-18T17:43:52+08:00 ] ::1 /attendance/index.php/Background/Download/getAttendanceList
INFO: [ app_init ] --START--
INFO: Run Behavior\BuildLiteBehavior [ RunTime:0.000012s ]
INFO: [ app_init ] --END-- [ RunTime:0.000418s ]
INFO: [ app_begin ] --START--
INFO: Run Behavior\ReadHtmlCacheBehavior [ RunTime:0.000760s ]
INFO: [ app_begin ] --END-- [ RunTime:0.000820s ]
SQL: SHOW COLUMNS FROM `kaoqin_course` [ RunTime:0.0020s ]
SQL: SELECT * FROM `kaoqin_course` WHERE ( cid='123' ) LIMIT 1   [ RunTime:0.0010s ]
SQL: SHOW COLUMNS FROM `kaoqin_student` [ RunTime:0.0010s ]
NOTIC: [8] Undefined index: mapping_order D:\www\Apache24\htdocs\attendance\ThinkPHP\Library\Think\Model\RelationModel.class.php 第 186 行.
NOTIC: [8] Undefined index: mapping_limit D:\www\Apache24\htdocs\attendance\ThinkPHP\Library\Think\Model\RelationModel.class.php 第 187 行.
SQL: SELECT b.* FROM kaoqin_Class_Situtation AS a, kaoqin_student AS b WHERE a.sid = b.sid AND a. cid='123' [ RunTime:0.0006s ]
INFO: [ app_end ] --START--
INFO: Run Behavior\ShowPageTraceBehavior [ RunTime:0.000777s ]
INFO: [ app_end ] --END-- [ RunTime:0.000831s ]

[ 2016-08-18T17:43:58+08:00 ] ::1 /attendance/index.php/Background/Download/getAttendanceList
INFO: [ app_init ] --START--
INFO: Run Behavior\BuildLiteBehavior [ RunTime:0.000016s ]
INFO: [ app_init ] --END-- [ RunTime:0.000712s ]
INFO: [ app_begin ] --START--
INFO: Run Behavior\ReadHtmlCacheBehavior [ RunTime:0.001191s ]
INFO: [ app_begin ] --END-- [ RunTime:0.001262s ]
SQL: SHOW COLUMNS FROM `kaoqin_course` [ RunTime:0.0006s ]
SQL: SELECT * FROM `kaoqin_course` WHERE ( cid='123' ) LIMIT 1   [ RunTime:0.0003s ]
SQL: SHOW COLUMNS FROM `kaoqin_student` [ RunTime:0.0007s ]
NOTIC: [8] Undefined index: mapping_order D:\www\Apache24\htdocs\attendance\ThinkPHP\Library\Think\Model\RelationModel.class.php 第 186 行.
NOTIC: [8] Undefined index: mapping_limit D:\www\Apache24\htdocs\attendance\ThinkPHP\Library\Think\Model\RelationModel.class.php 第 187 行.
SQL: SELECT b.* FROM kaoqin_Class_Situtation AS a, kaoqin_student AS b WHERE a.sid = b.sid AND a. cid='123' [ RunTime:0.0005s ]
INFO: [ app_end ] --START--
INFO: Run Behavior\ShowPageTraceBehavior [ RunTime:0.000936s ]
INFO: [ app_end ] --END-- [ RunTime:0.000983s ]

[ 2016-08-18T17:44:21+08:00 ] ::1 /attendance/index.php/Background/Download/getAttendanceList
INFO: [ app_init ] --START--
INFO: Run Behavior\BuildLiteBehavior [ RunTime:0.000011s ]
INFO: [ app_init ] --END-- [ RunTime:0.000528s ]
INFO: [ app_begin ] --START--
INFO: Run Behavior\ReadHtmlCacheBehavior [ RunTime:0.001039s ]
INFO: [ app_begin ] --END-- [ RunTime:0.001110s ]
SQL: SHOW COLUMNS FROM `kaoqin_course` [ RunTime:0.0007s ]
SQL: SELECT * FROM `kaoqin_course` WHERE ( cid='123' ) LIMIT 1   [ RunTime:0.0003s ]
SQL: SHOW COLUMNS FROM `kaoqin_student` [ RunTime:0.0006s ]
NOTIC: [8] Undefined index: mapping_order D:\www\Apache24\htdocs\attendance\ThinkPHP\Library\Think\Model\RelationModel.class.php 第 186 行.
NOTIC: [8] Undefined index: mapping_limit D:\www\Apache24\htdocs\attendance\ThinkPHP\Library\Think\Model\RelationModel.class.php 第 187 行.
SQL: SELECT b.* FROM kaoqin_Class_Situtation AS a, kaoqin_student AS b WHERE a.sid = b.sid AND a. cid='123' [ RunTime:0.0004s ]
INFO: [ app_end ] --START--
INFO: Run Behavior\ShowPageTraceBehavior [ RunTime:0.000847s ]
INFO: [ app_end ] --END-- [ RunTime:0.000886s ]

[ 2016-08-18T21:51:35+08:00 ] ::1 /attendance/index.php/Background/Upload/upload
INFO: [ app_init ] --START--
INFO: Run Behavior\BuildLiteBehavior [ RunTime:0.000009s ]
INFO: [ app_init ] --END-- [ RunTime:0.000368s ]
INFO: [ app_begin ] --START--
INFO: Run Behavior\ReadHtmlCacheBehavior [ RunTime:0.001027s ]
INFO: [ app_begin ] --END-- [ RunTime:0.001112s ]
NOTIC: [2] call_user_func() expects parameter 1 to be a valid callback, no array or string given D:\www\Apache24\htdocs\attendance\ThinkPHP\Library\Think\Upload.class.php 第 170 行.
SQL: SHOW COLUMNS FROM `kaoqin_absence` [ RunTime:0.0086s ]
NOTIC: [2] Illegal offset type in isset or empty D:\www\Apache24\htdocs\attendance\ThinkPHP\Library\Think\Model.class.php 第 511 行.
SQL: DELETE FROM `kaoqin_absence` WHERE ( sid='123456' and cid='1234' ) [ RunTime:0.0212s ]
NOTIC: [2] mkdir(): File exists D:\www\Apache24\htdocs\attendance\Application\Background\Controller\UploadController.class.php 第 40 行.
NOTIC: [2] unlink(d:/Upload//57b5bd673cc67.xml): No such file or directory D:\www\Apache24\htdocs\attendance\Application\Background\Controller\UploadController.class.php 第 42 行.
SQL: SHOW COLUMNS FROM `kaoqin_absence` [ RunTime:0.0016s ]
INFO: [ view_parse ] --START--
INFO: [ template_filter ] --START--
INFO: Run Behavior\ContentReplaceBehavior [ RunTime:0.000028s ]
INFO: [ template_filter ] --END-- [ RunTime:0.000068s ]
INFO: Run Behavior\ParseTemplateBehavior [ RunTime:0.007184s ]
INFO: [ view_parse ] --END-- [ RunTime:0.007265s ]
INFO: [ view_filter ] --START--
INFO: Run Behavior\WriteHtmlCacheBehavior [ RunTime:0.001011s ]
INFO: [ view_filter ] --END-- [ RunTime:0.001105s ]
SQL: INSERT INTO `kaoqin_absence` (`cid`,`sid`,`date`) VALUES ('1234','123456','20160423.xml') [ RunTime:0.0039s ]
INFO: [ app_end ] --START--
INFO: Run Behavior\ShowPageTraceBehavior [ RunTime:0.000981s ]
INFO: [ app_end ] --END-- [ RunTime:0.001047s ]

