[ 2016-08-23T16:15:18+08:00 ] ::1 /attendance/index.php/Student/Attendance/index.html
INFO: [ app_init ] --START--
INFO: Run Behavior\BuildLiteBehavior [ RunTime:0.000010s ]
INFO: [ app_init ] --END-- [ RunTime:0.000526s ]
INFO: [ app_begin ] --START--
INFO: Run Behavior\ReadHtmlCacheBehavior [ RunTime:0.000475s ]
INFO: [ app_begin ] --END-- [ RunTime:0.000514s ]
SQL: SHOW COLUMNS FROM `kaoqin_class_situtation` [ RunTime:0.0029s ]
SQL: SELECT * FROM `kaoqin_class_situtation` WHERE ( sid='1234' )  [ RunTime:0.0024s ]
SQL: SHOW COLUMNS FROM `kaoqin_course` [ RunTime:0.0018s ]
SQL: SELECT * FROM `kaoqin_course` WHERE ( 1=1 AND cid='123' ) LIMIT 1   [ RunTime:0.0003s ]
SQL: SHOW COLUMNS FROM `kaoqin_student` [ RunTime:0.0014s ]
SQL: SELECT * FROM `kaoqin_student` WHERE ( 1=1 AND sid='1234' ) LIMIT 1   [ RunTime:0.0004s ]
INFO: [ view_parse ] --START--
INFO: [ template_filter ] --START--
INFO: Run Behavior\ContentReplaceBehavior [ RunTime:0.000050s ]
INFO: [ template_filter ] --END-- [ RunTime:0.000101s ]
NOTIC: [8] Undefined variable: stu_data D:\www\Apache24\htdocs\attendance\Application\Runtime\Cache\Student\36a4ee82fd195b80ff7c3185e0d3e4f9.php 第 105 行.
NOTIC: [8] Undefined variable: stu_data D:\www\Apache24\htdocs\attendance\Application\Runtime\Cache\Student\36a4ee82fd195b80ff7c3185e0d3e4f9.php 第 106 行.
INFO: Run Behavior\ParseTemplateBehavior [ RunTime:0.009246s ]
INFO: [ view_parse ] --END-- [ RunTime:0.009314s ]
INFO: [ view_filter ] --START--
INFO: Run Behavior\WriteHtmlCacheBehavior [ RunTime:0.000860s ]
INFO: [ view_filter ] --END-- [ RunTime:0.000918s ]
INFO: [ app_end ] --START--
INFO: Run Behavior\ShowPageTraceBehavior [ RunTime:0.001117s ]
INFO: [ app_end ] --END-- [ RunTime:0.001185s ]

[ 2016-08-23T16:15:21+08:00 ] ::1 /attendance/index.php/Student/Information/index
INFO: [ app_init ] --START--
INFO: Run Behavior\BuildLiteBehavior [ RunTime:0.000015s ]
INFO: [ app_init ] --END-- [ RunTime:0.000799s ]
INFO: [ app_begin ] --START--
INFO: Run Behavior\ReadHtmlCacheBehavior [ RunTime:0.000692s ]
INFO: [ app_begin ] --END-- [ RunTime:0.000749s ]
SQL: SHOW COLUMNS FROM `kaoqin_student` [ RunTime:0.0010s ]
SQL: SELECT * FROM `kaoqin_student` WHERE ( sid = '1234' ) LIMIT 1   [ RunTime:0.0004s ]
INFO: [ view_parse ] --START--
INFO: [ template_filter ] --START--
INFO: Run Behavior\ContentReplaceBehavior [ RunTime:0.000062s ]
INFO: [ template_filter ] --END-- [ RunTime:0.000102s ]
INFO: Run Behavior\ParseTemplateBehavior [ RunTime:0.088498s ]
INFO: [ view_parse ] --END-- [ RunTime:0.088582s ]
INFO: [ view_filter ] --START--
INFO: Run Behavior\WriteHtmlCacheBehavior [ RunTime:0.000836s ]
INFO: [ view_filter ] --END-- [ RunTime:0.000901s ]
INFO: [ app_end ] --START--
INFO: Run Behavior\ShowPageTraceBehavior [ RunTime:0.001214s ]
INFO: [ app_end ] --END-- [ RunTime:0.001282s ]

[ 2016-08-23T16:15:22+08:00 ] ::1 /attendance/index.php/Student/Attendance/index
INFO: [ app_init ] --START--
INFO: Run Behavior\BuildLiteBehavior [ RunTime:0.000008s ]
INFO: [ app_init ] --END-- [ RunTime:0.000474s ]
INFO: [ app_begin ] --START--
INFO: Run Behavior\ReadHtmlCacheBehavior [ RunTime:0.000521s ]
INFO: [ app_begin ] --END-- [ RunTime:0.000555s ]
SQL: SHOW COLUMNS FROM `kaoqin_class_situtation` [ RunTime:0.0020s ]
SQL: SELECT * FROM `kaoqin_class_situtation` WHERE ( sid='1234' )  [ RunTime:0.0007s ]
SQL: SHOW COLUMNS FROM `kaoqin_course` [ RunTime:0.0024s ]
SQL: SELECT * FROM `kaoqin_course` WHERE ( 1=1 AND cid='123' ) LIMIT 1   [ RunTime:0.0004s ]
SQL: SHOW COLUMNS FROM `kaoqin_student` [ RunTime:0.0025s ]
SQL: SELECT * FROM `kaoqin_student` WHERE ( 1=1 AND sid='1234' ) LIMIT 1   [ RunTime:0.0004s ]
INFO: [ view_parse ] --START--
INFO: [ template_filter ] --START--
INFO: Run Behavior\ContentReplaceBehavior [ RunTime:0.000039s ]
INFO: [ template_filter ] --END-- [ RunTime:0.000070s ]
NOTIC: [8] Undefined variable: stu_data D:\www\Apache24\htdocs\attendance\Application\Runtime\Cache\Student\36a4ee82fd195b80ff7c3185e0d3e4f9.php 第 105 行.
NOTIC: [8] Undefined variable: stu_data D:\www\Apache24\htdocs\attendance\Application\Runtime\Cache\Student\36a4ee82fd195b80ff7c3185e0d3e4f9.php 第 106 行.
INFO: Run Behavior\ParseTemplateBehavior [ RunTime:0.005941s ]
INFO: [ view_parse ] --END-- [ RunTime:0.005978s ]
INFO: [ view_filter ] --START--
INFO: Run Behavior\WriteHtmlCacheBehavior [ RunTime:0.000537s ]
INFO: [ view_filter ] --END-- [ RunTime:0.000566s ]
INFO: [ app_end ] --START--
INFO: Run Behavior\ShowPageTraceBehavior [ RunTime:0.000705s ]
INFO: [ app_end ] --END-- [ RunTime:0.000733s ]

[ 2016-08-23T16:29:12+08:00 ] ::1 /attendance/index.php/Student/Attendance/index.html
INFO: [ app_init ] --START--
INFO: Run Behavior\BuildLiteBehavior [ RunTime:0.000008s ]
INFO: [ app_init ] --END-- [ RunTime:0.000370s ]
INFO: [ app_begin ] --START--
INFO: Run Behavior\ReadHtmlCacheBehavior [ RunTime:0.000651s ]
INFO: [ app_begin ] --END-- [ RunTime:0.000712s ]
SQL: SHOW COLUMNS FROM `kaoqin_class_situtation` [ RunTime:0.0072s ]
SQL: SELECT * FROM `kaoqin_class_situtation` WHERE ( sid='123' )  [ RunTime:0.0005s ]
INFO: [ view_parse ] --START--
INFO: [ template_filter ] --START--
INFO: Run Behavior\ContentReplaceBehavior [ RunTime:0.000042s ]
INFO: [ template_filter ] --END-- [ RunTime:0.000079s ]
NOTIC: [8] Undefined variable: stu_data D:\www\Apache24\htdocs\attendance\Application\Runtime\Cache\Student\36a4ee82fd195b80ff7c3185e0d3e4f9.php 第 105 行.
NOTIC: [8] Undefined variable: stu_data D:\www\Apache24\htdocs\attendance\Application\Runtime\Cache\Student\36a4ee82fd195b80ff7c3185e0d3e4f9.php 第 106 行.
INFO: Run Behavior\ParseTemplateBehavior [ RunTime:0.006134s ]
INFO: [ view_parse ] --END-- [ RunTime:0.006179s ]
INFO: [ view_filter ] --START--
INFO: Run Behavior\WriteHtmlCacheBehavior [ RunTime:0.000561s ]
INFO: [ view_filter ] --END-- [ RunTime:0.000675s ]
INFO: [ app_end ] --START--
INFO: Run Behavior\ShowPageTraceBehavior [ RunTime:0.000938s ]
INFO: [ app_end ] --END-- [ RunTime:0.000991s ]

[ 2016-08-23T16:29:13+08:00 ] ::1 /attendance/index.php/Student/Information/index
INFO: [ app_init ] --START--
INFO: Run Behavior\BuildLiteBehavior [ RunTime:0.000009s ]
INFO: [ app_init ] --END-- [ RunTime:0.000410s ]
INFO: [ app_begin ] --START--
INFO: Run Behavior\ReadHtmlCacheBehavior [ RunTime:0.000474s ]
INFO: [ app_begin ] --END-- [ RunTime:0.000512s ]
SQL: SHOW COLUMNS FROM `kaoqin_student` [ RunTime:0.0025s ]
SQL: SELECT * FROM `kaoqin_student` WHERE ( sid = '123' ) LIMIT 1   [ RunTime:0.0003s ]
INFO: [ view_parse ] --START--
INFO: [ template_filter ] --START--
INFO: Run Behavior\ContentReplaceBehavior [ RunTime:0.000058s ]
INFO: [ template_filter ] --END-- [ RunTime:0.000094s ]
INFO: Run Behavior\ParseTemplateBehavior [ RunTime:0.005650s ]
INFO: [ view_parse ] --END-- [ RunTime:0.005695s ]
INFO: [ view_filter ] --START--
INFO: Run Behavior\WriteHtmlCacheBehavior [ RunTime:0.000820s ]
INFO: [ view_filter ] --END-- [ RunTime:0.000873s ]
INFO: [ app_end ] --START--
INFO: Run Behavior\ShowPageTraceBehavior [ RunTime:0.001303s ]
INFO: [ app_end ] --END-- [ RunTime:0.001369s ]

[ 2016-08-23T16:29:16+08:00 ] ::1 /attendance/index.php/Student/Attendance/index
INFO: [ app_init ] --START--
INFO: Run Behavior\BuildLiteBehavior [ RunTime:0.000008s ]
INFO: [ app_init ] --END-- [ RunTime:0.000465s ]
INFO: [ app_begin ] --START--
INFO: Run Behavior\ReadHtmlCacheBehavior [ RunTime:0.000529s ]
INFO: [ app_begin ] --END-- [ RunTime:0.000563s ]
SQL: SHOW COLUMNS FROM `kaoqin_class_situtation` [ RunTime:0.0027s ]
SQL: SELECT * FROM `kaoqin_class_situtation` WHERE ( sid='123' )  [ RunTime:0.0003s ]
INFO: [ view_parse ] --START--
INFO: [ template_filter ] --START--
INFO: Run Behavior\ContentReplaceBehavior [ RunTime:0.000043s ]
INFO: [ template_filter ] --END-- [ RunTime:0.000087s ]
NOTIC: [8] Undefined variable: stu_data D:\www\Apache24\htdocs\attendance\Application\Runtime\Cache\Student\36a4ee82fd195b80ff7c3185e0d3e4f9.php 第 105 行.
NOTIC: [8] Undefined variable: stu_data D:\www\Apache24\htdocs\attendance\Application\Runtime\Cache\Student\36a4ee82fd195b80ff7c3185e0d3e4f9.php 第 106 行.
INFO: Run Behavior\ParseTemplateBehavior [ RunTime:0.005958s ]
INFO: [ view_parse ] --END-- [ RunTime:0.005994s ]
INFO: [ view_filter ] --START--
INFO: Run Behavior\WriteHtmlCacheBehavior [ RunTime:0.001006s ]
INFO: [ view_filter ] --END-- [ RunTime:0.001041s ]
INFO: [ app_end ] --START--
INFO: Run Behavior\ShowPageTraceBehavior [ RunTime:0.000716s ]
INFO: [ app_end ] --END-- [ RunTime:0.000746s ]

[ 2016-08-23T16:29:16+08:00 ] ::1 /attendance/index.php/Student/Information/index
INFO: [ app_init ] --START--
INFO: Run Behavior\BuildLiteBehavior [ RunTime:0.000009s ]
INFO: [ app_init ] --END-- [ RunTime:0.000386s ]
INFO: [ app_begin ] --START--
INFO: Run Behavior\ReadHtmlCacheBehavior [ RunTime:0.000481s ]
INFO: [ app_begin ] --END-- [ RunTime:0.000518s ]
SQL: SHOW COLUMNS FROM `kaoqin_student` [ RunTime:0.0014s ]
SQL: SELECT * FROM `kaoqin_student` WHERE ( sid = '123' ) LIMIT 1   [ RunTime:0.0003s ]
INFO: [ view_parse ] --START--
INFO: [ template_filter ] --START--
INFO: Run Behavior\ContentReplaceBehavior [ RunTime:0.000067s ]
INFO: [ template_filter ] --END-- [ RunTime:0.000122s ]
INFO: Run Behavior\ParseTemplateBehavior [ RunTime:0.007129s ]
INFO: [ view_parse ] --END-- [ RunTime:0.007174s ]
INFO: [ view_filter ] --START--
INFO: Run Behavior\WriteHtmlCacheBehavior [ RunTime:0.000435s ]
INFO: [ view_filter ] --END-- [ RunTime:0.000463s ]
INFO: [ app_end ] --START--
INFO: Run Behavior\ShowPageTraceBehavior [ RunTime:0.000979s ]
INFO: [ app_end ] --END-- [ RunTime:0.001044s ]

[ 2016-08-23T16:29:17+08:00 ] ::1 /attendance/index.php/Student/Attendance/index
INFO: [ app_init ] --START--
INFO: Run Behavior\BuildLiteBehavior [ RunTime:0.000009s ]
INFO: [ app_init ] --END-- [ RunTime:0.000365s ]
INFO: [ app_begin ] --START--
INFO: Run Behavior\ReadHtmlCacheBehavior [ RunTime:0.000448s ]
INFO: [ app_begin ] --END-- [ RunTime:0.000483s ]
SQL: SHOW COLUMNS FROM `kaoqin_class_situtation` [ RunTime:0.0011s ]
SQL: SELECT * FROM `kaoqin_class_situtation` WHERE ( sid='123' )  [ RunTime:0.0006s ]
INFO: [ view_parse ] --START--
INFO: [ template_filter ] --START--
INFO: Run Behavior\ContentReplaceBehavior [ RunTime:0.000042s ]
INFO: [ template_filter ] --END-- [ RunTime:0.000075s ]
NOTIC: [8] Undefined variable: stu_data D:\www\Apache24\htdocs\attendance\Application\Runtime\Cache\Student\36a4ee82fd195b80ff7c3185e0d3e4f9.php 第 105 行.
NOTIC: [8] Undefined variable: stu_data D:\www\Apache24\htdocs\attendance\Application\Runtime\Cache\Student\36a4ee82fd195b80ff7c3185e0d3e4f9.php 第 106 行.
INFO: Run Behavior\ParseTemplateBehavior [ RunTime:0.005866s ]
INFO: [ view_parse ] --END-- [ RunTime:0.005928s ]
INFO: [ view_filter ] --START--
INFO: Run Behavior\WriteHtmlCacheBehavior [ RunTime:0.000746s ]
INFO: [ view_filter ] --END-- [ RunTime:0.000790s ]
INFO: [ app_end ] --START--
INFO: Run Behavior\ShowPageTraceBehavior [ RunTime:0.000838s ]
INFO: [ app_end ] --END-- [ RunTime:0.000879s ]

[ 2016-08-23T16:29:18+08:00 ] ::1 /attendance/index.php/Student/Information/index
INFO: [ app_init ] --START--
INFO: Run Behavior\BuildLiteBehavior [ RunTime:0.000009s ]
INFO: [ app_init ] --END-- [ RunTime:0.000479s ]
INFO: [ app_begin ] --START--
INFO: Run Behavior\ReadHtmlCacheBehavior [ RunTime:0.000553s ]
INFO: [ app_begin ] --END-- [ RunTime:0.000587s ]
SQL: SHOW COLUMNS FROM `kaoqin_student` [ RunTime:0.0008s ]
SQL: SELECT * FROM `kaoqin_student` WHERE ( sid = '123' ) LIMIT 1   [ RunTime:0.0003s ]
INFO: [ view_parse ] --START--
INFO: [ template_filter ] --START--
INFO: Run Behavior\ContentReplaceBehavior [ RunTime:0.000063s ]
INFO: [ template_filter ] --END-- [ RunTime:0.000103s ]
INFO: Run Behavior\ParseTemplateBehavior [ RunTime:0.006618s ]
INFO: [ view_parse ] --END-- [ RunTime:0.006662s ]
INFO: [ view_filter ] --START--
INFO: Run Behavior\WriteHtmlCacheBehavior [ RunTime:0.000527s ]
INFO: [ view_filter ] --END-- [ RunTime:0.000554s ]
INFO: [ app_end ] --START--
INFO: Run Behavior\ShowPageTraceBehavior [ RunTime:0.000843s ]
INFO: [ app_end ] --END-- [ RunTime:0.000901s ]

[ 2016-08-23T16:31:22+08:00 ] ::1 /attendance/index.php/Student/Attendance/index.html
INFO: [ app_init ] --START--
INFO: Run Behavior\BuildLiteBehavior [ RunTime:0.000012s ]
INFO: [ app_init ] --END-- [ RunTime:0.000674s ]
INFO: [ app_begin ] --START--
INFO: Run Behavior\ReadHtmlCacheBehavior [ RunTime:0.000471s ]
INFO: [ app_begin ] --END-- [ RunTime:0.000506s ]
SQL: SHOW COLUMNS FROM `kaoqin_class_situtation` [ RunTime:0.0014s ]
SQL: SELECT * FROM `kaoqin_class_situtation` WHERE ( sid='1234' )  [ RunTime:0.0004s ]
SQL: SHOW COLUMNS FROM `kaoqin_course` [ RunTime:0.0017s ]
SQL: SELECT * FROM `kaoqin_course` WHERE ( 1=1 AND cid='123' ) LIMIT 1   [ RunTime:0.0003s ]
SQL: SHOW COLUMNS FROM `kaoqin_student` [ RunTime:0.0014s ]
SQL: SELECT * FROM `kaoqin_student` WHERE ( 1=1 AND sid='1234' ) LIMIT 1   [ RunTime:0.0003s ]
INFO: [ view_parse ] --START--
INFO: [ template_filter ] --START--
INFO: Run Behavior\ContentReplaceBehavior [ RunTime:0.000042s ]
INFO: [ template_filter ] --END-- [ RunTime:0.000074s ]
NOTIC: [8] Undefined variable: stu_data D:\www\Apache24\htdocs\attendance\Application\Runtime\Cache\Student\36a4ee82fd195b80ff7c3185e0d3e4f9.php 第 105 行.
NOTIC: [8] Undefined variable: stu_data D:\www\Apache24\htdocs\attendance\Application\Runtime\Cache\Student\36a4ee82fd195b80ff7c3185e0d3e4f9.php 第 106 行.
INFO: Run Behavior\ParseTemplateBehavior [ RunTime:0.006187s ]
INFO: [ view_parse ] --END-- [ RunTime:0.006227s ]
INFO: [ view_filter ] --START--
INFO: Run Behavior\WriteHtmlCacheBehavior [ RunTime:0.000566s ]
INFO: [ view_filter ] --END-- [ RunTime:0.000600s ]
INFO: [ app_end ] --START--
INFO: Run Behavior\ShowPageTraceBehavior [ RunTime:0.000656s ]
INFO: [ app_end ] --END-- [ RunTime:0.000689s ]

[ 2016-08-23T16:31:24+08:00 ] ::1 /attendance/index.php/Student/Information/index
INFO: [ app_init ] --START--
INFO: Run Behavior\BuildLiteBehavior [ RunTime:0.000009s ]
INFO: [ app_init ] --END-- [ RunTime:0.000392s ]
INFO: [ app_begin ] --START--
INFO: Run Behavior\ReadHtmlCacheBehavior [ RunTime:0.000753s ]
INFO: [ app_begin ] --END-- [ RunTime:0.000815s ]
SQL: SHOW COLUMNS FROM `kaoqin_student` [ RunTime:0.0011s ]
SQL: SELECT * FROM `kaoqin_student` WHERE ( sid = '1234' ) LIMIT 1   [ RunTime:0.0004s ]
INFO: [ view_parse ] --START--
INFO: [ template_filter ] --START--
INFO: Run Behavior\ContentReplaceBehavior [ RunTime:0.000059s ]
INFO: [ template_filter ] --END-- [ RunTime:0.000100s ]
INFO: Run Behavior\ParseTemplateBehavior [ RunTime:0.008062s ]
INFO: [ view_parse ] --END-- [ RunTime:0.008116s ]
INFO: [ view_filter ] --START--
INFO: Run Behavior\WriteHtmlCacheBehavior [ RunTime:0.000853s ]
INFO: [ view_filter ] --END-- [ RunTime:0.000910s ]
INFO: [ app_end ] --START--
INFO: Run Behavior\ShowPageTraceBehavior [ RunTime:0.001272s ]
INFO: [ app_end ] --END-- [ RunTime:0.001342s ]

[ 2016-08-23T16:31:25+08:00 ] ::1 /attendance/index.php/Student/Attendance/index
INFO: [ app_init ] --START--
INFO: Run Behavior\BuildLiteBehavior [ RunTime:0.000011s ]
INFO: [ app_init ] --END-- [ RunTime:0.000402s ]
INFO: [ app_begin ] --START--
INFO: Run Behavior\ReadHtmlCacheBehavior [ RunTime:0.000539s ]
INFO: [ app_begin ] --END-- [ RunTime:0.000576s ]
SQL: SHOW COLUMNS FROM `kaoqin_class_situtation` [ RunTime:0.0006s ]
SQL: SELECT * FROM `kaoqin_class_situtation` WHERE ( sid='1234' )  [ RunTime:0.0003s ]
SQL: SHOW COLUMNS FROM `kaoqin_course` [ RunTime:0.0026s ]
SQL: SELECT * FROM `kaoqin_course` WHERE ( 1=1 AND cid='123' ) LIMIT 1   [ RunTime:0.0002s ]
SQL: SHOW COLUMNS FROM `kaoqin_student` [ RunTime:0.0023s ]
SQL: SELECT * FROM `kaoqin_student` WHERE ( 1=1 AND sid='1234' ) LIMIT 1   [ RunTime:0.0003s ]
INFO: [ view_parse ] --START--
INFO: [ template_filter ] --START--
INFO: Run Behavior\ContentReplaceBehavior [ RunTime:0.000043s ]
INFO: [ template_filter ] --END-- [ RunTime:0.000080s ]
NOTIC: [8] Undefined variable: stu_data D:\www\Apache24\htdocs\attendance\Application\Runtime\Cache\Student\36a4ee82fd195b80ff7c3185e0d3e4f9.php 第 105 行.
NOTIC: [8] Undefined variable: stu_data D:\www\Apache24\htdocs\attendance\Application\Runtime\Cache\Student\36a4ee82fd195b80ff7c3185e0d3e4f9.php 第 106 行.
INFO: Run Behavior\ParseTemplateBehavior [ RunTime:0.006985s ]
INFO: [ view_parse ] --END-- [ RunTime:0.007058s ]
INFO: [ view_filter ] --START--
INFO: Run Behavior\WriteHtmlCacheBehavior [ RunTime:0.000552s ]
INFO: [ view_filter ] --END-- [ RunTime:0.000585s ]
INFO: [ app_end ] --START--
INFO: Run Behavior\ShowPageTraceBehavior [ RunTime:0.000969s ]
INFO: [ app_end ] --END-- [ RunTime:0.001016s ]

