[ 2016-08-18T14:45:42+08:00 ] ::1 /attendance/index.php/Home/Attendance/Index
INFO: [ app_init ] --START--
INFO: Run Behavior\BuildLiteBehavior [ RunTime:0.000016s ]
INFO: [ app_init ] --END-- [ RunTime:0.000882s ]
INFO: [ app_begin ] --START--
INFO: Run Behavior\ReadHtmlCacheBehavior [ RunTime:0.001254s ]
INFO: [ app_begin ] --END-- [ RunTime:0.001322s ]
SQL: SHOW COLUMNS FROM `kaoqin_absence` [ RunTime:0.0106s ]
SQL: SELECT * FROM `kaoqin_absence`  [ RunTime:0.0010s ]
INFO: [ view_parse ] --START--
INFO: [ template_filter ] --START--
INFO: Run Behavior\ContentReplaceBehavior [ RunTime:0.000078s ]
INFO: [ template_filter ] --END-- [ RunTime:0.000145s ]
INFO: Run Behavior\ParseTemplateBehavior [ RunTime:0.012601s ]
INFO: [ view_parse ] --END-- [ RunTime:0.012673s ]
INFO: [ view_filter ] --START--
INFO: Run Behavior\WriteHtmlCacheBehavior [ RunTime:0.000876s ]
INFO: [ view_filter ] --END-- [ RunTime:0.000925s ]
INFO: [ app_end ] --START--
INFO: Run Behavior\ShowPageTraceBehavior [ RunTime:0.001920s ]
INFO: [ app_end ] --END-- [ RunTime:0.001984s ]

[ 2016-08-18T15:22:14+08:00 ] ::1 /attendance/index.php/Home/Course/index
INFO: [ app_init ] --START--
INFO: Run Behavior\BuildLiteBehavior [ RunTime:0.000015s ]
INFO: [ app_init ] --END-- [ RunTime:0.000735s ]
INFO: [ app_begin ] --START--
INFO: Run Behavior\ReadHtmlCacheBehavior [ RunTime:0.000741s ]
INFO: [ app_begin ] --END-- [ RunTime:0.000805s ]
SQL: SHOW COLUMNS FROM `kaoqin_course` [ RunTime:0.0067s ]
ERR: Think\Model:relation方法不存在！

[ 2016-08-18T15:22:53+08:00 ] ::1 /attendance/index.php/Home/Student/index
INFO: [ app_init ] --START--
INFO: Run Behavior\BuildLiteBehavior [ RunTime:0.000010s ]
INFO: [ app_init ] --END-- [ RunTime:0.000487s ]
INFO: [ app_begin ] --START--
INFO: Run Behavior\ReadHtmlCacheBehavior [ RunTime:0.000796s ]
INFO: [ app_begin ] --END-- [ RunTime:0.000845s ]
SQL: SHOW COLUMNS FROM `kaoqin_student` [ RunTime:0.0022s ]
SQL: SELECT * FROM `kaoqin_student`  [ RunTime:0.0006s ]
INFO: [ view_parse ] --START--
INFO: [ template_filter ] --START--
INFO: Run Behavior\ContentReplaceBehavior [ RunTime:0.000137s ]
INFO: [ template_filter ] --END-- [ RunTime:0.000219s ]
INFO: Run Behavior\ParseTemplateBehavior [ RunTime:0.011604s ]
INFO: [ view_parse ] --END-- [ RunTime:0.011661s ]
INFO: [ view_filter ] --START--
INFO: Run Behavior\WriteHtmlCacheBehavior [ RunTime:0.000485s ]
INFO: [ view_filter ] --END-- [ RunTime:0.000514s ]
INFO: [ app_end ] --START--
INFO: Run Behavior\ShowPageTraceBehavior [ RunTime:0.001081s ]
INFO: [ app_end ] --END-- [ RunTime:0.001132s ]

[ 2016-08-18T15:22:54+08:00 ] ::1 /attendance/index.php/Home/Course/index
INFO: [ app_init ] --START--
INFO: Run Behavior\BuildLiteBehavior [ RunTime:0.000009s ]
INFO: [ app_init ] --END-- [ RunTime:0.000499s ]
INFO: [ app_begin ] --START--
INFO: Run Behavior\ReadHtmlCacheBehavior [ RunTime:0.000512s ]
INFO: [ app_begin ] --END-- [ RunTime:0.000545s ]
SQL: SHOW COLUMNS FROM `kaoqin_course` [ RunTime:0.0028s ]
SQL: SELECT * FROM `kaoqin_course`  [ RunTime:0.0005s ]
SQL: SHOW COLUMNS FROM `kaoqin_teacher` [ RunTime:0.0021s ]
SQL: SELECT * FROM `kaoqin_teacher` WHERE ( 1=1 AND tid='12313' ) LIMIT 1   [ RunTime:0.0013s ]
SQL: SHOW COLUMNS FROM `kaoqin_class_situtation` [ RunTime:0.0037s ]
SQL: SELECT * FROM `kaoqin_class_situtation` WHERE ( 1=1 AND cid='123' )  [ RunTime:0.0029s ]
SQL: SELECT * FROM `kaoqin_teacher` WHERE ( 1=1 AND tid='' ) LIMIT 1   [ RunTime:0.0006s ]
SQL: SELECT * FROM `kaoqin_class_situtation` WHERE ( 1=1 AND cid='1234' )  [ RunTime:0.0003s ]
INFO: [ view_parse ] --START--
INFO: [ template_filter ] --START--
INFO: Run Behavior\ContentReplaceBehavior [ RunTime:0.000089s ]
INFO: [ template_filter ] --END-- [ RunTime:0.000156s ]
NOTIC: [8] Undefined variable: teachers D:\www\Apache24\htdocs\attendance\Application\Runtime\Cache\Home\5fd5f4d6eb6ceaf4d8869415689e1250.php 第 205 行.
INFO: Run Behavior\ParseTemplateBehavior [ RunTime:0.010481s ]
INFO: [ view_parse ] --END-- [ RunTime:0.010524s ]
INFO: [ view_filter ] --START--
INFO: Run Behavior\WriteHtmlCacheBehavior [ RunTime:0.000550s ]
INFO: [ view_filter ] --END-- [ RunTime:0.000590s ]
INFO: [ app_end ] --START--
INFO: Run Behavior\ShowPageTraceBehavior [ RunTime:0.000953s ]
INFO: [ app_end ] --END-- [ RunTime:0.001006s ]

[ 2016-08-18T17:14:23+08:00 ] ::1 /attendance/index.php/Home/Course/index
INFO: [ app_init ] --START--
INFO: Run Behavior\BuildLiteBehavior [ RunTime:0.000013s ]
INFO: [ app_init ] --END-- [ RunTime:0.001068s ]
INFO: [ app_begin ] --START--
INFO: Run Behavior\ReadHtmlCacheBehavior [ RunTime:0.000841s ]
INFO: [ app_begin ] --END-- [ RunTime:0.000885s ]
SQL: SHOW COLUMNS FROM `kaoqin_course` [ RunTime:0.0043s ]
SQL: SELECT * FROM `kaoqin_course`  [ RunTime:0.0012s ]
SQL: SHOW COLUMNS FROM `kaoqin_teacher` [ RunTime:0.0015s ]
SQL: SELECT * FROM `kaoqin_teacher` WHERE ( 1=1 AND tid='12313' ) LIMIT 1   [ RunTime:0.0008s ]
SQL: SELECT * FROM `kaoqin_teacher` WHERE ( 1=1 AND tid='' ) LIMIT 1   [ RunTime:0.0005s ]
INFO: [ view_parse ] --START--
INFO: [ template_filter ] --START--
INFO: Run Behavior\ContentReplaceBehavior [ RunTime:0.000119s ]
INFO: [ template_filter ] --END-- [ RunTime:0.000184s ]
NOTIC: [8] Undefined variable: teachers D:\www\Apache24\htdocs\attendance\Application\Runtime\Cache\Home\5fd5f4d6eb6ceaf4d8869415689e1250.php 第 205 行.
INFO: Run Behavior\ParseTemplateBehavior [ RunTime:0.018716s ]
INFO: [ view_parse ] --END-- [ RunTime:0.018810s ]
INFO: [ view_filter ] --START--
INFO: Run Behavior\WriteHtmlCacheBehavior [ RunTime:0.001661s ]
INFO: [ view_filter ] --END-- [ RunTime:0.001740s ]
INFO: [ app_end ] --START--
INFO: Run Behavior\ShowPageTraceBehavior [ RunTime:0.002100s ]
INFO: [ app_end ] --END-- [ RunTime:0.002209s ]

[ 2016-08-18T19:48:47+08:00 ] ::1 /attendance/index.php/Home/Attendance/Index
INFO: [ app_init ] --START--
INFO: Run Behavior\BuildLiteBehavior [ RunTime:0.000740s ]
INFO: [ app_init ] --END-- [ RunTime:0.003577s ]
INFO: [ app_begin ] --START--
INFO: Run Behavior\ReadHtmlCacheBehavior [ RunTime:0.001438s ]
INFO: [ app_begin ] --END-- [ RunTime:0.001519s ]
SQL: SHOW COLUMNS FROM `kaoqin_absence` [ RunTime:0.1102s ]
SQL: SELECT * FROM `kaoqin_absence`  [ RunTime:0.0008s ]
INFO: [ view_parse ] --START--
INFO: [ template_filter ] --START--
INFO: Run Behavior\ContentReplaceBehavior [ RunTime:0.002286s ]
INFO: [ template_filter ] --END-- [ RunTime:0.002363s ]
INFO: Run Behavior\ParseTemplateBehavior [ RunTime:0.024785s ]
INFO: [ view_parse ] --END-- [ RunTime:0.024876s ]
INFO: [ view_filter ] --START--
INFO: Run Behavior\WriteHtmlCacheBehavior [ RunTime:0.001277s ]
INFO: [ view_filter ] --END-- [ RunTime:0.001333s ]
INFO: [ app_end ] --START--
INFO: Run Behavior\ShowPageTraceBehavior [ RunTime:0.001576s ]
INFO: [ app_end ] --END-- [ RunTime:0.001651s ]

[ 2016-08-18T19:48:53+08:00 ] ::1 /attendance/index.php/Home/Class/index
INFO: [ app_init ] --START--
INFO: Run Behavior\BuildLiteBehavior [ RunTime:0.000013s ]
INFO: [ app_init ] --END-- [ RunTime:0.000574s ]
INFO: [ app_begin ] --START--
INFO: Run Behavior\ReadHtmlCacheBehavior [ RunTime:0.000575s ]
INFO: [ app_begin ] --END-- [ RunTime:0.000611s ]
SQL: SHOW COLUMNS FROM `kaoqin_class_situtation` [ RunTime:0.0320s ]
SQL: SELECT * FROM `kaoqin_class_situtation`  [ RunTime:0.0010s ]
SQL: SHOW COLUMNS FROM `kaoqin_course` [ RunTime:0.0058s ]
SQL: SELECT * FROM `kaoqin_course` WHERE ( 1=1 AND cid='123' ) LIMIT 1   [ RunTime:0.0051s ]
SQL: SHOW COLUMNS FROM `kaoqin_student` [ RunTime:0.0346s ]
SQL: SELECT * FROM `kaoqin_student` WHERE ( 1=1 AND sid='1234' ) LIMIT 1   [ RunTime:0.0010s ]
SQL: SELECT * FROM `kaoqin_course` WHERE ( 1=1 AND cid='1234' ) LIMIT 1   [ RunTime:0.0004s ]
SQL: SELECT * FROM `kaoqin_student` WHERE ( 1=1 AND sid='123456' ) LIMIT 1   [ RunTime:0.0005s ]
INFO: [ view_parse ] --START--
INFO: [ template_filter ] --START--
INFO: Run Behavior\ContentReplaceBehavior [ RunTime:0.000082s ]
INFO: [ template_filter ] --END-- [ RunTime:0.000167s ]
INFO: Run Behavior\ParseTemplateBehavior [ RunTime:0.009687s ]
INFO: [ view_parse ] --END-- [ RunTime:0.009765s ]
INFO: [ view_filter ] --START--
INFO: Run Behavior\WriteHtmlCacheBehavior [ RunTime:0.000766s ]
INFO: [ view_filter ] --END-- [ RunTime:0.000829s ]
INFO: [ app_end ] --START--
INFO: Run Behavior\ShowPageTraceBehavior [ RunTime:0.001217s ]
INFO: [ app_end ] --END-- [ RunTime:0.001316s ]

[ 2016-08-18T19:48:57+08:00 ] ::1 /attendance/index.php/Home/Course/index
INFO: [ app_init ] --START--
INFO: Run Behavior\BuildLiteBehavior [ RunTime:0.000011s ]
INFO: [ app_init ] --END-- [ RunTime:0.000414s ]
INFO: [ app_begin ] --START--
INFO: Run Behavior\ReadHtmlCacheBehavior [ RunTime:0.000728s ]
INFO: [ app_begin ] --END-- [ RunTime:0.000787s ]
SQL: SHOW COLUMNS FROM `kaoqin_course` [ RunTime:0.0032s ]
SQL: SELECT * FROM `kaoqin_course`  [ RunTime:0.0009s ]
SQL: SHOW COLUMNS FROM `kaoqin_teacher` [ RunTime:0.0041s ]
SQL: SELECT * FROM `kaoqin_teacher` WHERE ( 1=1 AND tid='12313' ) LIMIT 1   [ RunTime:0.0006s ]
SQL: SELECT * FROM `kaoqin_teacher` WHERE ( 1=1 AND tid='' ) LIMIT 1   [ RunTime:0.0004s ]
INFO: [ view_parse ] --START--
INFO: [ template_filter ] --START--
INFO: Run Behavior\ContentReplaceBehavior [ RunTime:0.000102s ]
INFO: [ template_filter ] --END-- [ RunTime:0.000178s ]
NOTIC: [8] Undefined variable: teachers D:\www\Apache24\htdocs\attendance\Application\Runtime\Cache\Home\5fd5f4d6eb6ceaf4d8869415689e1250.php 第 205 行.
INFO: Run Behavior\ParseTemplateBehavior [ RunTime:0.012421s ]
INFO: [ view_parse ] --END-- [ RunTime:0.012502s ]
INFO: [ view_filter ] --START--
INFO: Run Behavior\WriteHtmlCacheBehavior [ RunTime:0.000888s ]
INFO: [ view_filter ] --END-- [ RunTime:0.000948s ]
INFO: [ app_end ] --START--
INFO: Run Behavior\ShowPageTraceBehavior [ RunTime:0.001250s ]
INFO: [ app_end ] --END-- [ RunTime:0.001328s ]

[ 2016-08-18T19:48:59+08:00 ] ::1 /attendance/index.php/Home/Student/index
INFO: [ app_init ] --START--
INFO: Run Behavior\BuildLiteBehavior [ RunTime:0.000013s ]
INFO: [ app_init ] --END-- [ RunTime:0.002127s ]
INFO: [ app_begin ] --START--
INFO: Run Behavior\ReadHtmlCacheBehavior [ RunTime:0.000615s ]
INFO: [ app_begin ] --END-- [ RunTime:0.000665s ]
SQL: SHOW COLUMNS FROM `kaoqin_student` [ RunTime:0.0025s ]
SQL: SELECT * FROM `kaoqin_student`  [ RunTime:0.0015s ]
INFO: [ view_parse ] --START--
INFO: [ template_filter ] --START--
INFO: Run Behavior\ContentReplaceBehavior [ RunTime:0.000108s ]
INFO: [ template_filter ] --END-- [ RunTime:0.000150s ]
INFO: Run Behavior\ParseTemplateBehavior [ RunTime:0.009667s ]
INFO: [ view_parse ] --END-- [ RunTime:0.009725s ]
INFO: [ view_filter ] --START--
INFO: Run Behavior\WriteHtmlCacheBehavior [ RunTime:0.000553s ]
INFO: [ view_filter ] --END-- [ RunTime:0.000586s ]
INFO: [ app_end ] --START--
INFO: Run Behavior\ShowPageTraceBehavior [ RunTime:0.001110s ]
INFO: [ app_end ] --END-- [ RunTime:0.001178s ]

[ 2016-08-18T19:49:00+08:00 ] ::1 /attendance/index.php/Home/Teacher/index
INFO: [ app_init ] --START--
INFO: Run Behavior\BuildLiteBehavior [ RunTime:0.000011s ]
INFO: [ app_init ] --END-- [ RunTime:0.000454s ]
INFO: [ app_begin ] --START--
INFO: Run Behavior\ReadHtmlCacheBehavior [ RunTime:0.000880s ]
INFO: [ app_begin ] --END-- [ RunTime:0.001024s ]
SQL: SHOW COLUMNS FROM `kaoqin_teacher` [ RunTime:0.0038s ]
SQL: SELECT * FROM `kaoqin_teacher`  [ RunTime:0.0004s ]
INFO: [ view_parse ] --START--
INFO: [ template_filter ] --START--
INFO: Run Behavior\ContentReplaceBehavior [ RunTime:0.000096s ]
INFO: [ template_filter ] --END-- [ RunTime:0.000158s ]
NOTIC: [8] Use of undefined constant vo - assumed 'vo' D:\www\Apache24\htdocs\attendance\Application\Runtime\Cache\Home\2f776ce711082c7ddb105e1aedca79e2.php 第 98 行.
NOTIC: [8] Use of undefined constant tsex - assumed 'tsex' D:\www\Apache24\htdocs\attendance\Application\Runtime\Cache\Home\2f776ce711082c7ddb105e1aedca79e2.php 第 98 行.
NOTIC: [8] Use of undefined constant vo - assumed 'vo' D:\www\Apache24\htdocs\attendance\Application\Runtime\Cache\Home\2f776ce711082c7ddb105e1aedca79e2.php 第 98 行.
NOTIC: [8] Use of undefined constant tsex - assumed 'tsex' D:\www\Apache24\htdocs\attendance\Application\Runtime\Cache\Home\2f776ce711082c7ddb105e1aedca79e2.php 第 98 行.
INFO: Run Behavior\ParseTemplateBehavior [ RunTime:0.010398s ]
INFO: [ view_parse ] --END-- [ RunTime:0.010447s ]
INFO: [ view_filter ] --START--
INFO: Run Behavior\WriteHtmlCacheBehavior [ RunTime:0.000706s ]
INFO: [ view_filter ] --END-- [ RunTime:0.000749s ]
INFO: [ app_end ] --START--
INFO: Run Behavior\ShowPageTraceBehavior [ RunTime:0.001214s ]
INFO: [ app_end ] --END-- [ RunTime:0.001280s ]

[ 2016-08-18T19:49:01+08:00 ] ::1 /attendance/index.php/Home/Student/index
INFO: [ app_init ] --START--
INFO: Run Behavior\BuildLiteBehavior [ RunTime:0.000014s ]
INFO: [ app_init ] --END-- [ RunTime:0.000678s ]
INFO: [ app_begin ] --START--
INFO: Run Behavior\ReadHtmlCacheBehavior [ RunTime:0.001033s ]
INFO: [ app_begin ] --END-- [ RunTime:0.001189s ]
SQL: SHOW COLUMNS FROM `kaoqin_student` [ RunTime:0.0024s ]
SQL: SELECT * FROM `kaoqin_student`  [ RunTime:0.0004s ]
INFO: [ view_parse ] --START--
INFO: [ template_filter ] --START--
INFO: Run Behavior\ContentReplaceBehavior [ RunTime:0.000123s ]
INFO: [ template_filter ] --END-- [ RunTime:0.000184s ]
INFO: Run Behavior\ParseTemplateBehavior [ RunTime:0.010607s ]
INFO: [ view_parse ] --END-- [ RunTime:0.010676s ]
INFO: [ view_filter ] --START--
INFO: Run Behavior\WriteHtmlCacheBehavior [ RunTime:0.000687s ]
INFO: [ view_filter ] --END-- [ RunTime:0.000738s ]
INFO: [ app_end ] --START--
INFO: Run Behavior\ShowPageTraceBehavior [ RunTime:0.001090s ]
INFO: [ app_end ] --END-- [ RunTime:0.001203s ]

[ 2016-08-18T19:49:01+08:00 ] ::1 /attendance/index.php/Home/Class/index
INFO: [ app_init ] --START--
INFO: Run Behavior\BuildLiteBehavior [ RunTime:0.000011s ]
INFO: [ app_init ] --END-- [ RunTime:0.000433s ]
INFO: [ app_begin ] --START--
INFO: Run Behavior\ReadHtmlCacheBehavior [ RunTime:0.000493s ]
INFO: [ app_begin ] --END-- [ RunTime:0.000539s ]
SQL: SHOW COLUMNS FROM `kaoqin_class_situtation` [ RunTime:0.0032s ]
SQL: SELECT * FROM `kaoqin_class_situtation`  [ RunTime:0.0004s ]
SQL: SHOW COLUMNS FROM `kaoqin_course` [ RunTime:0.0036s ]
SQL: SELECT * FROM `kaoqin_course` WHERE ( 1=1 AND cid='123' ) LIMIT 1   [ RunTime:0.0008s ]
SQL: SHOW COLUMNS FROM `kaoqin_student` [ RunTime:0.0026s ]
SQL: SELECT * FROM `kaoqin_student` WHERE ( 1=1 AND sid='1234' ) LIMIT 1   [ RunTime:0.0006s ]
SQL: SELECT * FROM `kaoqin_course` WHERE ( 1=1 AND cid='1234' ) LIMIT 1   [ RunTime:0.0004s ]
SQL: SELECT * FROM `kaoqin_student` WHERE ( 1=1 AND sid='123456' ) LIMIT 1   [ RunTime:0.0005s ]
INFO: [ view_parse ] --START--
INFO: [ template_filter ] --START--
INFO: Run Behavior\ContentReplaceBehavior [ RunTime:0.000086s ]
INFO: [ template_filter ] --END-- [ RunTime:0.000172s ]
INFO: Run Behavior\ParseTemplateBehavior [ RunTime:0.009180s ]
INFO: [ view_parse ] --END-- [ RunTime:0.009244s ]
INFO: [ view_filter ] --START--
INFO: Run Behavior\WriteHtmlCacheBehavior [ RunTime:0.000506s ]
INFO: [ view_filter ] --END-- [ RunTime:0.000540s ]
INFO: [ app_end ] --START--
INFO: Run Behavior\ShowPageTraceBehavior [ RunTime:0.001225s ]
INFO: [ app_end ] --END-- [ RunTime:0.001306s ]

[ 2016-08-18T19:49:02+08:00 ] ::1 /attendance/index.php/Home/Class/index
INFO: [ app_init ] --START--
INFO: Run Behavior\BuildLiteBehavior [ RunTime:0.000010s ]
INFO: [ app_init ] --END-- [ RunTime:0.000510s ]
INFO: [ app_begin ] --START--
INFO: Run Behavior\ReadHtmlCacheBehavior [ RunTime:0.000500s ]
INFO: [ app_begin ] --END-- [ RunTime:0.000538s ]
SQL: SHOW COLUMNS FROM `kaoqin_class_situtation` [ RunTime:0.0026s ]
SQL: SELECT * FROM `kaoqin_class_situtation`  [ RunTime:0.0003s ]
SQL: SHOW COLUMNS FROM `kaoqin_course` [ RunTime:0.0020s ]
SQL: SELECT * FROM `kaoqin_course` WHERE ( 1=1 AND cid='123' ) LIMIT 1   [ RunTime:0.0003s ]
SQL: SHOW COLUMNS FROM `kaoqin_student` [ RunTime:0.0017s ]
SQL: SELECT * FROM `kaoqin_student` WHERE ( 1=1 AND sid='1234' ) LIMIT 1   [ RunTime:0.0004s ]
SQL: SELECT * FROM `kaoqin_course` WHERE ( 1=1 AND cid='1234' ) LIMIT 1   [ RunTime:0.0003s ]
SQL: SELECT * FROM `kaoqin_student` WHERE ( 1=1 AND sid='123456' ) LIMIT 1   [ RunTime:0.0003s ]
INFO: [ view_parse ] --START--
INFO: [ template_filter ] --START--
INFO: Run Behavior\ContentReplaceBehavior [ RunTime:0.000079s ]
INFO: [ template_filter ] --END-- [ RunTime:0.000139s ]
INFO: Run Behavior\ParseTemplateBehavior [ RunTime:0.007595s ]
INFO: [ view_parse ] --END-- [ RunTime:0.007644s ]
INFO: [ view_filter ] --START--
INFO: Run Behavior\WriteHtmlCacheBehavior [ RunTime:0.000468s ]
INFO: [ view_filter ] --END-- [ RunTime:0.000502s ]
INFO: [ app_end ] --START--
INFO: Run Behavior\ShowPageTraceBehavior [ RunTime:0.001036s ]
INFO: [ app_end ] --END-- [ RunTime:0.001100s ]

[ 2016-08-18T19:49:02+08:00 ] ::1 /attendance/index.php/Home/Attendance/index
INFO: [ app_init ] --START--
INFO: Run Behavior\BuildLiteBehavior [ RunTime:0.000021s ]
INFO: [ app_init ] --END-- [ RunTime:0.000471s ]
INFO: [ app_begin ] --START--
INFO: Run Behavior\ReadHtmlCacheBehavior [ RunTime:0.000484s ]
INFO: [ app_begin ] --END-- [ RunTime:0.000523s ]
SQL: SHOW COLUMNS FROM `kaoqin_absence` [ RunTime:0.0017s ]
SQL: SELECT * FROM `kaoqin_absence`  [ RunTime:0.0003s ]
INFO: [ view_parse ] --START--
INFO: [ template_filter ] --START--
INFO: Run Behavior\ContentReplaceBehavior [ RunTime:0.000049s ]
INFO: [ template_filter ] --END-- [ RunTime:0.000095s ]
INFO: Run Behavior\ParseTemplateBehavior [ RunTime:0.017984s ]
INFO: [ view_parse ] --END-- [ RunTime:0.018052s ]
INFO: [ view_filter ] --START--
INFO: Run Behavior\WriteHtmlCacheBehavior [ RunTime:0.001453s ]
INFO: [ view_filter ] --END-- [ RunTime:0.001493s ]
INFO: [ app_end ] --START--
INFO: Run Behavior\ShowPageTraceBehavior [ RunTime:0.000908s ]
INFO: [ app_end ] --END-- [ RunTime:0.000950s ]

[ 2016-08-18T19:49:04+08:00 ] ::1 /attendance/index.php/Home/Teacher/index
INFO: [ app_init ] --START--
INFO: Run Behavior\BuildLiteBehavior [ RunTime:0.000013s ]
INFO: [ app_init ] --END-- [ RunTime:0.000571s ]
INFO: [ app_begin ] --START--
INFO: Run Behavior\ReadHtmlCacheBehavior [ RunTime:0.000618s ]
INFO: [ app_begin ] --END-- [ RunTime:0.000670s ]
SQL: SHOW COLUMNS FROM `kaoqin_teacher` [ RunTime:0.0019s ]
SQL: SELECT * FROM `kaoqin_teacher`  [ RunTime:0.0003s ]
INFO: [ view_parse ] --START--
INFO: [ template_filter ] --START--
INFO: Run Behavior\ContentReplaceBehavior [ RunTime:0.000100s ]
INFO: [ template_filter ] --END-- [ RunTime:0.000145s ]
NOTIC: [8] Use of undefined constant vo - assumed 'vo' D:\www\Apache24\htdocs\attendance\Application\Runtime\Cache\Home\2f776ce711082c7ddb105e1aedca79e2.php 第 98 行.
NOTIC: [8] Use of undefined constant tsex - assumed 'tsex' D:\www\Apache24\htdocs\attendance\Application\Runtime\Cache\Home\2f776ce711082c7ddb105e1aedca79e2.php 第 98 行.
NOTIC: [8] Use of undefined constant vo - assumed 'vo' D:\www\Apache24\htdocs\attendance\Application\Runtime\Cache\Home\2f776ce711082c7ddb105e1aedca79e2.php 第 98 行.
NOTIC: [8] Use of undefined constant tsex - assumed 'tsex' D:\www\Apache24\htdocs\attendance\Application\Runtime\Cache\Home\2f776ce711082c7ddb105e1aedca79e2.php 第 98 行.
INFO: Run Behavior\ParseTemplateBehavior [ RunTime:0.007802s ]
INFO: [ view_parse ] --END-- [ RunTime:0.007840s ]
INFO: [ view_filter ] --START--
INFO: Run Behavior\WriteHtmlCacheBehavior [ RunTime:0.000531s ]
INFO: [ view_filter ] --END-- [ RunTime:0.000564s ]
INFO: [ app_end ] --START--
INFO: Run Behavior\ShowPageTraceBehavior [ RunTime:0.000950s ]
INFO: [ app_end ] --END-- [ RunTime:0.001019s ]

[ 2016-08-18T19:49:05+08:00 ] ::1 /attendance/index.php/Home/Course/index
INFO: [ app_init ] --START--
INFO: Run Behavior\BuildLiteBehavior [ RunTime:0.000011s ]
INFO: [ app_init ] --END-- [ RunTime:0.000437s ]
INFO: [ app_begin ] --START--
INFO: Run Behavior\ReadHtmlCacheBehavior [ RunTime:0.000542s ]
INFO: [ app_begin ] --END-- [ RunTime:0.000582s ]
SQL: SHOW COLUMNS FROM `kaoqin_course` [ RunTime:0.0057s ]
SQL: SELECT * FROM `kaoqin_course`  [ RunTime:0.0010s ]
SQL: SHOW COLUMNS FROM `kaoqin_teacher` [ RunTime:0.0026s ]
SQL: SELECT * FROM `kaoqin_teacher` WHERE ( 1=1 AND tid='12313' ) LIMIT 1   [ RunTime:0.0005s ]
SQL: SELECT * FROM `kaoqin_teacher` WHERE ( 1=1 AND tid='' ) LIMIT 1   [ RunTime:0.0005s ]
INFO: [ view_parse ] --START--
INFO: [ template_filter ] --START--
INFO: Run Behavior\ContentReplaceBehavior [ RunTime:0.000109s ]
INFO: [ template_filter ] --END-- [ RunTime:0.000162s ]
NOTIC: [8] Undefined variable: teachers D:\www\Apache24\htdocs\attendance\Application\Runtime\Cache\Home\5fd5f4d6eb6ceaf4d8869415689e1250.php 第 205 行.
INFO: Run Behavior\ParseTemplateBehavior [ RunTime:0.008797s ]
INFO: [ view_parse ] --END-- [ RunTime:0.008845s ]
INFO: [ view_filter ] --START--
INFO: Run Behavior\WriteHtmlCacheBehavior [ RunTime:0.000684s ]
INFO: [ view_filter ] --END-- [ RunTime:0.000727s ]
INFO: [ app_end ] --START--
INFO: Run Behavior\ShowPageTraceBehavior [ RunTime:0.001812s ]
INFO: [ app_end ] --END-- [ RunTime:0.001886s ]

[ 2016-08-18T19:49:05+08:00 ] ::1 /attendance/index.php/Home/Class/index
INFO: [ app_init ] --START--
INFO: Run Behavior\BuildLiteBehavior [ RunTime:0.000015s ]
INFO: [ app_init ] --END-- [ RunTime:0.000598s ]
INFO: [ app_begin ] --START--
INFO: Run Behavior\ReadHtmlCacheBehavior [ RunTime:0.000811s ]
INFO: [ app_begin ] --END-- [ RunTime:0.000868s ]
SQL: SHOW COLUMNS FROM `kaoqin_class_situtation` [ RunTime:0.0022s ]
SQL: SELECT * FROM `kaoqin_class_situtation`  [ RunTime:0.0003s ]
SQL: SHOW COLUMNS FROM `kaoqin_course` [ RunTime:0.0030s ]
SQL: SELECT * FROM `kaoqin_course` WHERE ( 1=1 AND cid='123' ) LIMIT 1   [ RunTime:0.0004s ]
SQL: SHOW COLUMNS FROM `kaoqin_student` [ RunTime:0.0026s ]
SQL: SELECT * FROM `kaoqin_student` WHERE ( 1=1 AND sid='1234' ) LIMIT 1   [ RunTime:0.0005s ]
SQL: SELECT * FROM `kaoqin_course` WHERE ( 1=1 AND cid='1234' ) LIMIT 1   [ RunTime:0.0005s ]
SQL: SELECT * FROM `kaoqin_student` WHERE ( 1=1 AND sid='123456' ) LIMIT 1   [ RunTime:0.0005s ]
INFO: [ view_parse ] --START--
INFO: [ template_filter ] --START--
INFO: Run Behavior\ContentReplaceBehavior [ RunTime:0.000074s ]
INFO: [ template_filter ] --END-- [ RunTime:0.000124s ]
INFO: Run Behavior\ParseTemplateBehavior [ RunTime:0.009734s ]
INFO: [ view_parse ] --END-- [ RunTime:0.009800s ]
INFO: [ view_filter ] --START--
INFO: Run Behavior\WriteHtmlCacheBehavior [ RunTime:0.000663s ]
INFO: [ view_filter ] --END-- [ RunTime:0.000706s ]
INFO: [ app_end ] --START--
INFO: Run Behavior\ShowPageTraceBehavior [ RunTime:0.001308s ]
INFO: [ app_end ] --END-- [ RunTime:0.001383s ]

[ 2016-08-18T19:49:06+08:00 ] ::1 /attendance/index.php/Home/Attendance/index
INFO: [ app_init ] --START--
INFO: Run Behavior\BuildLiteBehavior [ RunTime:0.000014s ]
INFO: [ app_init ] --END-- [ RunTime:0.000713s ]
INFO: [ app_begin ] --START--
INFO: Run Behavior\ReadHtmlCacheBehavior [ RunTime:0.000855s ]
INFO: [ app_begin ] --END-- [ RunTime:0.000919s ]
SQL: SHOW COLUMNS FROM `kaoqin_absence` [ RunTime:0.0030s ]
SQL: SELECT * FROM `kaoqin_absence`  [ RunTime:0.0003s ]
INFO: [ view_parse ] --START--
INFO: [ template_filter ] --START--
INFO: Run Behavior\ContentReplaceBehavior [ RunTime:0.000069s ]
INFO: [ template_filter ] --END-- [ RunTime:0.000134s ]
INFO: Run Behavior\ParseTemplateBehavior [ RunTime:0.009508s ]
INFO: [ view_parse ] --END-- [ RunTime:0.009580s ]
INFO: [ view_filter ] --START--
INFO: Run Behavior\WriteHtmlCacheBehavior [ RunTime:0.000828s ]
INFO: [ view_filter ] --END-- [ RunTime:0.000883s ]
INFO: [ app_end ] --START--
INFO: Run Behavior\ShowPageTraceBehavior [ RunTime:0.001172s ]
INFO: [ app_end ] --END-- [ RunTime:0.001230s ]

[ 2016-08-18T19:49:07+08:00 ] ::1 /attendance/index.php/Home/Class/index
INFO: [ app_init ] --START--
INFO: Run Behavior\BuildLiteBehavior [ RunTime:0.000012s ]
INFO: [ app_init ] --END-- [ RunTime:0.000482s ]
INFO: [ app_begin ] --START--
INFO: Run Behavior\ReadHtmlCacheBehavior [ RunTime:0.000829s ]
INFO: [ app_begin ] --END-- [ RunTime:0.000892s ]
SQL: SHOW COLUMNS FROM `kaoqin_class_situtation` [ RunTime:0.0020s ]
SQL: SELECT * FROM `kaoqin_class_situtation`  [ RunTime:0.0003s ]
SQL: SHOW COLUMNS FROM `kaoqin_course` [ RunTime:0.0021s ]
SQL: SELECT * FROM `kaoqin_course` WHERE ( 1=1 AND cid='123' ) LIMIT 1   [ RunTime:0.0003s ]
SQL: SHOW COLUMNS FROM `kaoqin_student` [ RunTime:0.0017s ]
SQL: SELECT * FROM `kaoqin_student` WHERE ( 1=1 AND sid='1234' ) LIMIT 1   [ RunTime:0.0005s ]
SQL: SELECT * FROM `kaoqin_course` WHERE ( 1=1 AND cid='1234' ) LIMIT 1   [ RunTime:0.0003s ]
SQL: SELECT * FROM `kaoqin_student` WHERE ( 1=1 AND sid='123456' ) LIMIT 1   [ RunTime:0.0003s ]
INFO: [ view_parse ] --START--
INFO: [ template_filter ] --START--
INFO: Run Behavior\ContentReplaceBehavior [ RunTime:0.000068s ]
INFO: [ template_filter ] --END-- [ RunTime:0.000109s ]
INFO: Run Behavior\ParseTemplateBehavior [ RunTime:0.007372s ]
INFO: [ view_parse ] --END-- [ RunTime:0.007426s ]
INFO: [ view_filter ] --START--
INFO: Run Behavior\WriteHtmlCacheBehavior [ RunTime:0.000547s ]
INFO: [ view_filter ] --END-- [ RunTime:0.000584s ]
INFO: [ app_end ] --START--
INFO: Run Behavior\ShowPageTraceBehavior [ RunTime:0.002070s ]
INFO: [ app_end ] --END-- [ RunTime:0.002148s ]

[ 2016-08-18T19:49:08+08:00 ] ::1 /attendance/index.php/Home/Attendance/index
INFO: [ app_init ] --START--
INFO: Run Behavior\BuildLiteBehavior [ RunTime:0.000010s ]
INFO: [ app_init ] --END-- [ RunTime:0.000537s ]
INFO: [ app_begin ] --START--
INFO: Run Behavior\ReadHtmlCacheBehavior [ RunTime:0.000576s ]
INFO: [ app_begin ] --END-- [ RunTime:0.000621s ]
SQL: SHOW COLUMNS FROM `kaoqin_absence` [ RunTime:0.0033s ]
SQL: SELECT * FROM `kaoqin_absence`  [ RunTime:0.0007s ]
INFO: [ view_parse ] --START--
INFO: [ template_filter ] --START--
INFO: Run Behavior\ContentReplaceBehavior [ RunTime:0.000057s ]
INFO: [ template_filter ] --END-- [ RunTime:0.000120s ]
INFO: Run Behavior\ParseTemplateBehavior [ RunTime:0.007684s ]
INFO: [ view_parse ] --END-- [ RunTime:0.007754s ]
INFO: [ view_filter ] --START--
INFO: Run Behavior\WriteHtmlCacheBehavior [ RunTime:0.000667s ]
INFO: [ view_filter ] --END-- [ RunTime:0.000715s ]
INFO: [ app_end ] --START--
INFO: Run Behavior\ShowPageTraceBehavior [ RunTime:0.000981s ]
INFO: [ app_end ] --END-- [ RunTime:0.001039s ]

[ 2016-08-18T19:49:16+08:00 ] ::1 /attendance/index.php/Home/Course/index
INFO: [ app_init ] --START--
INFO: Run Behavior\BuildLiteBehavior [ RunTime:0.000011s ]
INFO: [ app_init ] --END-- [ RunTime:0.000513s ]
INFO: [ app_begin ] --START--
INFO: Run Behavior\ReadHtmlCacheBehavior [ RunTime:0.000919s ]
INFO: [ app_begin ] --END-- [ RunTime:0.001023s ]
SQL: SHOW COLUMNS FROM `kaoqin_course` [ RunTime:0.0030s ]
SQL: SELECT * FROM `kaoqin_course`  [ RunTime:0.0005s ]
SQL: SHOW COLUMNS FROM `kaoqin_teacher` [ RunTime:0.0019s ]
SQL: SELECT * FROM `kaoqin_teacher` WHERE ( 1=1 AND tid='12313' ) LIMIT 1   [ RunTime:0.0004s ]
SQL: SELECT * FROM `kaoqin_teacher` WHERE ( 1=1 AND tid='' ) LIMIT 1   [ RunTime:0.0003s ]
INFO: [ view_parse ] --START--
INFO: [ template_filter ] --START--
INFO: Run Behavior\ContentReplaceBehavior [ RunTime:0.000097s ]
INFO: [ template_filter ] --END-- [ RunTime:0.000140s ]
NOTIC: [8] Undefined variable: teachers D:\www\Apache24\htdocs\attendance\Application\Runtime\Cache\Home\5fd5f4d6eb6ceaf4d8869415689e1250.php 第 205 行.
INFO: Run Behavior\ParseTemplateBehavior [ RunTime:0.007930s ]
INFO: [ view_parse ] --END-- [ RunTime:0.007970s ]
INFO: [ view_filter ] --START--
INFO: Run Behavior\WriteHtmlCacheBehavior [ RunTime:0.000526s ]
INFO: [ view_filter ] --END-- [ RunTime:0.000562s ]
INFO: [ app_end ] --START--
INFO: Run Behavior\ShowPageTraceBehavior [ RunTime:0.001054s ]
INFO: [ app_end ] --END-- [ RunTime:0.001111s ]

[ 2016-08-18T19:49:25+08:00 ] ::1 /attendance/index.php/Home/Student/index
INFO: [ app_init ] --START--
INFO: Run Behavior\BuildLiteBehavior [ RunTime:0.000009s ]
INFO: [ app_init ] --END-- [ RunTime:0.000392s ]
INFO: [ app_begin ] --START--
INFO: Run Behavior\ReadHtmlCacheBehavior [ RunTime:0.000555s ]
INFO: [ app_begin ] --END-- [ RunTime:0.000603s ]
SQL: SHOW COLUMNS FROM `kaoqin_student` [ RunTime:0.0016s ]
SQL: SELECT * FROM `kaoqin_student`  [ RunTime:0.0004s ]
INFO: [ view_parse ] --START--
INFO: [ template_filter ] --START--
INFO: Run Behavior\ContentReplaceBehavior [ RunTime:0.000114s ]
INFO: [ template_filter ] --END-- [ RunTime:0.000149s ]
INFO: Run Behavior\ParseTemplateBehavior [ RunTime:0.008131s ]
INFO: [ view_parse ] --END-- [ RunTime:0.008188s ]
INFO: [ view_filter ] --START--
INFO: Run Behavior\WriteHtmlCacheBehavior [ RunTime:0.000615s ]
INFO: [ view_filter ] --END-- [ RunTime:0.000656s ]
INFO: [ app_end ] --START--
INFO: Run Behavior\ShowPageTraceBehavior [ RunTime:0.002726s ]
INFO: [ app_end ] --END-- [ RunTime:0.002800s ]

[ 2016-08-18T19:49:26+08:00 ] ::1 /attendance/index.php/Home/Class/index
INFO: [ app_init ] --START--
INFO: Run Behavior\BuildLiteBehavior [ RunTime:0.000010s ]
INFO: [ app_init ] --END-- [ RunTime:0.000500s ]
INFO: [ app_begin ] --START--
INFO: Run Behavior\ReadHtmlCacheBehavior [ RunTime:0.000447s ]
INFO: [ app_begin ] --END-- [ RunTime:0.000479s ]
SQL: SHOW COLUMNS FROM `kaoqin_class_situtation` [ RunTime:0.0012s ]
SQL: SELECT * FROM `kaoqin_class_situtation`  [ RunTime:0.0004s ]
SQL: SHOW COLUMNS FROM `kaoqin_course` [ RunTime:0.0013s ]
SQL: SELECT * FROM `kaoqin_course` WHERE ( 1=1 AND cid='123' ) LIMIT 1   [ RunTime:0.0005s ]
SQL: SHOW COLUMNS FROM `kaoqin_student` [ RunTime:0.0008s ]
SQL: SELECT * FROM `kaoqin_student` WHERE ( 1=1 AND sid='1234' ) LIMIT 1   [ RunTime:0.0004s ]
SQL: SELECT * FROM `kaoqin_course` WHERE ( 1=1 AND cid='1234' ) LIMIT 1   [ RunTime:0.0004s ]
SQL: SELECT * FROM `kaoqin_student` WHERE ( 1=1 AND sid='123456' ) LIMIT 1   [ RunTime:0.0004s ]
INFO: [ view_parse ] --START--
INFO: [ template_filter ] --START--
INFO: Run Behavior\ContentReplaceBehavior [ RunTime:0.000061s ]
INFO: [ template_filter ] --END-- [ RunTime:0.000101s ]
INFO: Run Behavior\ParseTemplateBehavior [ RunTime:0.006438s ]
INFO: [ view_parse ] --END-- [ RunTime:0.006489s ]
INFO: [ view_filter ] --START--
INFO: Run Behavior\WriteHtmlCacheBehavior [ RunTime:0.000539s ]
INFO: [ view_filter ] --END-- [ RunTime:0.000576s ]
INFO: [ app_end ] --START--
INFO: Run Behavior\ShowPageTraceBehavior [ RunTime:0.001099s ]
INFO: [ app_end ] --END-- [ RunTime:0.001165s ]

[ 2016-08-18T19:49:27+08:00 ] ::1 /attendance/index.php/Home/Class/index
INFO: [ app_init ] --START--
INFO: Run Behavior\BuildLiteBehavior [ RunTime:0.000017s ]
INFO: [ app_init ] --END-- [ RunTime:0.000483s ]
INFO: [ app_begin ] --START--
INFO: Run Behavior\ReadHtmlCacheBehavior [ RunTime:0.000723s ]
INFO: [ app_begin ] --END-- [ RunTime:0.000779s ]
SQL: SHOW COLUMNS FROM `kaoqin_class_situtation` [ RunTime:0.0026s ]
SQL: SELECT * FROM `kaoqin_class_situtation`  [ RunTime:0.0003s ]
SQL: SHOW COLUMNS FROM `kaoqin_course` [ RunTime:0.0007s ]
SQL: SELECT * FROM `kaoqin_course` WHERE ( 1=1 AND cid='123' ) LIMIT 1   [ RunTime:0.0004s ]
SQL: SHOW COLUMNS FROM `kaoqin_student` [ RunTime:0.0023s ]
SQL: SELECT * FROM `kaoqin_student` WHERE ( 1=1 AND sid='1234' ) LIMIT 1   [ RunTime:0.0005s ]
SQL: SELECT * FROM `kaoqin_course` WHERE ( 1=1 AND cid='1234' ) LIMIT 1   [ RunTime:0.0003s ]
SQL: SELECT * FROM `kaoqin_student` WHERE ( 1=1 AND sid='123456' ) LIMIT 1   [ RunTime:0.0004s ]
INFO: [ view_parse ] --START--
INFO: [ template_filter ] --START--
INFO: Run Behavior\ContentReplaceBehavior [ RunTime:0.000072s ]
INFO: [ template_filter ] --END-- [ RunTime:0.000131s ]
INFO: Run Behavior\ParseTemplateBehavior [ RunTime:0.008585s ]
INFO: [ view_parse ] --END-- [ RunTime:0.008648s ]
INFO: [ view_filter ] --START--
INFO: Run Behavior\WriteHtmlCacheBehavior [ RunTime:0.000511s ]
INFO: [ view_filter ] --END-- [ RunTime:0.000554s ]
INFO: [ app_end ] --START--
INFO: Run Behavior\ShowPageTraceBehavior [ RunTime:0.001211s ]
INFO: [ app_end ] --END-- [ RunTime:0.001291s ]

[ 2016-08-18T19:49:27+08:00 ] ::1 /attendance/index.php/Home/Class/index
INFO: [ app_init ] --START--
INFO: Run Behavior\BuildLiteBehavior [ RunTime:0.000011s ]
INFO: [ app_init ] --END-- [ RunTime:0.000406s ]
INFO: [ app_begin ] --START--
INFO: Run Behavior\ReadHtmlCacheBehavior [ RunTime:0.000501s ]
INFO: [ app_begin ] --END-- [ RunTime:0.000541s ]
SQL: SHOW COLUMNS FROM `kaoqin_class_situtation` [ RunTime:0.0026s ]
SQL: SELECT * FROM `kaoqin_class_situtation`  [ RunTime:0.0004s ]
SQL: SHOW COLUMNS FROM `kaoqin_course` [ RunTime:0.0026s ]
SQL: SELECT * FROM `kaoqin_course` WHERE ( 1=1 AND cid='123' ) LIMIT 1   [ RunTime:0.0014s ]
SQL: SHOW COLUMNS FROM `kaoqin_student` [ RunTime:0.0009s ]
SQL: SELECT * FROM `kaoqin_student` WHERE ( 1=1 AND sid='1234' ) LIMIT 1   [ RunTime:0.0004s ]
SQL: SELECT * FROM `kaoqin_course` WHERE ( 1=1 AND cid='1234' ) LIMIT 1   [ RunTime:0.0003s ]
SQL: SELECT * FROM `kaoqin_student` WHERE ( 1=1 AND sid='123456' ) LIMIT 1   [ RunTime:0.0004s ]
INFO: [ view_parse ] --START--
INFO: [ template_filter ] --START--
INFO: Run Behavior\ContentReplaceBehavior [ RunTime:0.000073s ]
INFO: [ template_filter ] --END-- [ RunTime:0.000128s ]
INFO: Run Behavior\ParseTemplateBehavior [ RunTime:0.008112s ]
INFO: [ view_parse ] --END-- [ RunTime:0.008174s ]
INFO: [ view_filter ] --START--
INFO: Run Behavior\WriteHtmlCacheBehavior [ RunTime:0.000698s ]
INFO: [ view_filter ] --END-- [ RunTime:0.000748s ]
INFO: [ app_end ] --START--
INFO: Run Behavior\ShowPageTraceBehavior [ RunTime:0.001081s ]
INFO: [ app_end ] --END-- [ RunTime:0.001155s ]

[ 2016-08-18T19:49:28+08:00 ] ::1 /attendance/index.php/Home/Course/index
INFO: [ app_init ] --START--
INFO: Run Behavior\BuildLiteBehavior [ RunTime:0.000010s ]
INFO: [ app_init ] --END-- [ RunTime:0.000440s ]
INFO: [ app_begin ] --START--
INFO: Run Behavior\ReadHtmlCacheBehavior [ RunTime:0.000743s ]
INFO: [ app_begin ] --END-- [ RunTime:0.000800s ]
SQL: SHOW COLUMNS FROM `kaoqin_course` [ RunTime:0.0028s ]
SQL: SELECT * FROM `kaoqin_course`  [ RunTime:0.0004s ]
SQL: SHOW COLUMNS FROM `kaoqin_teacher` [ RunTime:0.0012s ]
SQL: SELECT * FROM `kaoqin_teacher` WHERE ( 1=1 AND tid='12313' ) LIMIT 1   [ RunTime:0.0016s ]
SQL: SELECT * FROM `kaoqin_teacher` WHERE ( 1=1 AND tid='' ) LIMIT 1   [ RunTime:0.0005s ]
INFO: [ view_parse ] --START--
INFO: [ template_filter ] --START--
INFO: Run Behavior\ContentReplaceBehavior [ RunTime:0.000092s ]
INFO: [ template_filter ] --END-- [ RunTime:0.000155s ]
NOTIC: [8] Undefined variable: teachers D:\www\Apache24\htdocs\attendance\Application\Runtime\Cache\Home\5fd5f4d6eb6ceaf4d8869415689e1250.php 第 205 行.
INFO: Run Behavior\ParseTemplateBehavior [ RunTime:0.009925s ]
INFO: [ view_parse ] --END-- [ RunTime:0.009979s ]
INFO: [ view_filter ] --START--
INFO: Run Behavior\WriteHtmlCacheBehavior [ RunTime:0.000747s ]
INFO: [ view_filter ] --END-- [ RunTime:0.000795s ]
INFO: [ app_end ] --START--
INFO: Run Behavior\ShowPageTraceBehavior [ RunTime:0.001192s ]
INFO: [ app_end ] --END-- [ RunTime:0.001272s ]

[ 2016-08-18T19:49:28+08:00 ] ::1 /attendance/index.php/Home/Class/index
INFO: [ app_init ] --START--
INFO: Run Behavior\BuildLiteBehavior [ RunTime:0.000014s ]
INFO: [ app_init ] --END-- [ RunTime:0.000592s ]
INFO: [ app_begin ] --START--
INFO: Run Behavior\ReadHtmlCacheBehavior [ RunTime:0.000739s ]
INFO: [ app_begin ] --END-- [ RunTime:0.000795s ]
SQL: SHOW COLUMNS FROM `kaoqin_class_situtation` [ RunTime:0.0021s ]
SQL: SELECT * FROM `kaoqin_class_situtation`  [ RunTime:0.0003s ]
SQL: SHOW COLUMNS FROM `kaoqin_course` [ RunTime:0.0018s ]
SQL: SELECT * FROM `kaoqin_course` WHERE ( 1=1 AND cid='123' ) LIMIT 1   [ RunTime:0.0003s ]
SQL: SHOW COLUMNS FROM `kaoqin_student` [ RunTime:0.0010s ]
SQL: SELECT * FROM `kaoqin_student` WHERE ( 1=1 AND sid='1234' ) LIMIT 1   [ RunTime:0.0005s ]
SQL: SELECT * FROM `kaoqin_course` WHERE ( 1=1 AND cid='1234' ) LIMIT 1   [ RunTime:0.0004s ]
SQL: SELECT * FROM `kaoqin_student` WHERE ( 1=1 AND sid='123456' ) LIMIT 1   [ RunTime:0.0004s ]
INFO: [ view_parse ] --START--
INFO: [ template_filter ] --START--
INFO: Run Behavior\ContentReplaceBehavior [ RunTime:0.000062s ]
INFO: [ template_filter ] --END-- [ RunTime:0.000104s ]
INFO: Run Behavior\ParseTemplateBehavior [ RunTime:0.007666s ]
INFO: [ view_parse ] --END-- [ RunTime:0.007724s ]
INFO: [ view_filter ] --START--
INFO: Run Behavior\WriteHtmlCacheBehavior [ RunTime:0.000675s ]
INFO: [ view_filter ] --END-- [ RunTime:0.000723s ]
INFO: [ app_end ] --START--
INFO: Run Behavior\ShowPageTraceBehavior [ RunTime:0.001199s ]
INFO: [ app_end ] --END-- [ RunTime:0.001270s ]

[ 2016-08-18T19:49:29+08:00 ] ::1 /attendance/index.php/Home/Course/index
INFO: [ app_init ] --START--
INFO: Run Behavior\BuildLiteBehavior [ RunTime:0.000009s ]
INFO: [ app_init ] --END-- [ RunTime:0.000405s ]
INFO: [ app_begin ] --START--
INFO: Run Behavior\ReadHtmlCacheBehavior [ RunTime:0.000463s ]
INFO: [ app_begin ] --END-- [ RunTime:0.000501s ]
SQL: SHOW COLUMNS FROM `kaoqin_course` [ RunTime:0.0009s ]
SQL: SELECT * FROM `kaoqin_course`  [ RunTime:0.0003s ]
SQL: SHOW COLUMNS FROM `kaoqin_teacher` [ RunTime:0.0017s ]
SQL: SELECT * FROM `kaoqin_teacher` WHERE ( 1=1 AND tid='12313' ) LIMIT 1   [ RunTime:0.0004s ]
SQL: SELECT * FROM `kaoqin_teacher` WHERE ( 1=1 AND tid='' ) LIMIT 1   [ RunTime:0.0003s ]
INFO: [ view_parse ] --START--
INFO: [ template_filter ] --START--
INFO: Run Behavior\ContentReplaceBehavior [ RunTime:0.000083s ]
INFO: [ template_filter ] --END-- [ RunTime:0.000130s ]
NOTIC: [8] Undefined variable: teachers D:\www\Apache24\htdocs\attendance\Application\Runtime\Cache\Home\5fd5f4d6eb6ceaf4d8869415689e1250.php 第 205 行.
INFO: Run Behavior\ParseTemplateBehavior [ RunTime:0.009643s ]
INFO: [ view_parse ] --END-- [ RunTime:0.009683s ]
INFO: [ view_filter ] --START--
INFO: Run Behavior\WriteHtmlCacheBehavior [ RunTime:0.000463s ]
INFO: [ view_filter ] --END-- [ RunTime:0.000489s ]
INFO: [ app_end ] --START--
INFO: Run Behavior\ShowPageTraceBehavior [ RunTime:0.000991s ]
INFO: [ app_end ] --END-- [ RunTime:0.001047s ]

[ 2016-08-18T19:59:05+08:00 ] ::1 /attendance/index.php/Home/Course/index
INFO: [ app_init ] --START--
INFO: Run Behavior\BuildLiteBehavior [ RunTime:0.000013s ]
INFO: [ app_init ] --END-- [ RunTime:0.000786s ]
INFO: [ app_begin ] --START--
INFO: Run Behavior\ReadHtmlCacheBehavior [ RunTime:0.001098s ]
INFO: [ app_begin ] --END-- [ RunTime:0.001170s ]
SQL: SHOW COLUMNS FROM `kaoqin_course` [ RunTime:0.0015s ]
SQL: SELECT * FROM `kaoqin_course`  [ RunTime:0.0005s ]
SQL: SHOW COLUMNS FROM `kaoqin_teacher` [ RunTime:0.0031s ]
SQL: SELECT * FROM `kaoqin_teacher` WHERE ( 1=1 AND tid='12313' ) LIMIT 1   [ RunTime:0.0006s ]
SQL: SELECT * FROM `kaoqin_teacher` WHERE ( 1=1 AND tid='' ) LIMIT 1   [ RunTime:0.0005s ]
INFO: [ view_parse ] --START--
INFO: [ template_filter ] --START--
INFO: Run Behavior\ContentReplaceBehavior [ RunTime:0.000124s ]
INFO: [ template_filter ] --END-- [ RunTime:0.000201s ]
NOTIC: [8] Undefined variable: teachers D:\www\Apache24\htdocs\attendance\Application\Runtime\Cache\Home\5fd5f4d6eb6ceaf4d8869415689e1250.php 第 205 行.
INFO: Run Behavior\ParseTemplateBehavior [ RunTime:0.013301s ]
INFO: [ view_parse ] --END-- [ RunTime:0.013369s ]
INFO: [ view_filter ] --START--
INFO: Run Behavior\WriteHtmlCacheBehavior [ RunTime:0.000850s ]
INFO: [ view_filter ] --END-- [ RunTime:0.000909s ]
INFO: [ app_end ] --START--
INFO: Run Behavior\ShowPageTraceBehavior [ RunTime:0.001299s ]
INFO: [ app_end ] --END-- [ RunTime:0.001375s ]

[ 2016-08-18T19:59:08+08:00 ] ::1 /attendance/index.php/Home/Course/index
INFO: [ app_init ] --START--
INFO: Run Behavior\BuildLiteBehavior [ RunTime:0.000025s ]
INFO: [ app_init ] --END-- [ RunTime:0.000883s ]
INFO: [ app_begin ] --START--
INFO: Run Behavior\ReadHtmlCacheBehavior [ RunTime:0.001275s ]
INFO: [ app_begin ] --END-- [ RunTime:0.001355s ]
SQL: SHOW COLUMNS FROM `kaoqin_course` [ RunTime:0.0037s ]
SQL: SELECT * FROM `kaoqin_course`  [ RunTime:0.0005s ]
SQL: SHOW COLUMNS FROM `kaoqin_teacher` [ RunTime:0.0035s ]
SQL: SELECT * FROM `kaoqin_teacher` WHERE ( 1=1 AND tid='12313' ) LIMIT 1   [ RunTime:0.0007s ]
SQL: SELECT * FROM `kaoqin_teacher` WHERE ( 1=1 AND tid='' ) LIMIT 1   [ RunTime:0.0005s ]
INFO: [ view_parse ] --START--
INFO: [ template_filter ] --START--
INFO: Run Behavior\ContentReplaceBehavior [ RunTime:0.000123s ]
INFO: [ template_filter ] --END-- [ RunTime:0.000205s ]
NOTIC: [8] Undefined variable: teachers D:\www\Apache24\htdocs\attendance\Application\Runtime\Cache\Home\5fd5f4d6eb6ceaf4d8869415689e1250.php 第 205 行.
INFO: Run Behavior\ParseTemplateBehavior [ RunTime:0.020769s ]
INFO: [ view_parse ] --END-- [ RunTime:0.020835s ]
INFO: [ view_filter ] --START--
INFO: Run Behavior\WriteHtmlCacheBehavior [ RunTime:0.000909s ]
INFO: [ view_filter ] --END-- [ RunTime:0.000980s ]
INFO: [ app_end ] --START--
INFO: Run Behavior\ShowPageTraceBehavior [ RunTime:0.001586s ]
INFO: [ app_end ] --END-- [ RunTime:0.001677s ]

[ 2016-08-18T19:59:37+08:00 ] ::1 /attendance/index.php/Home/Course/index
INFO: [ app_init ] --START--
INFO: Run Behavior\BuildLiteBehavior [ RunTime:0.000013s ]
INFO: [ app_init ] --END-- [ RunTime:0.000605s ]
INFO: [ app_begin ] --START--
INFO: Run Behavior\ReadHtmlCacheBehavior [ RunTime:0.000825s ]
INFO: [ app_begin ] --END-- [ RunTime:0.000882s ]
SQL: SHOW COLUMNS FROM `kaoqin_course` [ RunTime:0.0028s ]
SQL: SELECT * FROM `kaoqin_course`  [ RunTime:0.0004s ]
SQL: SHOW COLUMNS FROM `kaoqin_teacher` [ RunTime:0.0008s ]
SQL: SELECT * FROM `kaoqin_teacher` WHERE ( 1=1 AND tid='12313' ) LIMIT 1   [ RunTime:0.0004s ]
SQL: SELECT * FROM `kaoqin_teacher` WHERE ( 1=1 AND tid='' ) LIMIT 1   [ RunTime:0.0003s ]
INFO: [ view_parse ] --START--
INFO: [ template_filter ] --START--
INFO: Run Behavior\ContentReplaceBehavior [ RunTime:0.000090s ]
INFO: [ template_filter ] --END-- [ RunTime:0.000135s ]
NOTIC: [8] Undefined variable: teachers D:\www\Apache24\htdocs\attendance\Application\Runtime\Cache\Home\5fd5f4d6eb6ceaf4d8869415689e1250.php 第 207 行.
INFO: Run Behavior\ParseTemplateBehavior [ RunTime:0.009478s ]
INFO: [ view_parse ] --END-- [ RunTime:0.009530s ]
INFO: [ view_filter ] --START--
INFO: Run Behavior\WriteHtmlCacheBehavior [ RunTime:0.000749s ]
INFO: [ view_filter ] --END-- [ RunTime:0.000796s ]
INFO: [ app_end ] --START--
INFO: Run Behavior\ShowPageTraceBehavior [ RunTime:0.001229s ]
INFO: [ app_end ] --END-- [ RunTime:0.001307s ]

[ 2016-08-18T20:04:45+08:00 ] ::1 /attendance/index.php/Home/Course/index
INFO: [ app_init ] --START--
INFO: Run Behavior\BuildLiteBehavior [ RunTime:0.000010s ]
INFO: [ app_init ] --END-- [ RunTime:0.000430s ]
INFO: [ app_begin ] --START--
INFO: Run Behavior\ReadHtmlCacheBehavior [ RunTime:0.000578s ]
INFO: [ app_begin ] --END-- [ RunTime:0.000617s ]
SQL: SHOW COLUMNS FROM `kaoqin_course` [ RunTime:0.0010s ]
SQL: SELECT * FROM `kaoqin_course`  [ RunTime:0.0004s ]
SQL: SHOW COLUMNS FROM `kaoqin_teacher` [ RunTime:0.0007s ]
SQL: SELECT * FROM `kaoqin_teacher` WHERE ( 1=1 AND tid='12313' ) LIMIT 1   [ RunTime:0.0004s ]
SQL: SELECT * FROM `kaoqin_teacher` WHERE ( 1=1 AND tid='' ) LIMIT 1   [ RunTime:0.0003s ]
INFO: [ view_parse ] --START--
INFO: [ template_filter ] --START--
INFO: Run Behavior\ContentReplaceBehavior [ RunTime:0.000096s ]
INFO: [ template_filter ] --END-- [ RunTime:0.000156s ]
NOTIC: [8] Undefined variable: teachers D:\www\Apache24\htdocs\attendance\Application\Runtime\Cache\Home\5fd5f4d6eb6ceaf4d8869415689e1250.php 第 207 行.
INFO: Run Behavior\ParseTemplateBehavior [ RunTime:0.009908s ]
INFO: [ view_parse ] --END-- [ RunTime:0.009953s ]
INFO: [ view_filter ] --START--
INFO: Run Behavior\WriteHtmlCacheBehavior [ RunTime:0.000467s ]
INFO: [ view_filter ] --END-- [ RunTime:0.000527s ]
INFO: [ app_end ] --START--
INFO: Run Behavior\ShowPageTraceBehavior [ RunTime:0.001244s ]
INFO: [ app_end ] --END-- [ RunTime:0.001315s ]

[ 2016-08-18T20:04:48+08:00 ] ::1 /attendance/index.php/Home/Course/editBefore?id=1234
INFO: [ app_init ] --START--
INFO: Run Behavior\BuildLiteBehavior [ RunTime:0.000017s ]
INFO: [ app_init ] --END-- [ RunTime:0.000709s ]
INFO: [ app_begin ] --START--
INFO: Run Behavior\ReadHtmlCacheBehavior [ RunTime:0.000975s ]
INFO: [ app_begin ] --END-- [ RunTime:0.001043s ]
SQL: SHOW COLUMNS FROM `kaoqin_course` [ RunTime:0.0028s ]
SQL: SELECT * FROM `kaoqin_course` WHERE ( cid='1234' ) LIMIT 1   [ RunTime:0.0005s ]

[ 2016-08-18T20:04:48+08:00 ] ::1 /attendance/index.php/Home/Course/findTeachers
INFO: [ app_init ] --START--
INFO: Run Behavior\BuildLiteBehavior [ RunTime:0.000019s ]
INFO: [ app_init ] --END-- [ RunTime:0.000885s ]
INFO: [ app_begin ] --START--
INFO: Run Behavior\ReadHtmlCacheBehavior [ RunTime:0.001100s ]
INFO: [ app_begin ] --END-- [ RunTime:0.001162s ]
SQL: SHOW COLUMNS FROM `kaoqin_teacher` [ RunTime:0.0085s ]
SQL: SELECT * FROM `kaoqin_teacher`  [ RunTime:0.0004s ]

[ 2016-08-18T20:06:25+08:00 ] ::1 /attendance/index.php/Home/Course/index
INFO: [ app_init ] --START--
INFO: Run Behavior\BuildLiteBehavior [ RunTime:0.000017s ]
INFO: [ app_init ] --END-- [ RunTime:0.000657s ]
INFO: [ app_begin ] --START--
INFO: Run Behavior\ReadHtmlCacheBehavior [ RunTime:0.000633s ]
INFO: [ app_begin ] --END-- [ RunTime:0.000684s ]
SQL: SHOW COLUMNS FROM `kaoqin_course` [ RunTime:0.0008s ]
SQL: SELECT * FROM `kaoqin_course`  [ RunTime:0.0003s ]
SQL: SHOW COLUMNS FROM `kaoqin_teacher` [ RunTime:0.0020s ]
SQL: SELECT * FROM `kaoqin_teacher` WHERE ( 1=1 AND tid='12313' ) LIMIT 1   [ RunTime:0.0003s ]
SQL: SELECT * FROM `kaoqin_teacher` WHERE ( 1=1 AND tid='' ) LIMIT 1   [ RunTime:0.0003s ]
INFO: [ view_parse ] --START--
INFO: [ template_filter ] --START--
INFO: Run Behavior\ContentReplaceBehavior [ RunTime:0.000097s ]
INFO: [ template_filter ] --END-- [ RunTime:0.000142s ]
NOTIC: [8] Undefined variable: teachers D:\www\Apache24\htdocs\attendance\Application\Runtime\Cache\Home\5fd5f4d6eb6ceaf4d8869415689e1250.php 第 207 行.
INFO: Run Behavior\ParseTemplateBehavior [ RunTime:0.012206s ]
INFO: [ view_parse ] --END-- [ RunTime:0.012239s ]
INFO: [ view_filter ] --START--
INFO: Run Behavior\WriteHtmlCacheBehavior [ RunTime:0.000563s ]
INFO: [ view_filter ] --END-- [ RunTime:0.000590s ]
INFO: [ app_end ] --START--
INFO: Run Behavior\ShowPageTraceBehavior [ RunTime:0.000977s ]
INFO: [ app_end ] --END-- [ RunTime:0.001021s ]

[ 2016-08-18T20:07:16+08:00 ] ::1 /attendance/index.php/Home/Course/index
INFO: [ app_init ] --START--
INFO: Run Behavior\BuildLiteBehavior [ RunTime:0.000009s ]
INFO: [ app_init ] --END-- [ RunTime:0.000460s ]
INFO: [ app_begin ] --START--
INFO: Run Behavior\ReadHtmlCacheBehavior [ RunTime:0.000920s ]
INFO: [ app_begin ] --END-- [ RunTime:0.000984s ]
SQL: SHOW COLUMNS FROM `kaoqin_course` [ RunTime:0.0068s ]
SQL: SELECT * FROM `kaoqin_course`  [ RunTime:0.0004s ]
SQL: SHOW COLUMNS FROM `kaoqin_teacher` [ RunTime:0.0022s ]
SQL: SELECT * FROM `kaoqin_teacher` WHERE ( 1=1 AND tid='12313' ) LIMIT 1   [ RunTime:0.0003s ]
SQL: SELECT * FROM `kaoqin_teacher` WHERE ( 1=1 AND tid='' ) LIMIT 1   [ RunTime:0.0002s ]
INFO: [ view_parse ] --START--
INFO: [ template_filter ] --START--
INFO: Run Behavior\ContentReplaceBehavior [ RunTime:0.000091s ]
INFO: [ template_filter ] --END-- [ RunTime:0.000145s ]
NOTIC: [8] Undefined variable: teachers D:\www\Apache24\htdocs\attendance\Application\Runtime\Cache\Home\5fd5f4d6eb6ceaf4d8869415689e1250.php 第 207 行.
INFO: Run Behavior\ParseTemplateBehavior [ RunTime:0.010453s ]
INFO: [ view_parse ] --END-- [ RunTime:0.010495s ]
INFO: [ view_filter ] --START--
INFO: Run Behavior\WriteHtmlCacheBehavior [ RunTime:0.000668s ]
INFO: [ view_filter ] --END-- [ RunTime:0.000722s ]
INFO: [ app_end ] --START--
INFO: Run Behavior\ShowPageTraceBehavior [ RunTime:0.001570s ]
INFO: [ app_end ] --END-- [ RunTime:0.001668s ]

[ 2016-08-18T20:07:17+08:00 ] ::1 /attendance/index.php/Home/Course/courseCondition?course_id=1234
INFO: [ app_init ] --START--
INFO: Run Behavior\BuildLiteBehavior [ RunTime:0.000012s ]
INFO: [ app_init ] --END-- [ RunTime:0.000698s ]
INFO: [ app_begin ] --START--
INFO: Run Behavior\ReadHtmlCacheBehavior [ RunTime:0.000945s ]
INFO: [ app_begin ] --END-- [ RunTime:0.001016s ]
INFO: [ view_parse ] --START--
INFO: [ template_filter ] --START--
INFO: Run Behavior\ContentReplaceBehavior [ RunTime:0.000044s ]
INFO: [ template_filter ] --END-- [ RunTime:0.000084s ]
NOTIC: [8] Undefined variable: res_path D:\www\Apache24\htdocs\attendance\Application\Runtime\Cache\Home\e61859f539f9342c5c48e2c0c76e6a7c.php 第 8 行.
NOTIC: [8] Undefined variable: res_path D:\www\Apache24\htdocs\attendance\Application\Runtime\Cache\Home\e61859f539f9342c5c48e2c0c76e6a7c.php 第 9 行.
NOTIC: [8] Undefined variable: res_path D:\www\Apache24\htdocs\attendance\Application\Runtime\Cache\Home\e61859f539f9342c5c48e2c0c76e6a7c.php 第 10 行.
NOTIC: [8] Undefined variable: res_path D:\www\Apache24\htdocs\attendance\Application\Runtime\Cache\Home\e61859f539f9342c5c48e2c0c76e6a7c.php 第 13 行.
NOTIC: [8] Undefined variable: res_path D:\www\Apache24\htdocs\attendance\Application\Runtime\Cache\Home\e61859f539f9342c5c48e2c0c76e6a7c.php 第 14 行.
NOTIC: [8] Undefined variable: list D:\www\Apache24\htdocs\attendance\Application\Runtime\Cache\Home\e61859f539f9342c5c48e2c0c76e6a7c.php 第 93 行.
NOTIC: [8] Undefined variable: res_path D:\www\Apache24\htdocs\attendance\Application\Runtime\Cache\Home\e61859f539f9342c5c48e2c0c76e6a7c.php 第 112 行.
NOTIC: [8] Undefined variable: res_path D:\www\Apache24\htdocs\attendance\Application\Runtime\Cache\Home\e61859f539f9342c5c48e2c0c76e6a7c.php 第 113 行.
NOTIC: [8] Undefined variable: res_path D:\www\Apache24\htdocs\attendance\Application\Runtime\Cache\Home\e61859f539f9342c5c48e2c0c76e6a7c.php 第 114 行.
INFO: Run Behavior\ParseTemplateBehavior [ RunTime:0.008601s ]
INFO: [ view_parse ] --END-- [ RunTime:0.008656s ]
INFO: [ view_filter ] --START--
INFO: Run Behavior\WriteHtmlCacheBehavior [ RunTime:0.000444s ]
INFO: [ view_filter ] --END-- [ RunTime:0.000473s ]
INFO: [ app_end ] --START--
INFO: Run Behavior\ShowPageTraceBehavior [ RunTime:0.000625s ]
INFO: [ app_end ] --END-- [ RunTime:0.000659s ]

[ 2016-08-18T20:09:46+08:00 ] ::1 /attendance/index.php/Home/Course/courseCondition?course_id=1234
INFO: [ app_init ] --START--
INFO: Run Behavior\BuildLiteBehavior [ RunTime:0.000009s ]
INFO: [ app_init ] --END-- [ RunTime:0.000416s ]
INFO: [ app_begin ] --START--
INFO: Run Behavior\ReadHtmlCacheBehavior [ RunTime:0.000729s ]
INFO: [ app_begin ] --END-- [ RunTime:0.000828s ]
INFO: [ view_parse ] --START--
INFO: [ template_filter ] --START--
INFO: Run Behavior\ContentReplaceBehavior [ RunTime:0.000065s ]
INFO: [ template_filter ] --END-- [ RunTime:0.000123s ]
NOTIC: [8] Undefined variable: list D:\www\Apache24\htdocs\attendance\Application\Runtime\Cache\Home\e61859f539f9342c5c48e2c0c76e6a7c.php 第 90 行.
INFO: Run Behavior\ParseTemplateBehavior [ RunTime:0.010322s ]
INFO: [ view_parse ] --END-- [ RunTime:0.010367s ]
INFO: [ view_filter ] --START--
INFO: Run Behavior\WriteHtmlCacheBehavior [ RunTime:0.000421s ]
INFO: [ view_filter ] --END-- [ RunTime:0.000453s ]
INFO: [ app_end ] --START--
INFO: Run Behavior\ShowPageTraceBehavior [ RunTime:0.000593s ]
INFO: [ app_end ] --END-- [ RunTime:0.000627s ]

[ 2016-08-18T20:10:08+08:00 ] ::1 /attendance/index.php/Home/Course/courseCondition?course_id=1234
INFO: [ app_init ] --START--
INFO: Run Behavior\BuildLiteBehavior [ RunTime:0.000009s ]
INFO: [ app_init ] --END-- [ RunTime:0.000375s ]
INFO: [ app_begin ] --START--
INFO: Run Behavior\ReadHtmlCacheBehavior [ RunTime:0.000453s ]
INFO: [ app_begin ] --END-- [ RunTime:0.000489s ]
INFO: [ view_parse ] --START--
INFO: [ template_filter ] --START--
INFO: Run Behavior\ContentReplaceBehavior [ RunTime:0.000040s ]
INFO: [ template_filter ] --END-- [ RunTime:0.000073s ]
NOTIC: [8] Undefined variable: list D:\www\Apache24\htdocs\attendance\Application\Runtime\Cache\Home\e61859f539f9342c5c48e2c0c76e6a7c.php 第 82 行.
INFO: Run Behavior\ParseTemplateBehavior [ RunTime:0.007431s ]
INFO: [ view_parse ] --END-- [ RunTime:0.007472s ]
INFO: [ view_filter ] --START--
INFO: Run Behavior\WriteHtmlCacheBehavior [ RunTime:0.000485s ]
INFO: [ view_filter ] --END-- [ RunTime:0.000537s ]
INFO: [ app_end ] --START--
INFO: Run Behavior\ShowPageTraceBehavior [ RunTime:0.000717s ]
INFO: [ app_end ] --END-- [ RunTime:0.000759s ]

[ 2016-08-18T20:11:25+08:00 ] ::1 /attendance/index.php/Home/Course/courseCondition?course_id=1234
INFO: [ app_init ] --START--
INFO: Run Behavior\BuildLiteBehavior [ RunTime:0.000014s ]
INFO: [ app_init ] --END-- [ RunTime:0.000660s ]
INFO: [ app_begin ] --START--
INFO: Run Behavior\ReadHtmlCacheBehavior [ RunTime:0.000913s ]
INFO: [ app_begin ] --END-- [ RunTime:0.000967s ]
INFO: [ view_parse ] --START--
INFO: [ template_filter ] --START--
INFO: Run Behavior\ContentReplaceBehavior [ RunTime:0.000050s ]
INFO: [ template_filter ] --END-- [ RunTime:0.000105s ]
NOTIC: [8] Undefined variable: list D:\www\Apache24\htdocs\attendance\Application\Runtime\Cache\Home\e61859f539f9342c5c48e2c0c76e6a7c.php 第 81 行.
INFO: Run Behavior\ParseTemplateBehavior [ RunTime:0.009028s ]
INFO: [ view_parse ] --END-- [ RunTime:0.009076s ]
INFO: [ view_filter ] --START--
INFO: Run Behavior\WriteHtmlCacheBehavior [ RunTime:0.000455s ]
INFO: [ view_filter ] --END-- [ RunTime:0.000485s ]
INFO: [ app_end ] --START--
INFO: Run Behavior\ShowPageTraceBehavior [ RunTime:0.000635s ]
INFO: [ app_end ] --END-- [ RunTime:0.000668s ]

[ 2016-08-18T20:12:05+08:00 ] ::1 /attendance/index.php/Home/Course/courseCondition?course_id=1234
INFO: [ app_init ] --START--
INFO: Run Behavior\BuildLiteBehavior [ RunTime:0.000010s ]
INFO: [ app_init ] --END-- [ RunTime:0.000421s ]
INFO: [ app_begin ] --START--
INFO: Run Behavior\ReadHtmlCacheBehavior [ RunTime:0.000674s ]
INFO: [ app_begin ] --END-- [ RunTime:0.000722s ]
INFO: [ view_parse ] --START--
INFO: [ template_filter ] --START--
INFO: Run Behavior\ContentReplaceBehavior [ RunTime:0.000044s ]
INFO: [ template_filter ] --END-- [ RunTime:0.000079s ]
NOTIC: [2] Illegal string offset 'cid' D:\www\Apache24\htdocs\attendance\Application\Runtime\Cache\Home\e61859f539f9342c5c48e2c0c76e6a7c.php 第 83 行.
NOTIC: [2] Illegal string offset 'cname' D:\www\Apache24\htdocs\attendance\Application\Runtime\Cache\Home\e61859f539f9342c5c48e2c0c76e6a7c.php 第 84 行.
NOTIC: [2] Illegal string offset 'teacher' D:\www\Apache24\htdocs\attendance\Application\Runtime\Cache\Home\e61859f539f9342c5c48e2c0c76e6a7c.php 第 85 行.
NOTIC: [2] Illegal string offset 'tid' D:\www\Apache24\htdocs\attendance\Application\Runtime\Cache\Home\e61859f539f9342c5c48e2c0c76e6a7c.php 第 85 行.
NOTIC: [2] Illegal string offset 'teacher' D:\www\Apache24\htdocs\attendance\Application\Runtime\Cache\Home\e61859f539f9342c5c48e2c0c76e6a7c.php 第 86 行.
NOTIC: [2] Illegal string offset 'tname' D:\www\Apache24\htdocs\attendance\Application\Runtime\Cache\Home\e61859f539f9342c5c48e2c0c76e6a7c.php 第 86 行.
NOTIC: [2] Illegal string offset 'cid' D:\www\Apache24\htdocs\attendance\Application\Runtime\Cache\Home\e61859f539f9342c5c48e2c0c76e6a7c.php 第 87 行.
INFO: Run Behavior\ParseTemplateBehavior [ RunTime:0.009010s ]
INFO: [ view_parse ] --END-- [ RunTime:0.009054s ]
INFO: [ view_filter ] --START--
INFO: Run Behavior\WriteHtmlCacheBehavior [ RunTime:0.000663s ]
INFO: [ view_filter ] --END-- [ RunTime:0.000705s ]
INFO: [ app_end ] --START--
INFO: Run Behavior\ShowPageTraceBehavior [ RunTime:0.000944s ]
INFO: [ app_end ] --END-- [ RunTime:0.000995s ]

[ 2016-08-18T20:13:03+08:00 ] ::1 /attendance/index.php/Home/Course/courseCondition?course_id=1234
INFO: [ app_init ] --START--
INFO: Run Behavior\BuildLiteBehavior [ RunTime:0.000010s ]
INFO: [ app_init ] --END-- [ RunTime:0.000488s ]
INFO: [ app_begin ] --START--
INFO: Run Behavior\ReadHtmlCacheBehavior [ RunTime:0.000608s ]
INFO: [ app_begin ] --END-- [ RunTime:0.000651s ]
INFO: [ view_parse ] --START--
INFO: [ template_filter ] --START--
INFO: Run Behavior\ContentReplaceBehavior [ RunTime:0.000042s ]
INFO: [ template_filter ] --END-- [ RunTime:0.000089s ]
NOTIC: [2] Illegal string offset 'cid' D:\www\Apache24\htdocs\attendance\Application\Runtime\Cache\Home\e61859f539f9342c5c48e2c0c76e6a7c.php 第 84 行.
INFO: Run Behavior\ParseTemplateBehavior [ RunTime:0.006439s ]
INFO: [ view_parse ] --END-- [ RunTime:0.006473s ]
INFO: [ view_filter ] --START--
INFO: Run Behavior\WriteHtmlCacheBehavior [ RunTime:0.000467s ]
INFO: [ view_filter ] --END-- [ RunTime:0.000609s ]
INFO: [ app_end ] --START--
INFO: Run Behavior\ShowPageTraceBehavior [ RunTime:0.000752s ]
INFO: [ app_end ] --END-- [ RunTime:0.000798s ]

[ 2016-08-18T21:24:30+08:00 ] ::1 /attendance/index.php/Home/Attendance/Index
INFO: [ app_init ] --START--
INFO: Run Behavior\BuildLiteBehavior [ RunTime:0.000010s ]
INFO: [ app_init ] --END-- [ RunTime:0.000430s ]
INFO: [ app_begin ] --START--
INFO: Run Behavior\ReadHtmlCacheBehavior [ RunTime:0.000632s ]
INFO: [ app_begin ] --END-- [ RunTime:0.000683s ]
SQL: SHOW COLUMNS FROM `kaoqin_absence` [ RunTime:0.0066s ]
SQL: SELECT * FROM `kaoqin_absence`  [ RunTime:0.0004s ]
INFO: [ view_parse ] --START--
INFO: [ template_filter ] --START--
INFO: Run Behavior\ContentReplaceBehavior [ RunTime:0.000051s ]
INFO: [ template_filter ] --END-- [ RunTime:0.000090s ]
INFO: Run Behavior\ParseTemplateBehavior [ RunTime:0.009254s ]
INFO: [ view_parse ] --END-- [ RunTime:0.009301s ]
INFO: [ view_filter ] --START--
INFO: Run Behavior\WriteHtmlCacheBehavior [ RunTime:0.000593s ]
INFO: [ view_filter ] --END-- [ RunTime:0.000624s ]
INFO: [ app_end ] --START--
INFO: Run Behavior\ShowPageTraceBehavior [ RunTime:0.000631s ]
INFO: [ app_end ] --END-- [ RunTime:0.000661s ]

[ 2016-08-18T21:24:32+08:00 ] ::1 /attendance/index.php/Home/Student/index
INFO: [ app_init ] --START--
INFO: Run Behavior\BuildLiteBehavior [ RunTime:0.000009s ]
INFO: [ app_init ] --END-- [ RunTime:0.000367s ]
INFO: [ app_begin ] --START--
INFO: Run Behavior\ReadHtmlCacheBehavior [ RunTime:0.000451s ]
INFO: [ app_begin ] --END-- [ RunTime:0.000485s ]
SQL: SHOW COLUMNS FROM `kaoqin_student` [ RunTime:0.0015s ]
SQL: SELECT * FROM `kaoqin_student`  [ RunTime:0.0005s ]
INFO: [ view_parse ] --START--
INFO: [ template_filter ] --START--
INFO: Run Behavior\ContentReplaceBehavior [ RunTime:0.000106s ]
INFO: [ template_filter ] --END-- [ RunTime:0.000143s ]
INFO: Run Behavior\ParseTemplateBehavior [ RunTime:0.009624s ]
INFO: [ view_parse ] --END-- [ RunTime:0.009669s ]
INFO: [ view_filter ] --START--
INFO: Run Behavior\WriteHtmlCacheBehavior [ RunTime:0.000471s ]
INFO: [ view_filter ] --END-- [ RunTime:0.000501s ]
INFO: [ app_end ] --START--
INFO: Run Behavior\ShowPageTraceBehavior [ RunTime:0.001040s ]
INFO: [ app_end ] --END-- [ RunTime:0.001105s ]

[ 2016-08-18T21:26:45+08:00 ] ::1 /attendance/index.php/Home/Student/index
INFO: [ app_init ] --START--
INFO: Run Behavior\BuildLiteBehavior [ RunTime:0.000010s ]
INFO: [ app_init ] --END-- [ RunTime:0.000479s ]
INFO: [ app_begin ] --START--
INFO: Run Behavior\ReadHtmlCacheBehavior [ RunTime:0.000725s ]
INFO: [ app_begin ] --END-- [ RunTime:0.000784s ]
SQL: SHOW COLUMNS FROM `kaoqin_student` [ RunTime:0.0010s ]
SQL: SELECT * FROM `kaoqin_student`  [ RunTime:0.0003s ]
INFO: [ view_parse ] --START--
INFO: [ template_filter ] --START--
INFO: Run Behavior\ContentReplaceBehavior [ RunTime:0.000137s ]
INFO: [ template_filter ] --END-- [ RunTime:0.000205s ]
INFO: Run Behavior\ParseTemplateBehavior [ RunTime:0.010633s ]
INFO: [ view_parse ] --END-- [ RunTime:0.010686s ]
INFO: [ view_filter ] --START--
INFO: Run Behavior\WriteHtmlCacheBehavior [ RunTime:0.000463s ]
INFO: [ view_filter ] --END-- [ RunTime:0.000496s ]
INFO: [ app_end ] --START--
INFO: Run Behavior\ShowPageTraceBehavior [ RunTime:0.001153s ]
INFO: [ app_end ] --END-- [ RunTime:0.001221s ]

[ 2016-08-18T21:32:17+08:00 ] ::1 /attendance/index.php/Home/Student/index
INFO: [ app_init ] --START--
INFO: Run Behavior\BuildLiteBehavior [ RunTime:0.000022s ]
INFO: [ app_init ] --END-- [ RunTime:0.008809s ]
INFO: [ app_begin ] --START--
INFO: Run Behavior\ReadHtmlCacheBehavior [ RunTime:0.001099s ]
INFO: [ app_begin ] --END-- [ RunTime:0.001167s ]
SQL: SHOW COLUMNS FROM `kaoqin_student` [ RunTime:0.0016s ]
SQL: SELECT * FROM `kaoqin_student`  [ RunTime:0.0006s ]
INFO: [ view_parse ] --START--
INFO: [ template_filter ] --START--
INFO: Run Behavior\ContentReplaceBehavior [ RunTime:0.000146s ]
INFO: [ template_filter ] --END-- [ RunTime:0.000230s ]
INFO: Run Behavior\ParseTemplateBehavior [ RunTime:0.081119s ]
INFO: [ view_parse ] --END-- [ RunTime:0.081231s ]
INFO: [ view_filter ] --START--
INFO: Run Behavior\WriteHtmlCacheBehavior [ RunTime:0.005593s ]
INFO: [ view_filter ] --END-- [ RunTime:0.005672s ]
INFO: [ app_end ] --START--
INFO: Run Behavior\ShowPageTraceBehavior [ RunTime:0.002405s ]
INFO: [ app_end ] --END-- [ RunTime:0.002509s ]

[ 2016-08-18T21:32:22+08:00 ] ::1 /attendance/index.php/Home/Student/editBefore?id=123456
INFO: [ app_init ] --START--
INFO: Run Behavior\BuildLiteBehavior [ RunTime:0.000022s ]
INFO: [ app_init ] --END-- [ RunTime:0.000860s ]
INFO: [ app_begin ] --START--
INFO: Run Behavior\ReadHtmlCacheBehavior [ RunTime:0.004791s ]
INFO: [ app_begin ] --END-- [ RunTime:0.005089s ]
SQL: SHOW COLUMNS FROM `kaoqin_student` [ RunTime:0.0042s ]
SQL: SELECT * FROM `kaoqin_student` WHERE ( sid=123456 ) LIMIT 1   [ RunTime:0.0132s ]

[ 2016-08-18T21:33:12+08:00 ] ::1 /attendance/index.php/Home/Student/index
INFO: [ app_init ] --START--
INFO: Run Behavior\BuildLiteBehavior [ RunTime:0.000014s ]
INFO: [ app_init ] --END-- [ RunTime:0.000543s ]
INFO: [ app_begin ] --START--
INFO: Run Behavior\ReadHtmlCacheBehavior [ RunTime:0.000705s ]
INFO: [ app_begin ] --END-- [ RunTime:0.000748s ]
SQL: SHOW COLUMNS FROM `kaoqin_student` [ RunTime:0.0022s ]
SQL: SELECT * FROM `kaoqin_student`  [ RunTime:0.0014s ]
INFO: [ view_parse ] --START--
INFO: [ template_filter ] --START--
INFO: Run Behavior\ContentReplaceBehavior [ RunTime:0.000138s ]
INFO: [ template_filter ] --END-- [ RunTime:0.000207s ]
INFO: Run Behavior\ParseTemplateBehavior [ RunTime:0.013731s ]
INFO: [ view_parse ] --END-- [ RunTime:0.013811s ]
INFO: [ view_filter ] --START--
INFO: Run Behavior\WriteHtmlCacheBehavior [ RunTime:0.000814s ]
INFO: [ view_filter ] --END-- [ RunTime:0.000870s ]
INFO: [ app_end ] --START--
INFO: Run Behavior\ShowPageTraceBehavior [ RunTime:0.001532s ]
INFO: [ app_end ] --END-- [ RunTime:0.001640s ]

[ 2016-08-18T21:33:13+08:00 ] ::1 /attendance/index.php/Home/Student/index
INFO: [ app_init ] --START--
INFO: Run Behavior\BuildLiteBehavior [ RunTime:0.000011s ]
INFO: [ app_init ] --END-- [ RunTime:0.000508s ]
INFO: [ app_begin ] --START--
INFO: Run Behavior\ReadHtmlCacheBehavior [ RunTime:0.000729s ]
INFO: [ app_begin ] --END-- [ RunTime:0.000772s ]
SQL: SHOW COLUMNS FROM `kaoqin_student` [ RunTime:0.0018s ]
SQL: SELECT * FROM `kaoqin_student`  [ RunTime:0.0005s ]
INFO: [ view_parse ] --START--
INFO: [ template_filter ] --START--
INFO: Run Behavior\ContentReplaceBehavior [ RunTime:0.000117s ]
INFO: [ template_filter ] --END-- [ RunTime:0.000152s ]
INFO: Run Behavior\ParseTemplateBehavior [ RunTime:0.008491s ]
INFO: [ view_parse ] --END-- [ RunTime:0.008542s ]
INFO: [ view_filter ] --START--
INFO: Run Behavior\WriteHtmlCacheBehavior [ RunTime:0.000458s ]
INFO: [ view_filter ] --END-- [ RunTime:0.000491s ]
INFO: [ app_end ] --START--
INFO: Run Behavior\ShowPageTraceBehavior [ RunTime:0.000835s ]
INFO: [ app_end ] --END-- [ RunTime:0.000904s ]

[ 2016-08-18T21:33:19+08:00 ] ::1 /attendance/index.php/Home/Student/editBefore?id=123456
INFO: [ app_init ] --START--
INFO: Run Behavior\BuildLiteBehavior [ RunTime:0.000014s ]
INFO: [ app_init ] --END-- [ RunTime:0.000741s ]
INFO: [ app_begin ] --START--
INFO: Run Behavior\ReadHtmlCacheBehavior [ RunTime:0.000714s ]
INFO: [ app_begin ] --END-- [ RunTime:0.000763s ]
SQL: SHOW COLUMNS FROM `kaoqin_student` [ RunTime:0.0014s ]
SQL: SELECT * FROM `kaoqin_student` WHERE ( sid=123456 ) LIMIT 1   [ RunTime:0.0007s ]

[ 2016-08-18T21:33:30+08:00 ] ::1 /attendance/index.php/Home/Student/editBefore?id=123456
INFO: [ app_init ] --START--
INFO: Run Behavior\BuildLiteBehavior [ RunTime:0.000020s ]
INFO: [ app_init ] --END-- [ RunTime:0.001528s ]
INFO: [ app_begin ] --START--
INFO: Run Behavior\ReadHtmlCacheBehavior [ RunTime:0.000629s ]
INFO: [ app_begin ] --END-- [ RunTime:0.000702s ]
SQL: SHOW COLUMNS FROM `kaoqin_student` [ RunTime:0.0030s ]
SQL: SELECT * FROM `kaoqin_student` WHERE ( sid=123456 ) LIMIT 1   [ RunTime:0.0040s ]

[ 2016-08-18T21:33:40+08:00 ] ::1 /attendance/index.php/Home/Student/update?id=123456&name=%E6%B1%AA%E4%BA%AC%E9%99%86&sex=1&nationality=&college=&class=&mac=
INFO: [ app_init ] --START--
INFO: Run Behavior\BuildLiteBehavior [ RunTime:0.000009s ]
INFO: [ app_init ] --END-- [ RunTime:0.000413s ]
INFO: [ app_begin ] --START--
INFO: Run Behavior\ReadHtmlCacheBehavior [ RunTime:0.000576s ]
INFO: [ app_begin ] --END-- [ RunTime:0.000612s ]
SQL: SHOW COLUMNS FROM `kaoqin_student` [ RunTime:0.0036s ]
SQL: UPDATE `kaoqin_student` SET `sname`='汪京陆',`ssex`='1',`snationality`='',`scollege`='',`sclass`='',`smac`='',`smajor`='',`stel`='' WHERE `sid` = '123456' [ RunTime:0.0367s ]

[ 2016-08-18T21:33:41+08:00 ] ::1 /attendance/index.php/Home/Student/index
INFO: [ app_init ] --START--
INFO: Run Behavior\BuildLiteBehavior [ RunTime:0.000010s ]
INFO: [ app_init ] --END-- [ RunTime:0.000499s ]
INFO: [ app_begin ] --START--
INFO: Run Behavior\ReadHtmlCacheBehavior [ RunTime:0.000756s ]
INFO: [ app_begin ] --END-- [ RunTime:0.000817s ]
SQL: SHOW COLUMNS FROM `kaoqin_student` [ RunTime:0.0023s ]
SQL: SELECT * FROM `kaoqin_student`  [ RunTime:0.0004s ]
INFO: [ view_parse ] --START--
INFO: [ template_filter ] --START--
INFO: Run Behavior\ContentReplaceBehavior [ RunTime:0.000189s ]
INFO: [ template_filter ] --END-- [ RunTime:0.000249s ]
INFO: Run Behavior\ParseTemplateBehavior [ RunTime:0.016196s ]
INFO: [ view_parse ] --END-- [ RunTime:0.016256s ]
INFO: [ view_filter ] --START--
INFO: Run Behavior\WriteHtmlCacheBehavior [ RunTime:0.000672s ]
INFO: [ view_filter ] --END-- [ RunTime:0.000723s ]
INFO: [ app_end ] --START--
INFO: Run Behavior\ShowPageTraceBehavior [ RunTime:0.001307s ]
INFO: [ app_end ] --END-- [ RunTime:0.001373s ]

[ 2016-08-18T21:35:32+08:00 ] ::1 /attendance/index.php/Home/Student/editBefore?id=123456
INFO: [ app_init ] --START--
INFO: Run Behavior\BuildLiteBehavior [ RunTime:0.000021s ]
INFO: [ app_init ] --END-- [ RunTime:0.001148s ]
INFO: [ app_begin ] --START--
INFO: Run Behavior\ReadHtmlCacheBehavior [ RunTime:0.001077s ]
INFO: [ app_begin ] --END-- [ RunTime:0.001133s ]
SQL: SHOW COLUMNS FROM `kaoqin_student` [ RunTime:0.0020s ]
SQL: SELECT * FROM `kaoqin_student` WHERE ( sid=123456 ) LIMIT 1   [ RunTime:0.0009s ]

[ 2016-08-18T21:35:39+08:00 ] ::1 /attendance/index.php/Home/Student/update?id=123456&name=%E6%B1%AA%E4%BA%AC%E9%99%86&sex=1&nationality=&college=&class=&mac=
INFO: [ app_init ] --START--
INFO: Run Behavior\BuildLiteBehavior [ RunTime:0.000015s ]
INFO: [ app_init ] --END-- [ RunTime:0.000508s ]
INFO: [ app_begin ] --START--
INFO: Run Behavior\ReadHtmlCacheBehavior [ RunTime:0.000610s ]
INFO: [ app_begin ] --END-- [ RunTime:0.000655s ]
SQL: SHOW COLUMNS FROM `kaoqin_student` [ RunTime:0.0023s ]
SQL: UPDATE `kaoqin_student` SET `sname`='汪京陆',`ssex`='1',`snationality`='',`scollege`='',`sclass`='',`smac`='',`smajor`='',`stel`='' WHERE `sid` = '123456' [ RunTime:0.0089s ]

[ 2016-08-18T21:35:55+08:00 ] ::1 /attendance/index.php/Home/Student/editBefore?id=123456
INFO: [ app_init ] --START--
INFO: Run Behavior\BuildLiteBehavior [ RunTime:0.000010s ]
INFO: [ app_init ] --END-- [ RunTime:0.000395s ]
INFO: [ app_begin ] --START--
INFO: Run Behavior\ReadHtmlCacheBehavior [ RunTime:0.001749s ]
INFO: [ app_begin ] --END-- [ RunTime:0.001964s ]
SQL: SHOW COLUMNS FROM `kaoqin_student` [ RunTime:0.0099s ]
SQL: SELECT * FROM `kaoqin_student` WHERE ( sid=123456 ) LIMIT 1   [ RunTime:0.0014s ]

[ 2016-08-18T21:35:59+08:00 ] ::1 /attendance/index.php/Home/Student/update?id=123456&name=%E6%B1%AA%E4%BA%AC%E9%99%86&sex=1&nationality=&college=&class=&mac=
INFO: [ app_init ] --START--
INFO: Run Behavior\BuildLiteBehavior [ RunTime:0.000025s ]
INFO: [ app_init ] --END-- [ RunTime:0.001342s ]
INFO: [ app_begin ] --START--
INFO: Run Behavior\ReadHtmlCacheBehavior [ RunTime:0.000776s ]
INFO: [ app_begin ] --END-- [ RunTime:0.000835s ]
SQL: SHOW COLUMNS FROM `kaoqin_student` [ RunTime:0.0010s ]
SQL: UPDATE `kaoqin_student` SET `sname`='汪京陆',`ssex`='1',`snationality`='',`scollege`='',`sclass`='',`smac`='',`smajor`='',`stel`='' WHERE `sid` = '123456' [ RunTime:0.0068s ]

[ 2016-08-18T21:36:07+08:00 ] ::1 /attendance/index.php/Home/Student/update?id=123456&name=%E6%B1%AA%E4%BA%AC%E9%99%86&sex=1&nationality=&college=&class=&mac=
INFO: [ app_init ] --START--
INFO: Run Behavior\BuildLiteBehavior [ RunTime:0.000008s ]
INFO: [ app_init ] --END-- [ RunTime:0.000392s ]
INFO: [ app_begin ] --START--
INFO: Run Behavior\ReadHtmlCacheBehavior [ RunTime:0.000453s ]
INFO: [ app_begin ] --END-- [ RunTime:0.000486s ]
SQL: SHOW COLUMNS FROM `kaoqin_student` [ RunTime:0.0007s ]
SQL: UPDATE `kaoqin_student` SET `sname`='汪京陆',`ssex`='1',`snationality`='',`scollege`='',`sclass`='',`smac`='',`smajor`='',`stel`='' WHERE `sid` = '123456' [ RunTime:0.0094s ]

[ 2016-08-18T21:36:10+08:00 ] ::1 /attendance/index.php/Home/Student/editBefore?id=123456
INFO: [ app_init ] --START--
INFO: Run Behavior\BuildLiteBehavior [ RunTime:0.000009s ]
INFO: [ app_init ] --END-- [ RunTime:0.000413s ]
INFO: [ app_begin ] --START--
INFO: Run Behavior\ReadHtmlCacheBehavior [ RunTime:0.000509s ]
INFO: [ app_begin ] --END-- [ RunTime:0.000548s ]
SQL: SHOW COLUMNS FROM `kaoqin_student` [ RunTime:0.0006s ]
SQL: SELECT * FROM `kaoqin_student` WHERE ( sid=123456 ) LIMIT 1   [ RunTime:0.0003s ]

[ 2016-08-18T21:36:25+08:00 ] ::1 /attendance/index.php/Home/Student/editBefore?id=123456
INFO: [ app_init ] --START--
INFO: Run Behavior\BuildLiteBehavior [ RunTime:0.000026s ]
INFO: [ app_init ] --END-- [ RunTime:0.000771s ]
INFO: [ app_begin ] --START--
INFO: Run Behavior\ReadHtmlCacheBehavior [ RunTime:0.002725s ]
INFO: [ app_begin ] --END-- [ RunTime:0.002794s ]
SQL: SHOW COLUMNS FROM `kaoqin_student` [ RunTime:0.0007s ]
SQL: SELECT * FROM `kaoqin_student` WHERE ( sid=123456 ) LIMIT 1   [ RunTime:0.0003s ]

[ 2016-08-18T21:36:34+08:00 ] ::1 /attendance/index.php/Home/Student/update?id=123456&name=%E6%B1%AA%E4%BA%AC%E9%99%86&sex=1&nationality=&college=&class=&mac=
INFO: [ app_init ] --START--
INFO: Run Behavior\BuildLiteBehavior [ RunTime:0.000009s ]
INFO: [ app_init ] --END-- [ RunTime:0.000446s ]
INFO: [ app_begin ] --START--
INFO: Run Behavior\ReadHtmlCacheBehavior [ RunTime:0.000667s ]
INFO: [ app_begin ] --END-- [ RunTime:0.000723s ]
SQL: SHOW COLUMNS FROM `kaoqin_student` [ RunTime:0.0007s ]
SQL: UPDATE `kaoqin_student` SET `sname`='汪京陆',`ssex`='1',`snationality`='',`scollege`='',`sclass`='',`smac`='',`smajor`='',`stel`='' WHERE `sid` = '123456' [ RunTime:0.0044s ]

[ 2016-08-18T21:37:02+08:00 ] ::1 /attendance/index.php/Home/Student/update?id=123456&name=%E6%B1%AA%E4%BA%AC%E9%99%86&sex=1&nationality=&college=&class=&mac=
INFO: [ app_init ] --START--
INFO: Run Behavior\BuildLiteBehavior [ RunTime:0.000009s ]
INFO: [ app_init ] --END-- [ RunTime:0.000387s ]
INFO: [ app_begin ] --START--
INFO: Run Behavior\ReadHtmlCacheBehavior [ RunTime:0.000452s ]
INFO: [ app_begin ] --END-- [ RunTime:0.000486s ]
SQL: SHOW COLUMNS FROM `kaoqin_student` [ RunTime:0.0011s ]
SQL: UPDATE `kaoqin_student` SET `sname`='汪京陆',`ssex`='1',`snationality`='',`scollege`='',`sclass`='',`smac`='',`smajor`='',`stel`='' WHERE `sid` = '123456' [ RunTime:0.0055s ]

[ 2016-08-18T21:37:05+08:00 ] ::1 /attendance/index.php/Home/Student/editBefore?id=123456
INFO: [ app_init ] --START--
INFO: Run Behavior\BuildLiteBehavior [ RunTime:0.000010s ]
INFO: [ app_init ] --END-- [ RunTime:0.000508s ]
INFO: [ app_begin ] --START--
INFO: Run Behavior\ReadHtmlCacheBehavior [ RunTime:0.000576s ]
INFO: [ app_begin ] --END-- [ RunTime:0.000620s ]
SQL: SHOW COLUMNS FROM `kaoqin_student` [ RunTime:0.0028s ]
SQL: SELECT * FROM `kaoqin_student` WHERE ( sid=123456 ) LIMIT 1   [ RunTime:0.0010s ]

[ 2016-08-18T21:38:32+08:00 ] ::1 /attendance/index.php/Home/Student/index
INFO: [ app_init ] --START--
INFO: Run Behavior\BuildLiteBehavior [ RunTime:0.000014s ]
INFO: [ app_init ] --END-- [ RunTime:0.000684s ]
INFO: [ app_begin ] --START--
INFO: Run Behavior\ReadHtmlCacheBehavior [ RunTime:0.000878s ]
INFO: [ app_begin ] --END-- [ RunTime:0.000938s ]
SQL: SHOW COLUMNS FROM `kaoqin_student` [ RunTime:0.0010s ]
SQL: SELECT * FROM `kaoqin_student`  [ RunTime:0.0004s ]
INFO: [ view_parse ] --START--
INFO: [ template_filter ] --START--
INFO: Run Behavior\ContentReplaceBehavior [ RunTime:0.000182s ]
INFO: [ template_filter ] --END-- [ RunTime:0.000240s ]
INFO: Run Behavior\ParseTemplateBehavior [ RunTime:0.018821s ]
INFO: [ view_parse ] --END-- [ RunTime:0.018887s ]
INFO: [ view_filter ] --START--
INFO: Run Behavior\WriteHtmlCacheBehavior [ RunTime:0.000704s ]
INFO: [ view_filter ] --END-- [ RunTime:0.000748s ]
INFO: [ app_end ] --START--
INFO: Run Behavior\ShowPageTraceBehavior [ RunTime:0.001150s ]
INFO: [ app_end ] --END-- [ RunTime:0.001230s ]

[ 2016-08-18T21:38:32+08:00 ] ::1 /attendance/index.php/Home/Student/editBefore?id=123456
INFO: [ app_init ] --START--
INFO: Run Behavior\BuildLiteBehavior [ RunTime:0.000029s ]
INFO: [ app_init ] --END-- [ RunTime:0.002182s ]
INFO: [ app_begin ] --START--
INFO: Run Behavior\ReadHtmlCacheBehavior [ RunTime:0.003045s ]
INFO: [ app_begin ] --END-- [ RunTime:0.003107s ]
SQL: SHOW COLUMNS FROM `kaoqin_student` [ RunTime:0.0009s ]
SQL: SELECT * FROM `kaoqin_student` WHERE ( sid=123456 ) LIMIT 1   [ RunTime:0.0025s ]

[ 2016-08-18T21:38:36+08:00 ] ::1 /attendance/index.php/Home/Student/update?id=123456&name=%E6%B1%AA%E4%BA%AC%E9%99%86&sex=1&nationality=&college=&class=&mac=&tel=&major=%E8%BD%AF%E5%B7%A5
INFO: [ app_init ] --START--
INFO: Run Behavior\BuildLiteBehavior [ RunTime:0.000010s ]
INFO: [ app_init ] --END-- [ RunTime:0.000536s ]
INFO: [ app_begin ] --START--
INFO: Run Behavior\ReadHtmlCacheBehavior [ RunTime:0.000814s ]
INFO: [ app_begin ] --END-- [ RunTime:0.000857s ]
SQL: SHOW COLUMNS FROM `kaoqin_student` [ RunTime:0.0007s ]
SQL: UPDATE `kaoqin_student` SET `sname`='汪京陆',`ssex`='1',`snationality`='',`scollege`='',`sclass`='',`smac`='',`smajor`='软工',`stel`='' WHERE `sid` = '123456' [ RunTime:0.0166s ]

[ 2016-08-18T21:38:37+08:00 ] ::1 /attendance/index.php/Home/Student/index
INFO: [ app_init ] --START--
INFO: Run Behavior\BuildLiteBehavior [ RunTime:0.000011s ]
INFO: [ app_init ] --END-- [ RunTime:0.000645s ]
INFO: [ app_begin ] --START--
INFO: Run Behavior\ReadHtmlCacheBehavior [ RunTime:0.001775s ]
INFO: [ app_begin ] --END-- [ RunTime:0.001952s ]
SQL: SHOW COLUMNS FROM `kaoqin_student` [ RunTime:0.0035s ]
SQL: SELECT * FROM `kaoqin_student`  [ RunTime:0.0008s ]
INFO: [ view_parse ] --START--
INFO: [ template_filter ] --START--
INFO: Run Behavior\ContentReplaceBehavior [ RunTime:0.000197s ]
INFO: [ template_filter ] --END-- [ RunTime:0.000278s ]
INFO: Run Behavior\ParseTemplateBehavior [ RunTime:0.043622s ]
INFO: [ view_parse ] --END-- [ RunTime:0.043755s ]
INFO: [ view_filter ] --START--
INFO: Run Behavior\WriteHtmlCacheBehavior [ RunTime:0.001206s ]
INFO: [ view_filter ] --END-- [ RunTime:0.001300s ]
INFO: [ app_end ] --START--
INFO: Run Behavior\ShowPageTraceBehavior [ RunTime:0.001829s ]
INFO: [ app_end ] --END-- [ RunTime:0.001993s ]

[ 2016-08-18T21:39:29+08:00 ] ::1 /attendance/index.php/Home/Student/index
INFO: [ app_init ] --START--
INFO: Run Behavior\BuildLiteBehavior [ RunTime:0.000010s ]
INFO: [ app_init ] --END-- [ RunTime:0.000391s ]
INFO: [ app_begin ] --START--
INFO: Run Behavior\ReadHtmlCacheBehavior [ RunTime:0.000487s ]
INFO: [ app_begin ] --END-- [ RunTime:0.000525s ]
SQL: SHOW COLUMNS FROM `kaoqin_student` [ RunTime:0.0010s ]
SQL: SELECT * FROM `kaoqin_student`  [ RunTime:0.0005s ]
INFO: [ view_parse ] --START--
INFO: [ template_filter ] --START--
INFO: Run Behavior\ContentReplaceBehavior [ RunTime:0.000149s ]
INFO: [ template_filter ] --END-- [ RunTime:0.000222s ]
INFO: Run Behavior\ParseTemplateBehavior [ RunTime:0.009835s ]
INFO: [ view_parse ] --END-- [ RunTime:0.009924s ]
INFO: [ view_filter ] --START--
INFO: Run Behavior\WriteHtmlCacheBehavior [ RunTime:0.000843s ]
INFO: [ view_filter ] --END-- [ RunTime:0.000898s ]
INFO: [ app_end ] --START--
INFO: Run Behavior\ShowPageTraceBehavior [ RunTime:0.001024s ]
INFO: [ app_end ] --END-- [ RunTime:0.001114s ]

[ 2016-08-18T21:39:37+08:00 ] ::1 /attendance/index.php/Home/Student/add?id=123414&name=%E5%AE%89%E5%88%86&sex=1&nationality=&college=&aclass=&mac=&passwd=&major=%E6%9A%97%E6%9D%80&tel=
INFO: [ app_init ] --START--
INFO: Run Behavior\BuildLiteBehavior [ RunTime:0.000012s ]
INFO: [ app_init ] --END-- [ RunTime:0.000664s ]
INFO: [ app_begin ] --START--
INFO: Run Behavior\ReadHtmlCacheBehavior [ RunTime:0.000691s ]
INFO: [ app_begin ] --END-- [ RunTime:0.000727s ]
SQL: SHOW COLUMNS FROM `kaoqin_student` [ RunTime:0.0007s ]
SQL: INSERT INTO `kaoqin_student` (`sid`,`sname`,`ssex`,`snationality`,`scollege`,`sclass`,`smac`,`spassword`,`stel`,`smajor`) VALUES ('123414','安分','1','','','','','','','暗杀') [ RunTime:0.0071s ]

[ 2016-08-18T21:39:38+08:00 ] ::1 /attendance/index.php/Home/Student/index
INFO: [ app_init ] --START--
INFO: Run Behavior\BuildLiteBehavior [ RunTime:0.000012s ]
INFO: [ app_init ] --END-- [ RunTime:0.000759s ]
INFO: [ app_begin ] --START--
INFO: Run Behavior\ReadHtmlCacheBehavior [ RunTime:0.000615s ]
INFO: [ app_begin ] --END-- [ RunTime:0.000657s ]
SQL: SHOW COLUMNS FROM `kaoqin_student` [ RunTime:0.0008s ]
SQL: SELECT * FROM `kaoqin_student`  [ RunTime:0.0004s ]
INFO: [ view_parse ] --START--
INFO: [ template_filter ] --START--
INFO: Run Behavior\ContentReplaceBehavior [ RunTime:0.000143s ]
INFO: [ template_filter ] --END-- [ RunTime:0.000198s ]
INFO: Run Behavior\ParseTemplateBehavior [ RunTime:0.018613s ]
INFO: [ view_parse ] --END-- [ RunTime:0.018664s ]
INFO: [ view_filter ] --START--
INFO: Run Behavior\WriteHtmlCacheBehavior [ RunTime:0.000597s ]
INFO: [ view_filter ] --END-- [ RunTime:0.000631s ]
INFO: [ app_end ] --START--
INFO: Run Behavior\ShowPageTraceBehavior [ RunTime:0.001138s ]
INFO: [ app_end ] --END-- [ RunTime:0.001260s ]

[ 2016-08-18T21:39:42+08:00 ] ::1 /attendance/index.php/Home/Student/delete?ids%5B%5D=123414
INFO: [ app_init ] --START--
INFO: Run Behavior\BuildLiteBehavior [ RunTime:0.000014s ]
INFO: [ app_init ] --END-- [ RunTime:0.000612s ]
INFO: [ app_begin ] --START--
INFO: Run Behavior\ReadHtmlCacheBehavior [ RunTime:0.000905s ]
INFO: [ app_begin ] --END-- [ RunTime:0.001001s ]
SQL: SHOW COLUMNS FROM `kaoqin_student` [ RunTime:0.0008s ]
SQL: DELETE FROM `kaoqin_student` WHERE `sid` = '123414' [ RunTime:0.0147s ]

[ 2016-08-18T21:39:42+08:00 ] ::1 /attendance/index.php/Home/Student/index
INFO: [ app_init ] --START--
INFO: Run Behavior\BuildLiteBehavior [ RunTime:0.000014s ]
INFO: [ app_init ] --END-- [ RunTime:0.000646s ]
INFO: [ app_begin ] --START--
INFO: Run Behavior\ReadHtmlCacheBehavior [ RunTime:0.000753s ]
INFO: [ app_begin ] --END-- [ RunTime:0.000819s ]
SQL: SHOW COLUMNS FROM `kaoqin_student` [ RunTime:0.0014s ]
SQL: SELECT * FROM `kaoqin_student`  [ RunTime:0.0005s ]
INFO: [ view_parse ] --START--
INFO: [ template_filter ] --START--
INFO: Run Behavior\ContentReplaceBehavior [ RunTime:0.000140s ]
INFO: [ template_filter ] --END-- [ RunTime:0.000216s ]
INFO: Run Behavior\ParseTemplateBehavior [ RunTime:0.011653s ]
INFO: [ view_parse ] --END-- [ RunTime:0.011719s ]
INFO: [ view_filter ] --START--
INFO: Run Behavior\WriteHtmlCacheBehavior [ RunTime:0.000746s ]
INFO: [ view_filter ] --END-- [ RunTime:0.000802s ]
INFO: [ app_end ] --START--
INFO: Run Behavior\ShowPageTraceBehavior [ RunTime:0.001427s ]
INFO: [ app_end ] --END-- [ RunTime:0.001528s ]

[ 2016-08-18T21:47:30+08:00 ] ::1 /attendance/index.php/Home/Attendance/Index
INFO: [ app_init ] --START--
INFO: Run Behavior\BuildLiteBehavior [ RunTime:0.000011s ]
INFO: [ app_init ] --END-- [ RunTime:0.000607s ]
INFO: [ app_begin ] --START--
INFO: Run Behavior\ReadHtmlCacheBehavior [ RunTime:0.000758s ]
INFO: [ app_begin ] --END-- [ RunTime:0.000801s ]
SQL: SHOW COLUMNS FROM `kaoqin_absence` [ RunTime:0.0028s ]
SQL: SELECT * FROM `kaoqin_absence`  [ RunTime:0.0007s ]
INFO: [ view_parse ] --START--
INFO: [ template_filter ] --START--
INFO: Run Behavior\ContentReplaceBehavior [ RunTime:0.000047s ]
INFO: [ template_filter ] --END-- [ RunTime:0.000080s ]
INFO: Run Behavior\ParseTemplateBehavior [ RunTime:0.007570s ]
INFO: [ view_parse ] --END-- [ RunTime:0.007617s ]
INFO: [ view_filter ] --START--
INFO: Run Behavior\WriteHtmlCacheBehavior [ RunTime:0.000711s ]
INFO: [ view_filter ] --END-- [ RunTime:0.000743s ]
INFO: [ app_end ] --START--
INFO: Run Behavior\ShowPageTraceBehavior [ RunTime:0.000864s ]
INFO: [ app_end ] --END-- [ RunTime:0.000895s ]

[ 2016-08-18T21:51:25+08:00 ] ::1 /attendance/index.php/Home/Upload/index
INFO: [ app_init ] --START--
INFO: Run Behavior\BuildLiteBehavior [ RunTime:0.000017s ]
INFO: [ app_init ] --END-- [ RunTime:0.001200s ]
INFO: [ app_begin ] --START--
INFO: Run Behavior\ReadHtmlCacheBehavior [ RunTime:0.000599s ]
INFO: [ app_begin ] --END-- [ RunTime:0.000641s ]
INFO: [ view_parse ] --START--
INFO: [ template_filter ] --START--
INFO: Run Behavior\ContentReplaceBehavior [ RunTime:0.000042s ]
INFO: [ template_filter ] --END-- [ RunTime:0.000080s ]
INFO: Run Behavior\ParseTemplateBehavior [ RunTime:0.007520s ]
INFO: [ view_parse ] --END-- [ RunTime:0.007575s ]
INFO: [ view_filter ] --START--
INFO: Run Behavior\WriteHtmlCacheBehavior [ RunTime:0.000474s ]
INFO: [ view_filter ] --END-- [ RunTime:0.000503s ]
INFO: [ app_end ] --START--
INFO: Run Behavior\ShowPageTraceBehavior [ RunTime:0.000785s ]
INFO: [ app_end ] --END-- [ RunTime:0.000819s ]

[ 2016-08-18T21:51:36+08:00 ] ::1 /attendance/index.php/Home/Upload/index
INFO: [ app_init ] --START--
INFO: Run Behavior\BuildLiteBehavior [ RunTime:0.000017s ]
INFO: [ app_init ] --END-- [ RunTime:0.000873s ]
INFO: [ app_begin ] --START--
INFO: Run Behavior\ReadHtmlCacheBehavior [ RunTime:0.001076s ]
INFO: [ app_begin ] --END-- [ RunTime:0.001142s ]
INFO: [ view_parse ] --START--
INFO: [ template_filter ] --START--
INFO: Run Behavior\ContentReplaceBehavior [ RunTime:0.000069s ]
INFO: [ template_filter ] --END-- [ RunTime:0.000135s ]
INFO: Run Behavior\ParseTemplateBehavior [ RunTime:0.010903s ]
INFO: [ view_parse ] --END-- [ RunTime:0.010976s ]
INFO: [ view_filter ] --START--
INFO: Run Behavior\WriteHtmlCacheBehavior [ RunTime:0.000669s ]
INFO: [ view_filter ] --END-- [ RunTime:0.000723s ]
INFO: [ app_end ] --START--
INFO: Run Behavior\ShowPageTraceBehavior [ RunTime:0.001013s ]
INFO: [ app_end ] --END-- [ RunTime:0.001068s ]

