[ 2016-08-21T09:50:05+08:00 ] ::1 /attendance/index.php/Home/Attendance/index
INFO: [ app_init ] --START--
INFO: Run Behavior\BuildLiteBehavior [ RunTime:0.000012s ]
INFO: [ app_init ] --END-- [ RunTime:0.000932s ]
INFO: [ app_begin ] --START--
INFO: Run Behavior\ReadHtmlCacheBehavior [ RunTime:0.001542s ]
INFO: [ app_begin ] --END-- [ RunTime:0.001612s ]
SQL: SHOW COLUMNS FROM `kaoqin_absence` [ RunTime:0.0770s ]
SQL: SELECT * FROM `kaoqin_absence`  [ RunTime:0.0021s ]
INFO: [ view_parse ] --START--
INFO: [ template_filter ] --START--
INFO: Run Behavior\ContentReplaceBehavior [ RunTime:0.000049s ]
INFO: [ template_filter ] --END-- [ RunTime:0.000090s ]
INFO: Run Behavior\ParseTemplateBehavior [ RunTime:0.017495s ]
INFO: [ view_parse ] --END-- [ RunTime:0.017563s ]
INFO: [ view_filter ] --START--
INFO: Run Behavior\WriteHtmlCacheBehavior [ RunTime:0.000859s ]
INFO: [ view_filter ] --END-- [ RunTime:0.000898s ]
INFO: [ app_end ] --START--
INFO: Run Behavior\ShowPageTraceBehavior [ RunTime:0.000836s ]
INFO: [ app_end ] --END-- [ RunTime:0.000872s ]

[ 2016-08-21T09:50:08+08:00 ] ::1 /attendance/index.php/Home/Attendance/index
INFO: [ app_init ] --START--
INFO: Run Behavior\BuildLiteBehavior [ RunTime:0.000019s ]
INFO: [ app_init ] --END-- [ RunTime:0.000911s ]
INFO: [ app_begin ] --START--
INFO: Run Behavior\ReadHtmlCacheBehavior [ RunTime:0.000868s ]
INFO: [ app_begin ] --END-- [ RunTime:0.000914s ]
SQL: SHOW COLUMNS FROM `kaoqin_absence` [ RunTime:0.0024s ]
SQL: SELECT * FROM `kaoqin_absence`  [ RunTime:0.0003s ]
INFO: [ view_parse ] --START--
INFO: [ template_filter ] --START--
INFO: Run Behavior\ContentReplaceBehavior [ RunTime:0.000041s ]
INFO: [ template_filter ] --END-- [ RunTime:0.000078s ]
INFO: Run Behavior\ParseTemplateBehavior [ RunTime:0.007044s ]
INFO: [ view_parse ] --END-- [ RunTime:0.007089s ]
INFO: [ view_filter ] --START--
INFO: Run Behavior\WriteHtmlCacheBehavior [ RunTime:0.000381s ]
INFO: [ view_filter ] --END-- [ RunTime:0.000406s ]
INFO: [ app_end ] --START--
INFO: Run Behavior\ShowPageTraceBehavior [ RunTime:0.000748s ]
INFO: [ app_end ] --END-- [ RunTime:0.000784s ]

[ 2016-08-21T09:50:11+08:00 ] ::1 /attendance/index.php/Home/Class/index
INFO: [ app_init ] --START--
INFO: Run Behavior\BuildLiteBehavior [ RunTime:0.000009s ]
INFO: [ app_init ] --END-- [ RunTime:0.000443s ]
INFO: [ app_begin ] --START--
INFO: Run Behavior\ReadHtmlCacheBehavior [ RunTime:0.000514s ]
INFO: [ app_begin ] --END-- [ RunTime:0.000548s ]
SQL: SHOW COLUMNS FROM `kaoqin_class_situtation` [ RunTime:0.0076s ]
SQL: SELECT * FROM `kaoqin_class_situtation`  [ RunTime:0.0005s ]
SQL: SHOW COLUMNS FROM `kaoqin_course` [ RunTime:0.0032s ]
SQL: SELECT * FROM `kaoqin_course` WHERE ( 1=1 AND cid='123' ) LIMIT 1   [ RunTime:0.0045s ]
SQL: SHOW COLUMNS FROM `kaoqin_student` [ RunTime:0.0021s ]
SQL: SELECT * FROM `kaoqin_student` WHERE ( 1=1 AND sid='1234' ) LIMIT 1   [ RunTime:0.0004s ]
SQL: SELECT * FROM `kaoqin_course` WHERE ( 1=1 AND cid='1234' ) LIMIT 1   [ RunTime:0.0002s ]
SQL: SELECT * FROM `kaoqin_student` WHERE ( 1=1 AND sid='123456' ) LIMIT 1   [ RunTime:0.0003s ]
INFO: [ view_parse ] --START--
INFO: [ template_filter ] --START--
INFO: Run Behavior\ContentReplaceBehavior [ RunTime:0.000058s ]
INFO: [ template_filter ] --END-- [ RunTime:0.000090s ]
INFO: Run Behavior\ParseTemplateBehavior [ RunTime:0.007946s ]
INFO: [ view_parse ] --END-- [ RunTime:0.007994s ]
INFO: [ view_filter ] --START--
INFO: Run Behavior\WriteHtmlCacheBehavior [ RunTime:0.000420s ]
INFO: [ view_filter ] --END-- [ RunTime:0.000450s ]
INFO: [ app_end ] --START--
INFO: Run Behavior\ShowPageTraceBehavior [ RunTime:0.000974s ]
INFO: [ app_end ] --END-- [ RunTime:0.001033s ]

[ 2016-08-21T09:50:12+08:00 ] ::1 /attendance/index.php/Home/Class/index
INFO: [ app_init ] --START--
INFO: Run Behavior\BuildLiteBehavior [ RunTime:0.000009s ]
INFO: [ app_init ] --END-- [ RunTime:0.000389s ]
INFO: [ app_begin ] --START--
INFO: Run Behavior\ReadHtmlCacheBehavior [ RunTime:0.000490s ]
INFO: [ app_begin ] --END-- [ RunTime:0.000526s ]
SQL: SHOW COLUMNS FROM `kaoqin_class_situtation` [ RunTime:0.0020s ]
SQL: SELECT * FROM `kaoqin_class_situtation`  [ RunTime:0.0003s ]
SQL: SHOW COLUMNS FROM `kaoqin_course` [ RunTime:0.0019s ]
SQL: SELECT * FROM `kaoqin_course` WHERE ( 1=1 AND cid='123' ) LIMIT 1   [ RunTime:0.0003s ]
SQL: SHOW COLUMNS FROM `kaoqin_student` [ RunTime:0.0014s ]
SQL: SELECT * FROM `kaoqin_student` WHERE ( 1=1 AND sid='1234' ) LIMIT 1   [ RunTime:0.0004s ]
SQL: SELECT * FROM `kaoqin_course` WHERE ( 1=1 AND cid='1234' ) LIMIT 1   [ RunTime:0.0002s ]
SQL: SELECT * FROM `kaoqin_student` WHERE ( 1=1 AND sid='123456' ) LIMIT 1   [ RunTime:0.0002s ]
INFO: [ view_parse ] --START--
INFO: [ template_filter ] --START--
INFO: Run Behavior\ContentReplaceBehavior [ RunTime:0.000058s ]
INFO: [ template_filter ] --END-- [ RunTime:0.000093s ]
INFO: Run Behavior\ParseTemplateBehavior [ RunTime:0.008192s ]
INFO: [ view_parse ] --END-- [ RunTime:0.008249s ]
INFO: [ view_filter ] --START--
INFO: Run Behavior\WriteHtmlCacheBehavior [ RunTime:0.000464s ]
INFO: [ view_filter ] --END-- [ RunTime:0.000506s ]
INFO: [ app_end ] --START--
INFO: Run Behavior\ShowPageTraceBehavior [ RunTime:0.001069s ]
INFO: [ app_end ] --END-- [ RunTime:0.001130s ]

[ 2016-08-21T09:50:13+08:00 ] ::1 /attendance/index.php/Home/Attendance/index
INFO: [ app_init ] --START--
INFO: Run Behavior\BuildLiteBehavior [ RunTime:0.000129s ]
INFO: [ app_init ] --END-- [ RunTime:0.002002s ]
INFO: [ app_begin ] --START--
INFO: Run Behavior\ReadHtmlCacheBehavior [ RunTime:0.000763s ]
INFO: [ app_begin ] --END-- [ RunTime:0.000830s ]
SQL: SHOW COLUMNS FROM `kaoqin_absence` [ RunTime:0.0023s ]
SQL: SELECT * FROM `kaoqin_absence`  [ RunTime:0.0003s ]
INFO: [ view_parse ] --START--
INFO: [ template_filter ] --START--
INFO: Run Behavior\ContentReplaceBehavior [ RunTime:0.000045s ]
INFO: [ template_filter ] --END-- [ RunTime:0.000090s ]
INFO: Run Behavior\ParseTemplateBehavior [ RunTime:0.007647s ]
INFO: [ view_parse ] --END-- [ RunTime:0.007714s ]
INFO: [ view_filter ] --START--
INFO: Run Behavior\WriteHtmlCacheBehavior [ RunTime:0.000341s ]
INFO: [ view_filter ] --END-- [ RunTime:0.000382s ]
INFO: [ app_end ] --START--
INFO: Run Behavior\ShowPageTraceBehavior [ RunTime:0.000882s ]
INFO: [ app_end ] --END-- [ RunTime:0.000936s ]

[ 2016-08-21T09:50:13+08:00 ] ::1 /attendance/index.php/Home/Course/index
INFO: [ app_init ] --START--
INFO: Run Behavior\BuildLiteBehavior [ RunTime:0.000012s ]
INFO: [ app_init ] --END-- [ RunTime:0.000500s ]
INFO: [ app_begin ] --START--
INFO: Run Behavior\ReadHtmlCacheBehavior [ RunTime:0.000569s ]
INFO: [ app_begin ] --END-- [ RunTime:0.000602s ]
SQL: SHOW COLUMNS FROM `kaoqin_course` [ RunTime:0.0036s ]
SQL: SELECT * FROM `kaoqin_course`  [ RunTime:0.0003s ]
SQL: SHOW COLUMNS FROM `kaoqin_teacher` [ RunTime:0.0047s ]
SQL: SELECT * FROM `kaoqin_teacher` WHERE ( 1=1 AND tid='12313' ) LIMIT 1   [ RunTime:0.0004s ]
SQL: SELECT * FROM `kaoqin_teacher` WHERE ( 1=1 AND tid='' ) LIMIT 1   [ RunTime:0.0003s ]
INFO: [ view_parse ] --START--
INFO: [ template_filter ] --START--
INFO: Run Behavior\ContentReplaceBehavior [ RunTime:0.000089s ]
INFO: [ template_filter ] --END-- [ RunTime:0.000124s ]
NOTIC: [8] Undefined variable: teachers D:\www\Apache24\htdocs\attendance\Application\Runtime\Cache\Home\5fd5f4d6eb6ceaf4d8869415689e1250.php 第 207 行.
INFO: Run Behavior\ParseTemplateBehavior [ RunTime:0.007721s ]
INFO: [ view_parse ] --END-- [ RunTime:0.007762s ]
INFO: [ view_filter ] --START--
INFO: Run Behavior\WriteHtmlCacheBehavior [ RunTime:0.000427s ]
INFO: [ view_filter ] --END-- [ RunTime:0.000453s ]
INFO: [ app_end ] --START--
INFO: Run Behavior\ShowPageTraceBehavior [ RunTime:0.001048s ]
INFO: [ app_end ] --END-- [ RunTime:0.001104s ]

[ 2016-08-21T09:50:14+08:00 ] ::1 /attendance/index.php/Home/Class/index
INFO: [ app_init ] --START--
INFO: Run Behavior\BuildLiteBehavior [ RunTime:0.000013s ]
INFO: [ app_init ] --END-- [ RunTime:0.000715s ]
INFO: [ app_begin ] --START--
INFO: Run Behavior\ReadHtmlCacheBehavior [ RunTime:0.000478s ]
INFO: [ app_begin ] --END-- [ RunTime:0.000512s ]
SQL: SHOW COLUMNS FROM `kaoqin_class_situtation` [ RunTime:0.0043s ]
SQL: SELECT * FROM `kaoqin_class_situtation`  [ RunTime:0.0003s ]
SQL: SHOW COLUMNS FROM `kaoqin_course` [ RunTime:0.0018s ]
SQL: SELECT * FROM `kaoqin_course` WHERE ( 1=1 AND cid='123' ) LIMIT 1   [ RunTime:0.0004s ]
SQL: SHOW COLUMNS FROM `kaoqin_student` [ RunTime:0.0022s ]
SQL: SELECT * FROM `kaoqin_student` WHERE ( 1=1 AND sid='1234' ) LIMIT 1   [ RunTime:0.0004s ]
SQL: SELECT * FROM `kaoqin_course` WHERE ( 1=1 AND cid='1234' ) LIMIT 1   [ RunTime:0.0003s ]
SQL: SELECT * FROM `kaoqin_student` WHERE ( 1=1 AND sid='123456' ) LIMIT 1   [ RunTime:0.0003s ]
INFO: [ view_parse ] --START--
INFO: [ template_filter ] --START--
INFO: Run Behavior\ContentReplaceBehavior [ RunTime:0.000074s ]
INFO: [ template_filter ] --END-- [ RunTime:0.000139s ]
INFO: Run Behavior\ParseTemplateBehavior [ RunTime:0.006896s ]
INFO: [ view_parse ] --END-- [ RunTime:0.006952s ]
INFO: [ view_filter ] --START--
INFO: Run Behavior\WriteHtmlCacheBehavior [ RunTime:0.000351s ]
INFO: [ view_filter ] --END-- [ RunTime:0.000380s ]
INFO: [ app_end ] --START--
INFO: Run Behavior\ShowPageTraceBehavior [ RunTime:0.001083s ]
INFO: [ app_end ] --END-- [ RunTime:0.001147s ]

[ 2016-08-21T09:50:15+08:00 ] ::1 /attendance/index.php/Home/Attendance/index
INFO: [ app_init ] --START--
INFO: Run Behavior\BuildLiteBehavior [ RunTime:0.000010s ]
INFO: [ app_init ] --END-- [ RunTime:0.000443s ]
INFO: [ app_begin ] --START--
INFO: Run Behavior\ReadHtmlCacheBehavior [ RunTime:0.000459s ]
INFO: [ app_begin ] --END-- [ RunTime:0.000495s ]
SQL: SHOW COLUMNS FROM `kaoqin_absence` [ RunTime:0.0006s ]
SQL: SELECT * FROM `kaoqin_absence`  [ RunTime:0.0004s ]
INFO: [ view_parse ] --START--
INFO: [ template_filter ] --START--
INFO: Run Behavior\ContentReplaceBehavior [ RunTime:0.000073s ]
INFO: [ template_filter ] --END-- [ RunTime:0.000183s ]
INFO: Run Behavior\ParseTemplateBehavior [ RunTime:0.007741s ]
INFO: [ view_parse ] --END-- [ RunTime:0.007797s ]
INFO: [ view_filter ] --START--
INFO: Run Behavior\WriteHtmlCacheBehavior [ RunTime:0.000405s ]
INFO: [ view_filter ] --END-- [ RunTime:0.000442s ]
INFO: [ app_end ] --START--
INFO: Run Behavior\ShowPageTraceBehavior [ RunTime:0.000620s ]
INFO: [ app_end ] --END-- [ RunTime:0.000651s ]

