[ 2016-08-30T20:52:46+08:00 ] ::1 /attendance/index.php/Teacher/Course/index.html
INFO: [ app_init ] --START--
INFO: Run Behavior\BuildLiteBehavior [ RunTime:0.000013s ]
INFO: [ app_init ] --END-- [ RunTime:0.000460s ]
INFO: [ app_begin ] --START--
INFO: Run Behavior\ReadHtmlCacheBehavior [ RunTime:0.000852s ]
INFO: [ app_begin ] --END-- [ RunTime:0.000936s ]
SQL: SHOW COLUMNS FROM `kaoqin_course` [ RunTime:0.0039s ]
SQL: SELECT * FROM `kaoqin_course` WHERE ( tid='123' )  [ RunTime:0.0006s ]
INFO: [ view_parse ] --START--
INFO: [ template_filter ] --START--
INFO: Run Behavior\ContentReplaceBehavior [ RunTime:0.000059s ]
INFO: [ template_filter ] --END-- [ RunTime:0.000108s ]
NOTIC: [8] Undefined variable: stu_data D:\www\Apache24\htdocs\attendance\Application\Runtime\Cache\Teacher\1e9d6b99b6f84fd58738cba914255438.php 第 102 行.
NOTIC: [8] Undefined variable: stu_data D:\www\Apache24\htdocs\attendance\Application\Runtime\Cache\Teacher\1e9d6b99b6f84fd58738cba914255438.php 第 103 行.
INFO: Run Behavior\ParseTemplateBehavior [ RunTime:0.020614s ]
INFO: [ view_parse ] --END-- [ RunTime:0.020655s ]
INFO: [ view_filter ] --START--
INFO: Run Behavior\WriteHtmlCacheBehavior [ RunTime:0.000539s ]
INFO: [ view_filter ] --END-- [ RunTime:0.000578s ]
INFO: [ app_end ] --START--
INFO: Run Behavior\ShowPageTraceBehavior [ RunTime:0.000733s ]
INFO: [ app_end ] --END-- [ RunTime:0.000772s ]

