[ 2016-09-01T14:21:24+08:00 ] ::1 /attendance/index.php/Teacher/Course/index.html
INFO: [ app_init ] --START--
INFO: Run Behavior\BuildLiteBehavior [ RunTime:0.000009s ]
INFO: [ app_init ] --END-- [ RunTime:0.000418s ]
INFO: [ app_begin ] --START--
INFO: Run Behavior\ReadHtmlCacheBehavior [ RunTime:0.000540s ]
INFO: [ app_begin ] --END-- [ RunTime:0.000584s ]
SQL: SHOW COLUMNS FROM `kaoqin_course` [ RunTime:0.0022s ]
SQL: SELECT * FROM `kaoqin_course` WHERE ( tid='123' )  [ RunTime:0.0005s ]
INFO: [ view_parse ] --START--
INFO: [ template_filter ] --START--
INFO: Run Behavior\ContentReplaceBehavior [ RunTime:0.000047s ]
INFO: [ template_filter ] --END-- [ RunTime:0.000084s ]
NOTIC: [8] Undefined variable: stu_data D:\www\Apache24\htdocs\attendance\Application\Runtime\Cache\Teacher\1e9d6b99b6f84fd58738cba914255438.php 第 102 行.
NOTIC: [8] Undefined variable: stu_data D:\www\Apache24\htdocs\attendance\Application\Runtime\Cache\Teacher\1e9d6b99b6f84fd58738cba914255438.php 第 103 行.
INFO: Run Behavior\ParseTemplateBehavior [ RunTime:0.016747s ]
INFO: [ view_parse ] --END-- [ RunTime:0.016790s ]
INFO: [ view_filter ] --START--
INFO: Run Behavior\WriteHtmlCacheBehavior [ RunTime:0.000555s ]
INFO: [ view_filter ] --END-- [ RunTime:0.000587s ]
INFO: [ app_end ] --START--
INFO: Run Behavior\ShowPageTraceBehavior [ RunTime:0.000773s ]
INFO: [ app_end ] --END-- [ RunTime:0.000806s ]

[ 2016-09-01T14:22:35+08:00 ] ::1 /attendance/index.php/Teacher/Course/index.html
INFO: [ app_init ] --START--
INFO: Run Behavior\BuildLiteBehavior [ RunTime:0.000009s ]
INFO: [ app_init ] --END-- [ RunTime:0.000387s ]
INFO: [ app_begin ] --START--
INFO: Run Behavior\ReadHtmlCacheBehavior [ RunTime:0.000471s ]
INFO: [ app_begin ] --END-- [ RunTime:0.000506s ]
SQL: SHOW COLUMNS FROM `kaoqin_course` [ RunTime:0.0060s ]
SQL: SELECT * FROM `kaoqin_course` WHERE ( tid='123' )  [ RunTime:0.0006s ]
INFO: [ view_parse ] --START--
INFO: [ template_filter ] --START--
INFO: Run Behavior\ContentReplaceBehavior [ RunTime:0.000042s ]
INFO: [ template_filter ] --END-- [ RunTime:0.000076s ]
NOTIC: [8] Undefined variable: stu_data D:\www\Apache24\htdocs\attendance\Application\Runtime\Cache\Teacher\1e9d6b99b6f84fd58738cba914255438.php 第 102 行.
NOTIC: [8] Undefined variable: stu_data D:\www\Apache24\htdocs\attendance\Application\Runtime\Cache\Teacher\1e9d6b99b6f84fd58738cba914255438.php 第 103 行.
INFO: Run Behavior\ParseTemplateBehavior [ RunTime:0.008320s ]
INFO: [ view_parse ] --END-- [ RunTime:0.008379s ]
INFO: [ view_filter ] --START--
INFO: Run Behavior\WriteHtmlCacheBehavior [ RunTime:0.001293s ]
INFO: [ view_filter ] --END-- [ RunTime:0.001341s ]
INFO: [ app_end ] --START--
INFO: Run Behavior\ShowPageTraceBehavior [ RunTime:0.000763s ]
INFO: [ app_end ] --END-- [ RunTime:0.000797s ]

[ 2016-09-01T14:25:07+08:00 ] ::1 /attendance/index.php/Teacher/Course/index.html
INFO: [ app_init ] --START--
INFO: Run Behavior\BuildLiteBehavior [ RunTime:0.000010s ]
INFO: [ app_init ] --END-- [ RunTime:0.000432s ]
INFO: [ app_begin ] --START--
INFO: Run Behavior\ReadHtmlCacheBehavior [ RunTime:0.001888s ]
INFO: [ app_begin ] --END-- [ RunTime:0.001998s ]
SQL: SHOW COLUMNS FROM `kaoqin_course` [ RunTime:0.0048s ]
SQL: SELECT * FROM `kaoqin_course` WHERE ( tid='123' )  [ RunTime:0.0003s ]
INFO: [ view_parse ] --START--
INFO: [ template_filter ] --START--
INFO: Run Behavior\ContentReplaceBehavior [ RunTime:0.000045s ]
INFO: [ template_filter ] --END-- [ RunTime:0.000088s ]
NOTIC: [8] Undefined variable: stu_data D:\www\Apache24\htdocs\attendance\Application\Runtime\Cache\Teacher\1e9d6b99b6f84fd58738cba914255438.php 第 102 行.
NOTIC: [8] Undefined variable: stu_data D:\www\Apache24\htdocs\attendance\Application\Runtime\Cache\Teacher\1e9d6b99b6f84fd58738cba914255438.php 第 103 行.
INFO: Run Behavior\ParseTemplateBehavior [ RunTime:0.007952s ]
INFO: [ view_parse ] --END-- [ RunTime:0.008007s ]
INFO: [ view_filter ] --START--
INFO: Run Behavior\WriteHtmlCacheBehavior [ RunTime:0.000882s ]
INFO: [ view_filter ] --END-- [ RunTime:0.000952s ]
INFO: [ app_end ] --START--
INFO: Run Behavior\ShowPageTraceBehavior [ RunTime:0.001055s ]
INFO: [ app_end ] --END-- [ RunTime:0.001108s ]

[ 2016-09-01T14:42:11+08:00 ] ::1 /attendance/index.php/Teacher/Course/index.html
INFO: [ app_init ] --START--
INFO: Run Behavior\BuildLiteBehavior [ RunTime:0.000076s ]
INFO: [ app_init ] --END-- [ RunTime:0.001188s ]
INFO: [ app_begin ] --START--
INFO: Run Behavior\ReadHtmlCacheBehavior [ RunTime:0.000556s ]
INFO: [ app_begin ] --END-- [ RunTime:0.000594s ]
SQL: SHOW COLUMNS FROM `kaoqin_course` [ RunTime:0.0032s ]
SQL: SELECT * FROM `kaoqin_course` WHERE ( tid='123' )  [ RunTime:0.0004s ]
INFO: [ view_parse ] --START--
INFO: [ template_filter ] --START--
INFO: Run Behavior\ContentReplaceBehavior [ RunTime:0.000061s ]
INFO: [ template_filter ] --END-- [ RunTime:0.000133s ]
NOTIC: [8] Undefined variable: stu_data D:\www\Apache24\htdocs\attendance\Application\Runtime\Cache\Teacher\1e9d6b99b6f84fd58738cba914255438.php 第 102 行.
NOTIC: [8] Undefined variable: stu_data D:\www\Apache24\htdocs\attendance\Application\Runtime\Cache\Teacher\1e9d6b99b6f84fd58738cba914255438.php 第 103 行.
INFO: Run Behavior\ParseTemplateBehavior [ RunTime:0.007606s ]
INFO: [ view_parse ] --END-- [ RunTime:0.007652s ]
INFO: [ view_filter ] --START--
INFO: Run Behavior\WriteHtmlCacheBehavior [ RunTime:0.000472s ]
INFO: [ view_filter ] --END-- [ RunTime:0.000499s ]
INFO: [ app_end ] --START--
INFO: Run Behavior\ShowPageTraceBehavior [ RunTime:0.000639s ]
INFO: [ app_end ] --END-- [ RunTime:0.000671s ]

[ 2016-09-01T14:56:39+08:00 ] ::1 /attendance/index.php/Teacher/Course/index.html
INFO: [ app_init ] --START--
INFO: Run Behavior\BuildLiteBehavior [ RunTime:0.000020s ]
INFO: [ app_init ] --END-- [ RunTime:0.001939s ]
INFO: [ app_begin ] --START--
INFO: Run Behavior\ReadHtmlCacheBehavior [ RunTime:0.000792s ]
INFO: [ app_begin ] --END-- [ RunTime:0.000859s ]
SQL: SHOW COLUMNS FROM `kaoqin_course` [ RunTime:0.0056s ]
SQL: SELECT * FROM `kaoqin_course` WHERE ( tid='123' )  [ RunTime:0.0005s ]
INFO: [ view_parse ] --START--
INFO: [ template_filter ] --START--
INFO: Run Behavior\ContentReplaceBehavior [ RunTime:0.000043s ]
INFO: [ template_filter ] --END-- [ RunTime:0.000077s ]
NOTIC: [8] Undefined variable: stu_data D:\www\Apache24\htdocs\attendance\Application\Runtime\Cache\Teacher\1e9d6b99b6f84fd58738cba914255438.php 第 102 行.
NOTIC: [8] Undefined variable: stu_data D:\www\Apache24\htdocs\attendance\Application\Runtime\Cache\Teacher\1e9d6b99b6f84fd58738cba914255438.php 第 103 行.
INFO: Run Behavior\ParseTemplateBehavior [ RunTime:0.008618s ]
INFO: [ view_parse ] --END-- [ RunTime:0.008656s ]
INFO: [ view_filter ] --START--
INFO: Run Behavior\WriteHtmlCacheBehavior [ RunTime:0.000617s ]
INFO: [ view_filter ] --END-- [ RunTime:0.000648s ]
INFO: [ app_end ] --START--
INFO: Run Behavior\ShowPageTraceBehavior [ RunTime:0.001027s ]
INFO: [ app_end ] --END-- [ RunTime:0.001078s ]

[ 2016-09-01T14:57:12+08:00 ] ::1 /attendance/index.php/Teacher/Course/index.html
INFO: [ app_init ] --START--
INFO: Run Behavior\BuildLiteBehavior [ RunTime:0.000022s ]
INFO: [ app_init ] --END-- [ RunTime:0.001341s ]
INFO: [ app_begin ] --START--
INFO: Run Behavior\ReadHtmlCacheBehavior [ RunTime:0.001437s ]
INFO: [ app_begin ] --END-- [ RunTime:0.001505s ]
SQL: SHOW COLUMNS FROM `kaoqin_course` [ RunTime:0.0057s ]
SQL: SELECT * FROM `kaoqin_course` WHERE ( tid='123' )  [ RunTime:0.0006s ]
INFO: [ view_parse ] --START--
INFO: [ template_filter ] --START--
INFO: Run Behavior\ContentReplaceBehavior [ RunTime:0.000066s ]
INFO: [ template_filter ] --END-- [ RunTime:0.000134s ]
NOTIC: [8] Undefined variable: stu_data D:\www\Apache24\htdocs\attendance\Application\Runtime\Cache\Teacher\1e9d6b99b6f84fd58738cba914255438.php 第 102 行.
NOTIC: [8] Undefined variable: stu_data D:\www\Apache24\htdocs\attendance\Application\Runtime\Cache\Teacher\1e9d6b99b6f84fd58738cba914255438.php 第 103 行.
INFO: Run Behavior\ParseTemplateBehavior [ RunTime:0.011009s ]
INFO: [ view_parse ] --END-- [ RunTime:0.011073s ]
INFO: [ view_filter ] --START--
INFO: Run Behavior\WriteHtmlCacheBehavior [ RunTime:0.001011s ]
INFO: [ view_filter ] --END-- [ RunTime:0.001090s ]
INFO: [ app_end ] --START--
INFO: Run Behavior\ShowPageTraceBehavior [ RunTime:0.001375s ]
INFO: [ app_end ] --END-- [ RunTime:0.001463s ]

[ 2016-09-01T14:58:38+08:00 ] ::1 /attendance/index.php/Teacher/Course/index.html
INFO: [ app_init ] --START--
INFO: Run Behavior\BuildLiteBehavior [ RunTime:0.000083s ]
INFO: [ app_init ] --END-- [ RunTime:0.000920s ]
INFO: [ app_begin ] --START--
INFO: Run Behavior\ReadHtmlCacheBehavior [ RunTime:0.000582s ]
INFO: [ app_begin ] --END-- [ RunTime:0.000628s ]
SQL: SHOW COLUMNS FROM `kaoqin_course` [ RunTime:0.0019s ]
SQL: SELECT * FROM `kaoqin_course` WHERE ( tid='123' )  [ RunTime:0.0008s ]
INFO: [ view_parse ] --START--
INFO: [ template_filter ] --START--
INFO: Run Behavior\ContentReplaceBehavior [ RunTime:0.000054s ]
INFO: [ template_filter ] --END-- [ RunTime:0.000105s ]
NOTIC: [8] Undefined variable: stu_data D:\www\Apache24\htdocs\attendance\Application\Runtime\Cache\Teacher\1e9d6b99b6f84fd58738cba914255438.php 第 102 行.
NOTIC: [8] Undefined variable: stu_data D:\www\Apache24\htdocs\attendance\Application\Runtime\Cache\Teacher\1e9d6b99b6f84fd58738cba914255438.php 第 103 行.
INFO: Run Behavior\ParseTemplateBehavior [ RunTime:0.009794s ]
INFO: [ view_parse ] --END-- [ RunTime:0.009837s ]
INFO: [ view_filter ] --START--
INFO: Run Behavior\WriteHtmlCacheBehavior [ RunTime:0.000414s ]
INFO: [ view_filter ] --END-- [ RunTime:0.000442s ]
INFO: [ app_end ] --START--
INFO: Run Behavior\ShowPageTraceBehavior [ RunTime:0.000635s ]
INFO: [ app_end ] --END-- [ RunTime:0.000667s ]

[ 2016-09-01T14:59:24+08:00 ] ::1 /attendance/index.php/Teacher/Course/index.html
INFO: [ app_init ] --START--
INFO: Run Behavior\BuildLiteBehavior [ RunTime:0.000038s ]
INFO: [ app_init ] --END-- [ RunTime:0.000777s ]
INFO: [ app_begin ] --START--
INFO: Run Behavior\ReadHtmlCacheBehavior [ RunTime:0.000910s ]
INFO: [ app_begin ] --END-- [ RunTime:0.000986s ]
SQL: SHOW COLUMNS FROM `kaoqin_course` [ RunTime:0.0009s ]
SQL: SELECT * FROM `kaoqin_course` WHERE ( tid='123' )  [ RunTime:0.0024s ]
INFO: [ view_parse ] --START--
INFO: [ template_filter ] --START--
INFO: Run Behavior\ContentReplaceBehavior [ RunTime:0.000062s ]
INFO: [ template_filter ] --END-- [ RunTime:0.000131s ]
NOTIC: [8] Undefined variable: stu_data D:\www\Apache24\htdocs\attendance\Application\Runtime\Cache\Teacher\1e9d6b99b6f84fd58738cba914255438.php 第 102 行.
NOTIC: [8] Undefined variable: stu_data D:\www\Apache24\htdocs\attendance\Application\Runtime\Cache\Teacher\1e9d6b99b6f84fd58738cba914255438.php 第 103 行.
INFO: Run Behavior\ParseTemplateBehavior [ RunTime:0.022886s ]
INFO: [ view_parse ] --END-- [ RunTime:0.023068s ]
INFO: [ view_filter ] --START--
INFO: Run Behavior\WriteHtmlCacheBehavior [ RunTime:0.000756s ]
INFO: [ view_filter ] --END-- [ RunTime:0.000806s ]
INFO: [ app_end ] --START--
INFO: Run Behavior\ShowPageTraceBehavior [ RunTime:0.001066s ]
INFO: [ app_end ] --END-- [ RunTime:0.001121s ]

[ 2016-09-01T14:59:54+08:00 ] ::1 /attendance/index.php/Teacher/Course/index.html
INFO: [ app_init ] --START--
INFO: Run Behavior\BuildLiteBehavior [ RunTime:0.000092s ]
INFO: [ app_init ] --END-- [ RunTime:0.001970s ]
INFO: [ app_begin ] --START--
INFO: Run Behavior\ReadHtmlCacheBehavior [ RunTime:0.001111s ]
INFO: [ app_begin ] --END-- [ RunTime:0.001201s ]
SQL: SHOW COLUMNS FROM `kaoqin_course` [ RunTime:0.0031s ]
SQL: SELECT * FROM `kaoqin_course` WHERE ( tid='123' )  [ RunTime:0.0006s ]
INFO: [ view_parse ] --START--
INFO: [ template_filter ] --START--
INFO: Run Behavior\ContentReplaceBehavior [ RunTime:0.000052s ]
INFO: [ template_filter ] --END-- [ RunTime:0.000106s ]
NOTIC: [8] Undefined variable: stu_data D:\www\Apache24\htdocs\attendance\Application\Runtime\Cache\Teacher\1e9d6b99b6f84fd58738cba914255438.php 第 102 行.
NOTIC: [8] Undefined variable: stu_data D:\www\Apache24\htdocs\attendance\Application\Runtime\Cache\Teacher\1e9d6b99b6f84fd58738cba914255438.php 第 103 行.
INFO: Run Behavior\ParseTemplateBehavior [ RunTime:0.010772s ]
INFO: [ view_parse ] --END-- [ RunTime:0.010861s ]
INFO: [ view_filter ] --START--
INFO: Run Behavior\WriteHtmlCacheBehavior [ RunTime:0.000478s ]
INFO: [ view_filter ] --END-- [ RunTime:0.000523s ]
INFO: [ app_end ] --START--
INFO: Run Behavior\ShowPageTraceBehavior [ RunTime:0.000913s ]
INFO: [ app_end ] --END-- [ RunTime:0.000957s ]

[ 2016-09-01T15:03:18+08:00 ] ::1 /attendance/index.php/Teacher/Course/index.html
INFO: [ app_init ] --START--
INFO: Run Behavior\BuildLiteBehavior [ RunTime:0.000009s ]
INFO: [ app_init ] --END-- [ RunTime:0.000405s ]
INFO: [ app_begin ] --START--
INFO: Run Behavior\ReadHtmlCacheBehavior [ RunTime:0.000481s ]
INFO: [ app_begin ] --END-- [ RunTime:0.000517s ]
SQL: SHOW COLUMNS FROM `kaoqin_course` [ RunTime:0.0054s ]
SQL: SELECT * FROM `kaoqin_course` WHERE ( tid='12345' )  [ RunTime:0.0003s ]
INFO: [ view_parse ] --START--
INFO: [ template_filter ] --START--
INFO: Run Behavior\ContentReplaceBehavior [ RunTime:0.000054s ]
INFO: [ template_filter ] --END-- [ RunTime:0.000110s ]
NOTIC: [8] Undefined variable: stu_data D:\www\Apache24\htdocs\attendance\Application\Runtime\Cache\Teacher\1e9d6b99b6f84fd58738cba914255438.php 第 102 行.
NOTIC: [8] Undefined variable: stu_data D:\www\Apache24\htdocs\attendance\Application\Runtime\Cache\Teacher\1e9d6b99b6f84fd58738cba914255438.php 第 103 行.
INFO: Run Behavior\ParseTemplateBehavior [ RunTime:0.007377s ]
INFO: [ view_parse ] --END-- [ RunTime:0.007423s ]
INFO: [ view_filter ] --START--
INFO: Run Behavior\WriteHtmlCacheBehavior [ RunTime:0.000442s ]
INFO: [ view_filter ] --END-- [ RunTime:0.000488s ]
INFO: [ app_end ] --START--
INFO: Run Behavior\ShowPageTraceBehavior [ RunTime:0.000836s ]
INFO: [ app_end ] --END-- [ RunTime:0.000876s ]

